#
# There is insufficient memory for the Java Runtime Environment to continue.
# Native memory allocation (malloc) failed to allocate 65280 bytes for Chunk::new
# Possible reasons:
#   The system is out of physical RAM or swap space
#   The process is running with CompressedOops enabled, and the Java Heap may be blocking the growth of the native heap
# Possible solutions:
#   Reduce memory load on the system
#   Increase physical memory or swap space
#   Check if swap backing store is full
#   Decrease Java heap size (-Xmx/-Xms)
#   Decrease number of Java threads
#   Decrease Java thread stack sizes (-Xss)
#   Set larger code cache with -XX:ReservedCodeCacheSize=
#   JVM is running with Unscaled Compressed Oops mode in which the Java heap is
#     placed in the first 4GB address space. The Java Heap base address is the
#     maximum limit for the native heap growth. Please use -XX:HeapBaseMinAddress
#     to set the Java Heap base and to place the Java Heap above 4GB virtual address.
# This output file may be truncated or incomplete.
#
#  Out of Memory Error (./open/src/hotspot/share/memory/arena.cpp:195), pid=24628, tid=7684
#
# JRE version: OpenJDK Runtime Environment (15.0.2+7) (build 15.0.2+7-27)
# Java VM: OpenJDK 64-Bit Server VM (15.0.2+7-27, mixed mode, tiered, compressed oops, g1 gc, windows-amd64)
# No core dump will be written. Minidumps are not enabled by default on client versions of Windows
#

---------------  S U M M A R Y ------------

Command Line: -Dfile.encoding=UTF-8 -XX:+ShowCodeDetailsInExceptionMessages com.ecommerce.springboot.SpringBootEcommerceApplication

Host: AMD Ryzen 3 3250U with Radeon Graphics         , 4 cores, 3G,  Windows 10 , 64 bit Build 19041 (10.0.19041.1466)
Time: Fri May  6 18:27:38 2022 India Standard Time elapsed time: 1671.191662 seconds (0d 0h 27m 51s)

---------------  T H R E A D  ---------------

Current thread (0x0000025c79e33f00):  JavaThread "C2 CompilerThread0" daemon [_thread_in_native, id=7684, stack(0x0000007302900000,0x0000007302a00000)]


Current CompileTask:
C2:1671191 10130       4       org.springframework.core.annotation.AnnotationsScanner::process (43 bytes)

Stack: [0x0000007302900000,0x0000007302a00000]
Native frames: (J=compiled Java code, j=interpreted, Vv=VM code, C=native code)
V  [jvm.dll+0x62ae9a]
V  [jvm.dll+0x7817a9]
V  [jvm.dll+0x782f03]
V  [jvm.dll+0x783563]
V  [jvm.dll+0x216325]
V  [jvm.dll+0x97f3a]
V  [jvm.dll+0x9861c]
V  [jvm.dll+0x313dca]
V  [jvm.dll+0x6e8a46]
V  [jvm.dll+0x53c311]
V  [jvm.dll+0x539def]
V  [jvm.dll+0x539ad9]
V  [jvm.dll+0x539b30]
V  [jvm.dll+0x5399c0]
V  [jvm.dll+0x5399c0]
V  [jvm.dll+0x539b30]
V  [jvm.dll+0x5399c0]
V  [jvm.dll+0x539b30]
V  [jvm.dll+0x539b30]
V  [jvm.dll+0x541072]
V  [jvm.dll+0x1f3124]
V  [jvm.dll+0x1ecaf1]
V  [jvm.dll+0x1e9867]
V  [jvm.dll+0x178567]
V  [jvm.dll+0x1f9225]
V  [jvm.dll+0x1f72cc]
V  [jvm.dll+0x74495d]
V  [jvm.dll+0x73d75a]
V  [jvm.dll+0x629c56]
C  [ucrtbase.dll+0x21bb2]
C  [KERNEL32.DLL+0x17034]
C  [ntdll.dll+0x52651]


---------------  P R O C E S S  ---------------

Threads class SMR info:
_java_thread_list=0x0000025c7e053650, length=28, elements={
0x0000025c79dec130, 0x0000025c79ded3b0, 0x0000025c79e25770, 0x0000025c79e27230,
0x0000025c79e28480, 0x0000025c79e33f00, 0x0000025c79e34aa0, 0x0000025c79e1cff0,
0x0000025c7a0b6020, 0x0000025c7a0bc820, 0x0000025c7dc326f0, 0x0000025c7dc33090,
0x0000025c7dc31d50, 0x0000025c7dc30070, 0x0000025c7dc30a10, 0x0000025c7dc30540,
0x0000025c7dc313b0, 0x0000025c7dc31880, 0x0000025c7dc32220, 0x0000025c7dc32bc0,
0x0000025c7dc33560, 0x0000025c7dc2fba0, 0x0000025c7ef9aa00, 0x0000025c7ef9c210,
0x0000025c7ef9d080, 0x0000025c7ef9c6e0, 0x0000025c7ef9cbb0, 0x0000025c7ef9da20
}

Java Threads: ( => current thread )
  0x0000025c79dec130 JavaThread "Reference Handler" daemon [_thread_blocked, id=28620, stack(0x0000007302400000,0x0000007302500000)]
  0x0000025c79ded3b0 JavaThread "Finalizer" daemon [_thread_blocked, id=6268, stack(0x0000007302500000,0x0000007302600000)]
  0x0000025c79e25770 JavaThread "Signal Dispatcher" daemon [_thread_blocked, id=25772, stack(0x0000007302600000,0x0000007302700000)]
  0x0000025c79e27230 JavaThread "Attach Listener" daemon [_thread_blocked, id=6460, stack(0x0000007302700000,0x0000007302800000)]
  0x0000025c79e28480 JavaThread "Service Thread" daemon [_thread_blocked, id=26912, stack(0x0000007302800000,0x0000007302900000)]
=>0x0000025c79e33f00 JavaThread "C2 CompilerThread0" daemon [_thread_in_native, id=7684, stack(0x0000007302900000,0x0000007302a00000)]
  0x0000025c79e34aa0 JavaThread "C1 CompilerThread0" daemon [_thread_blocked, id=13692, stack(0x0000007302a00000,0x0000007302b00000)]
  0x0000025c79e1cff0 JavaThread "Sweeper thread" daemon [_thread_blocked, id=19528, stack(0x0000007302b00000,0x0000007302c00000)]
  0x0000025c7a0b6020 JavaThread "Notification Thread" daemon [_thread_blocked, id=27672, stack(0x0000007302c00000,0x0000007302d00000)]
  0x0000025c7a0bc820 JavaThread "Common-Cleaner" daemon [_thread_blocked, id=5920, stack(0x0000007302e00000,0x0000007302f00000)]
  0x0000025c7dc326f0 JavaThread "Catalina-utility-1" [_thread_blocked, id=27332, stack(0x0000007303100000,0x0000007303200000)]
  0x0000025c7dc33090 JavaThread "Catalina-utility-2" [_thread_blocked, id=25356, stack(0x0000007303400000,0x0000007303500000)]
  0x0000025c7dc31d50 JavaThread "container-0" [_thread_blocked, id=29224, stack(0x0000007303500000,0x0000007303600000)]
  0x0000025c7dc30070 JavaThread "mysql-cj-abandoned-connection-cleanup" daemon [_thread_blocked, id=28548, stack(0x0000007303600000,0x0000007303700000)]
  0x0000025c7dc30a10 JavaThread "HikariPool-1 housekeeper" daemon [_thread_blocked, id=28668, stack(0x0000007303800000,0x0000007303900000)]
  0x0000025c7dc30540 JavaThread "http-nio-8081-exec-1" daemon [_thread_blocked, id=21260, stack(0x0000007303900000,0x0000007303a00000)]
  0x0000025c7dc313b0 JavaThread "http-nio-8081-exec-2" daemon [_thread_blocked, id=26660, stack(0x0000007303a00000,0x0000007303b00000)]
  0x0000025c7dc31880 JavaThread "http-nio-8081-exec-3" daemon [_thread_blocked, id=23748, stack(0x0000007303b00000,0x0000007303c00000)]
  0x0000025c7dc32220 JavaThread "http-nio-8081-exec-4" daemon [_thread_blocked, id=21572, stack(0x0000007303c00000,0x0000007303d00000)]
  0x0000025c7dc32bc0 JavaThread "http-nio-8081-exec-5" daemon [_thread_blocked, id=25032, stack(0x0000007303d00000,0x0000007303e00000)]
  0x0000025c7dc33560 JavaThread "http-nio-8081-exec-6" daemon [_thread_in_native, id=16496, stack(0x0000007303e00000,0x0000007303f00000)]
  0x0000025c7dc2fba0 JavaThread "http-nio-8081-exec-7" daemon [_thread_blocked, id=22968, stack(0x0000007303f00000,0x0000007304000000)]
  0x0000025c7ef9aa00 JavaThread "http-nio-8081-exec-8" daemon [_thread_blocked, id=27928, stack(0x0000007304000000,0x0000007304100000)]
  0x0000025c7ef9c210 JavaThread "http-nio-8081-exec-9" daemon [_thread_blocked, id=19888, stack(0x0000007304100000,0x0000007304200000)]
  0x0000025c7ef9d080 JavaThread "http-nio-8081-exec-10" daemon [_thread_blocked, id=19304, stack(0x0000007304200000,0x0000007304300000)]
  0x0000025c7ef9c6e0 JavaThread "http-nio-8081-Poller" daemon [_thread_in_native, id=5408, stack(0x0000007304300000,0x0000007304400000)]
  0x0000025c7ef9cbb0 JavaThread "http-nio-8081-Acceptor" daemon [_thread_in_native, id=9852, stack(0x0000007304400000,0x0000007304500000)]
  0x0000025c7ef9da20 JavaThread "DestroyJavaVM" [_thread_blocked, id=18124, stack(0x0000007301d00000,0x0000007301e00000)]

Other Threads:
  0x0000025c79d8f970 VMThread "VM Thread" [stack: 0x0000007302300000,0x0000007302400000] [id=29664]
  0x0000025c7a0b8500 WatcherThread [stack: 0x0000007302d00000,0x0000007302e00000] [id=26756]
  0x0000025c7170d4d0 GCTaskThread "GC Thread#0" [stack: 0x0000007301e00000,0x0000007301f00000] [id=28288]
  0x0000025c7a4919d0 GCTaskThread "GC Thread#1" [stack: 0x0000007302f00000,0x0000007303000000] [id=8188]
  0x0000025c7a494340 GCTaskThread "GC Thread#2" [stack: 0x0000007303200000,0x0000007303300000] [id=7848]
  0x0000025c7a494010 GCTaskThread "GC Thread#3" [stack: 0x0000007303300000,0x0000007303400000] [id=12548]
  0x0000025c71716470 ConcurrentGCThread "G1 Main Marker" [stack: 0x0000007301f00000,0x0000007302000000] [id=29248]
  0x0000025c71717060 ConcurrentGCThread "G1 Conc#0" [stack: 0x0000007302000000,0x0000007302100000] [id=27692]
  0x0000025c717518b0 ConcurrentGCThread "G1 Refine#0" [stack: 0x0000007302100000,0x0000007302200000] [id=20708]
  0x0000025c7a755850 ConcurrentGCThread "G1 Refine#1" [stack: 0x0000007303000000,0x0000007303100000] [id=27604]
  0x0000025c7d5e2910 ConcurrentGCThread "G1 Refine#2" [stack: 0x0000007301a00000,0x0000007301b00000] [id=24180]
  0x0000025c7d5e2c70 ConcurrentGCThread "G1 Refine#3" [stack: 0x0000007301b00000,0x0000007301c00000] [id=21360]
  0x0000025c71753200 ConcurrentGCThread "G1 Young RemSet Sampling" [stack: 0x0000007302200000,0x0000007302300000] [id=15352]

Threads with active compile tasks:
C2 CompilerThread0  1671292 10130       4       org.springframework.core.annotation.AnnotationsScanner::process (43 bytes)

VM state: not at safepoint (normal execution)

VM Mutex/Monitor currently owned by a thread: None

Heap address: 0x00000000c8e00000, size: 882 MB, Compressed Oops mode: 32-bit
CDS disabled.
Compressed class space mapped at: 0x0000000100000000-0x0000000140000000, size: 1073741824
Narrow klass base: 0x0000000000000000, Narrow klass shift: 3, Narrow klass range: 0x140000000

GC Precious Log:
 CPUs: 4 total, 4 available
 Memory: 3526M
 Large Page Support: Disabled
 NUMA Support: Disabled
 Compressed Oops: Enabled (32-bit)
 Heap Region Size: 1M
 Heap Min Capacity: 8M
 Heap Initial Capacity: 56M
 Heap Max Capacity: 882M
 Pre-touch: Disabled
 Parallel Workers: 4
 Concurrent Workers: 1
 Concurrent Refinement Workers: 4
 Periodic GC: Disabled

Heap:
 garbage-first heap   total 72704K, used 33289K [0x00000000c8e00000, 0x0000000100000000)
  region size 1024K, 7 young (7168K), 1 survivors (1024K)
 Metaspace       used 75429K, capacity 76003K, committed 76236K, reserved 1116160K
  class space    used 8952K, capacity 9161K, committed 9216K, reserved 1048576K

Heap Regions: E=young(eden), S=young(survivor), O=old, HS=humongous(starts), HC=humongous(continues), CS=collection set, F=free, OA=open archive, CA=closed archive, TAMS=top-at-mark-start (previous, next)
|   0|0x00000000c8e00000, 0x00000000c8f00000, 0x00000000c8f00000|100%|HS|  |TAMS 0x00000000c8f00000, 0x00000000c8e00000| Complete 
|   1|0x00000000c8f00000, 0x00000000c9000000, 0x00000000c9000000|100%| O|  |TAMS 0x00000000c9000000, 0x00000000c8f00000| Untracked 
|   2|0x00000000c9000000, 0x00000000c9100000, 0x00000000c9100000|100%| O|  |TAMS 0x00000000c9100000, 0x00000000c9000000| Untracked 
|   3|0x00000000c9100000, 0x00000000c9200000, 0x00000000c9200000|100%| O|  |TAMS 0x00000000c9200000, 0x00000000c9100000| Untracked 
|   4|0x00000000c9200000, 0x00000000c9300000, 0x00000000c9300000|100%| O|  |TAMS 0x00000000c9300000, 0x00000000c9200000| Untracked 
|   5|0x00000000c9300000, 0x00000000c93fa800, 0x00000000c9400000| 97%| O|  |TAMS 0x00000000c93fa800, 0x00000000c9300000| Untracked 
|   6|0x00000000c9400000, 0x00000000c9500000, 0x00000000c9500000|100%| O|  |TAMS 0x00000000c9500000, 0x00000000c9400000| Untracked 
|   7|0x00000000c9500000, 0x00000000c9600000, 0x00000000c9600000|100%| O|  |TAMS 0x00000000c9600000, 0x00000000c9500000| Untracked 
|   8|0x00000000c9600000, 0x00000000c9700000, 0x00000000c9700000|100%| O|  |TAMS 0x00000000c9700000, 0x00000000c9600000| Untracked 
|   9|0x00000000c9700000, 0x00000000c9800000, 0x00000000c9800000|100%| O|  |TAMS 0x00000000c9800000, 0x00000000c9700000| Untracked 
|  10|0x00000000c9800000, 0x00000000c9900000, 0x00000000c9900000|100%| O|  |TAMS 0x00000000c9800000, 0x00000000c9800000| Untracked 
|  11|0x00000000c9900000, 0x00000000c9a00000, 0x00000000c9a00000|100%| O|  |TAMS 0x00000000c9a00000, 0x00000000c9900000| Untracked 
|  12|0x00000000c9a00000, 0x00000000c9b00000, 0x00000000c9b00000|100%| O|  |TAMS 0x00000000c9a00000, 0x00000000c9a00000| Untracked 
|  13|0x00000000c9b00000, 0x00000000c9c00000, 0x00000000c9c00000|100%| O|  |TAMS 0x00000000c9b00000, 0x00000000c9b00000| Untracked 
|  14|0x00000000c9c00000, 0x00000000c9d00000, 0x00000000c9d00000|100%| O|  |TAMS 0x00000000c9c00000, 0x00000000c9c00000| Untracked 
|  15|0x00000000c9d00000, 0x00000000c9e00000, 0x00000000c9e00000|100%| O|  |TAMS 0x00000000c9d00000, 0x00000000c9d00000| Untracked 
|  16|0x00000000c9e00000, 0x00000000c9f00000, 0x00000000c9f00000|100%| O|  |TAMS 0x00000000c9f00000, 0x00000000c9e00000| Untracked 
|  17|0x00000000c9f00000, 0x00000000c9f00000, 0x00000000ca000000|  0%| F|  |TAMS 0x00000000c9f00000, 0x00000000c9f00000| Untracked 
|  18|0x00000000ca000000, 0x00000000ca100000, 0x00000000ca100000|100%| O|  |TAMS 0x00000000ca100000, 0x00000000ca000000| Untracked 
|  19|0x00000000ca100000, 0x00000000ca100000, 0x00000000ca200000|  0%| F|  |TAMS 0x00000000ca100000, 0x00000000ca100000| Untracked 
|  20|0x00000000ca200000, 0x00000000ca300000, 0x00000000ca300000|100%| O|  |TAMS 0x00000000ca300000, 0x00000000ca200000| Untracked 
|  21|0x00000000ca300000, 0x00000000ca300000, 0x00000000ca400000|  0%| F|  |TAMS 0x00000000ca300000, 0x00000000ca300000| Untracked 
|  22|0x00000000ca400000, 0x00000000ca400000, 0x00000000ca500000|  0%| F|  |TAMS 0x00000000ca400000, 0x00000000ca400000| Untracked 
|  23|0x00000000ca500000, 0x00000000ca600000, 0x00000000ca600000|100%| O|  |TAMS 0x00000000ca500000, 0x00000000ca500000| Untracked 
|  24|0x00000000ca600000, 0x00000000ca600000, 0x00000000ca700000|  0%| F|  |TAMS 0x00000000ca600000, 0x00000000ca600000| Untracked 
|  25|0x00000000ca700000, 0x00000000ca800000, 0x00000000ca800000|100%| O|  |TAMS 0x00000000ca700000, 0x00000000ca700000| Untracked 
|  26|0x00000000ca800000, 0x00000000ca900000, 0x00000000ca900000|100%| O|  |TAMS 0x00000000ca800000, 0x00000000ca800000| Untracked 
|  27|0x00000000ca900000, 0x00000000caa00000, 0x00000000caa00000|100%| O|  |TAMS 0x00000000ca900000, 0x00000000ca900000| Untracked 
|  28|0x00000000caa00000, 0x00000000cab00000, 0x00000000cab00000|100%| O|  |TAMS 0x00000000caa00000, 0x00000000caa00000| Untracked 
|  29|0x00000000cab00000, 0x00000000cac00000, 0x00000000cac00000|100%| O|  |TAMS 0x00000000cab00000, 0x00000000cab00000| Untracked 
|  30|0x00000000cac00000, 0x00000000cac2e000, 0x00000000cad00000| 17%| O|  |TAMS 0x00000000cac00000, 0x00000000cac00000| Untracked 
|  31|0x00000000cad00000, 0x00000000cad00000, 0x00000000cae00000|  0%| F|  |TAMS 0x00000000cad00000, 0x00000000cad00000| Untracked 
|  32|0x00000000cae00000, 0x00000000cae00000, 0x00000000caf00000|  0%| F|  |TAMS 0x00000000cae00000, 0x00000000cae00000| Untracked 
|  33|0x00000000caf00000, 0x00000000caf00000, 0x00000000cb000000|  0%| F|  |TAMS 0x00000000caf00000, 0x00000000caf00000| Untracked 
|  34|0x00000000cb000000, 0x00000000cb000000, 0x00000000cb100000|  0%| F|  |TAMS 0x00000000cb000000, 0x00000000cb000000| Untracked 
|  35|0x00000000cb100000, 0x00000000cb200000, 0x00000000cb200000|100%| O|  |TAMS 0x00000000cb200000, 0x00000000cb100000| Untracked 
|  36|0x00000000cb200000, 0x00000000cb300000, 0x00000000cb300000|100%| O|  |TAMS 0x00000000cb300000, 0x00000000cb200000| Untracked 
|  37|0x00000000cb300000, 0x00000000cb359eb8, 0x00000000cb400000| 35%| S|CS|TAMS 0x00000000cb300000, 0x00000000cb300000| Complete 
|  38|0x00000000cb400000, 0x00000000cb400000, 0x00000000cb500000|  0%| F|  |TAMS 0x00000000cb400000, 0x00000000cb400000| Untracked 
|  39|0x00000000cb500000, 0x00000000cb500000, 0x00000000cb600000|  0%| F|  |TAMS 0x00000000cb500000, 0x00000000cb500000| Untracked 
|  40|0x00000000cb600000, 0x00000000cb700000, 0x00000000cb700000|100%| O|  |TAMS 0x00000000cb6bcc00, 0x00000000cb600000| Untracked 
|  41|0x00000000cb700000, 0x00000000cb700000, 0x00000000cb800000|  0%| F|  |TAMS 0x00000000cb700000, 0x00000000cb700000| Untracked 
|  42|0x00000000cb800000, 0x00000000cb800000, 0x00000000cb900000|  0%| F|  |TAMS 0x00000000cb800000, 0x00000000cb800000| Untracked 
|  43|0x00000000cb900000, 0x00000000cb900000, 0x00000000cba00000|  0%| F|  |TAMS 0x00000000cb900000, 0x00000000cb900000| Untracked 
|  44|0x00000000cba00000, 0x00000000cba00000, 0x00000000cbb00000|  0%| F|  |TAMS 0x00000000cba00000, 0x00000000cba00000| Untracked 
|  45|0x00000000cbb00000, 0x00000000cbb00000, 0x00000000cbc00000|  0%| F|  |TAMS 0x00000000cbb00000, 0x00000000cbb00000| Untracked 
|  46|0x00000000cbc00000, 0x00000000cbc00000, 0x00000000cbd00000|  0%| F|  |TAMS 0x00000000cbc00000, 0x00000000cbc00000| Untracked 
|  47|0x00000000cbd00000, 0x00000000cbd00000, 0x00000000cbe00000|  0%| F|  |TAMS 0x00000000cbd00000, 0x00000000cbd00000| Untracked 
|  48|0x00000000cbe00000, 0x00000000cbe00000, 0x00000000cbf00000|  0%| F|  |TAMS 0x00000000cbe00000, 0x00000000cbe00000| Untracked 
|  49|0x00000000cbf00000, 0x00000000cbf00000, 0x00000000cc000000|  0%| F|  |TAMS 0x00000000cbf00000, 0x00000000cbf00000| Untracked 
|  50|0x00000000cc000000, 0x00000000cc000000, 0x00000000cc100000|  0%| F|  |TAMS 0x00000000cc000000, 0x00000000cc000000| Untracked 
|  51|0x00000000cc100000, 0x00000000cc100000, 0x00000000cc200000|  0%| F|  |TAMS 0x00000000cc100000, 0x00000000cc100000| Untracked 
|  52|0x00000000cc200000, 0x00000000cc200000, 0x00000000cc300000|  0%| F|  |TAMS 0x00000000cc200000, 0x00000000cc200000| Untracked 
|  53|0x00000000cc300000, 0x00000000cc300000, 0x00000000cc400000|  0%| F|  |TAMS 0x00000000cc300000, 0x00000000cc300000| Untracked 
|  54|0x00000000cc400000, 0x00000000cc400000, 0x00000000cc500000|  0%| F|  |TAMS 0x00000000cc400000, 0x00000000cc400000| Untracked 
|  55|0x00000000cc500000, 0x00000000cc500000, 0x00000000cc600000|  0%| F|  |TAMS 0x00000000cc500000, 0x00000000cc500000| Untracked 
|  56|0x00000000cc600000, 0x00000000cc600000, 0x00000000cc700000|  0%| F|  |TAMS 0x00000000cc600000, 0x00000000cc600000| Untracked 
|  57|0x00000000cc700000, 0x00000000cc700000, 0x00000000cc800000|  0%| F|  |TAMS 0x00000000cc700000, 0x00000000cc700000| Untracked 
|  58|0x00000000cc800000, 0x00000000cc800000, 0x00000000cc900000|  0%| F|  |TAMS 0x00000000cc800000, 0x00000000cc800000| Untracked 
|  59|0x00000000cc900000, 0x00000000cc900000, 0x00000000cca00000|  0%| F|  |TAMS 0x00000000cc900000, 0x00000000cc900000| Untracked 
|  60|0x00000000cca00000, 0x00000000cca00000, 0x00000000ccb00000|  0%| F|  |TAMS 0x00000000cca00000, 0x00000000cca00000| Untracked 
|  61|0x00000000ccb00000, 0x00000000ccb00000, 0x00000000ccc00000|  0%| F|  |TAMS 0x00000000ccb00000, 0x00000000ccb00000| Untracked 
|  62|0x00000000ccc00000, 0x00000000ccc00000, 0x00000000ccd00000|  0%| F|  |TAMS 0x00000000ccc00000, 0x00000000ccc00000| Untracked 
|  63|0x00000000ccd00000, 0x00000000ccd00000, 0x00000000cce00000|  0%| F|  |TAMS 0x00000000ccd00000, 0x00000000ccd00000| Untracked 
|  64|0x00000000cce00000, 0x00000000cce00000, 0x00000000ccf00000|  0%| F|  |TAMS 0x00000000cce00000, 0x00000000cce00000| Untracked 
|  65|0x00000000ccf00000, 0x00000000ccf94ca0, 0x00000000cd000000| 58%| E|  |TAMS 0x00000000ccf00000, 0x00000000ccf00000| Complete 
|  66|0x00000000cd000000, 0x00000000cd100000, 0x00000000cd100000|100%| E|CS|TAMS 0x00000000cd000000, 0x00000000cd000000| Complete 
|  67|0x00000000cd100000, 0x00000000cd200000, 0x00000000cd200000|100%| E|CS|TAMS 0x00000000cd100000, 0x00000000cd100000| Complete 
|  68|0x00000000cd200000, 0x00000000cd300000, 0x00000000cd300000|100%| E|CS|TAMS 0x00000000cd200000, 0x00000000cd200000| Complete 
|  69|0x00000000cd300000, 0x00000000cd400000, 0x00000000cd400000|100%| E|  |TAMS 0x00000000cd300000, 0x00000000cd300000| Complete 
|  70|0x00000000cd400000, 0x00000000cd500000, 0x00000000cd500000|100%| E|CS|TAMS 0x00000000cd400000, 0x00000000cd400000| Complete 

Card table byte_map: [0x0000025c750f0000,0x0000025c752b0000] _byte_map_base: 0x0000025c74aa9000

Marking Bits (Prev, Next): (CMBitMap*) 0x0000025c7170ed10, (CMBitMap*) 0x0000025c7170ecd0
 Prev Bits: [0x0000025c76240000, 0x0000025c77008000)
 Next Bits: [0x0000025c75470000, 0x0000025c76238000)

Polling page: 0x0000025c6f570000

Metaspace:

Usage:
  Non-class:     65.28 MB capacity,    64.92 MB (>99%) used,   272.14 KB ( <1%) free+waste,    92.75 KB ( <1%) overhead. 
      Class:      8.95 MB capacity,     8.74 MB ( 98%) used,   176.23 KB (  2%) free+waste,    32.44 KB ( <1%) overhead. 
       Both:     74.22 MB capacity,    73.66 MB (>99%) used,   448.37 KB ( <1%) free+waste,   125.19 KB ( <1%) overhead. 

Virtual space:
  Non-class space:       66.00 MB reserved,      65.45 MB (>99%) committed 
      Class space:        1.00 GB reserved,       9.00 MB ( <1%) committed 
             Both:        1.06 GB reserved,      74.45 MB (  7%) committed 

Chunk freelists:
   Non-Class:  178.00 KB
       Class:  55.00 KB
        Both:  233.00 KB

MaxMetaspaceSize: 17179869184.00 GB
CompressedClassSpaceSize: 1.00 GB

CodeHeap 'non-profiled nmethods': size=120000Kb used=4573Kb max_used=4573Kb free=115426Kb
 bounds [0x0000025c07ad0000, 0x0000025c07f50000, 0x0000025c0f000000]
CodeHeap 'profiled nmethods': size=120000Kb used=19007Kb max_used=19007Kb free=100992Kb
 bounds [0x0000025c005a0000, 0x0000025c01830000, 0x0000025c07ad0000]
CodeHeap 'non-nmethods': size=5760Kb used=1327Kb max_used=1376Kb free=4432Kb
 bounds [0x0000025c00000000, 0x0000025c00270000, 0x0000025c005a0000]
 total_blobs=9867 nmethods=9243 adapters=535
 compilation: enabled
              stopped_count=0, restarted_count=0
 full_count=0

Compilation events (20 events):
Event: 1670.856 Thread 0x0000025c79e34aa0 10122       3       org.hibernate.loader.Loader::processDistinctKeyword (49 bytes)
Event: 1670.857 Thread 0x0000025c79e34aa0 nmethod 10122 0x0000025c0182b410 code [0x0000025c0182b680, 0x0000025c0182bfe8]
Event: 1670.857 Thread 0x0000025c79e34aa0 10123       3       org.hibernate.loader.Loader::getScrollMode (93 bytes)
Event: 1670.858 Thread 0x0000025c79e34aa0 nmethod 10123 0x0000025c0182c390 code [0x0000025c0182c5e0, 0x0000025c0182d178]
Event: 1670.859 Thread 0x0000025c79e33f00 nmethod 10090 0x0000025c07f42c90 code [0x0000025c07f42ee0, 0x0000025c07f43be0]
Event: 1670.859 Thread 0x0000025c79e33f00 10119       4       org.apache.catalina.connector.ResponseFacade::addHeader (18 bytes)
Event: 1670.864 Thread 0x0000025c79e34aa0 10127       1       sun.nio.ch.SelectionKeyImpl::setIndex (6 bytes)
Event: 1670.864 Thread 0x0000025c79e34aa0 nmethod 10127 0x0000025c07f44790 code [0x0000025c07f44920, 0x0000025c07f449d8]
Event: 1670.869 Thread 0x0000025c79e34aa0 10128       1       java.net.InetSocketAddress$InetSocketAddressHolder::getAddress (5 bytes)
Event: 1670.869 Thread 0x0000025c79e34aa0 nmethod 10128 0x0000025c07f44a90 code [0x0000025c07f44c20, 0x0000025c07f44cd8]
Event: 1670.892 Thread 0x0000025c79e34aa0 10129       3       java.util.ArrayList::sort (45 bytes)
Event: 1670.892 Thread 0x0000025c79e34aa0 nmethod 10129 0x0000025c0182d590 code [0x0000025c0182d740, 0x0000025c0182d998]
Event: 1670.907 Thread 0x0000025c79e33f00 nmethod 10119 0x0000025c07f44d90 code [0x0000025c07f44fe0, 0x0000025c07f461b0]
Event: 1670.909 Thread 0x0000025c79e33f00 10130       4       org.springframework.core.annotation.AnnotationsScanner::process (43 bytes)
Event: 1670.923 Thread 0x0000025c79e34aa0 10131       3       java.net.InetAddress::<init> (21 bytes)
Event: 1670.924 Thread 0x0000025c79e34aa0 nmethod 10131 0x0000025c0182da90 code [0x0000025c0182dc40, 0x0000025c0182df38]
Event: 1670.924 Thread 0x0000025c79e34aa0 10132       3       java.net.InetAddress$InetAddressHolder::<init> (5 bytes)
Event: 1670.924 Thread 0x0000025c79e34aa0 nmethod 10132 0x0000025c0182e090 code [0x0000025c0182e220, 0x0000025c0182e378]
Event: 1670.925 Thread 0x0000025c79e34aa0 10133       1       sun.nio.ch.SelectionKeyImpl::getIndex (5 bytes)
Event: 1670.926 Thread 0x0000025c79e34aa0 nmethod 10133 0x0000025c07f47090 code [0x0000025c07f47220, 0x0000025c07f472d8]

GC Heap History (20 events):
Event: 1659.621 GC heap before
{Heap before GC invocations=38 (full 0):
 garbage-first heap   total 72704K, used 36917K [0x00000000c8e00000, 0x0000000100000000)
  region size 1024K, 3 young (3072K), 2 survivors (2048K)
 Metaspace       used 72834K, capacity 73496K, committed 73676K, reserved 1114112K
  class space    used 8970K, capacity 9208K, committed 9216K, reserved 1048576K
}
Event: 1659.746 GC heap after
{Heap after GC invocations=39 (full 0):
 garbage-first heap   total 72704K, used 33813K [0x00000000c8e00000, 0x0000000100000000)
  region size 1024K, 1 young (1024K), 1 survivors (1024K)
 Metaspace       used 72834K, capacity 73496K, committed 73676K, reserved 1114112K
  class space    used 8970K, capacity 9208K, committed 9216K, reserved 1048576K
}
Event: 1661.910 GC heap before
{Heap before GC invocations=39 (full 0):
 garbage-first heap   total 72704K, used 56341K [0x00000000c8e00000, 0x0000000100000000)
  region size 1024K, 24 young (24576K), 1 survivors (1024K)
 Metaspace       used 73621K, capacity 74284K, committed 74444K, reserved 1114112K
  class space    used 8976K, capacity 9213K, committed 9216K, reserved 1048576K
}
Event: 1661.921 GC heap after
{Heap after GC invocations=40 (full 0):
 garbage-first heap   total 72704K, used 34287K [0x00000000c8e00000, 0x0000000100000000)
  region size 1024K, 1 young (1024K), 1 survivors (1024K)
 Metaspace       used 73621K, capacity 74284K, committed 74444K, reserved 1114112K
  class space    used 8976K, capacity 9213K, committed 9216K, reserved 1048576K
}
Event: 1663.673 GC heap before
{Heap before GC invocations=41 (full 0):
 garbage-first heap   total 72704K, used 56815K [0x00000000c8e00000, 0x0000000100000000)
  region size 1024K, 24 young (24576K), 1 survivors (1024K)
 Metaspace       used 74063K, capacity 74659K, committed 74956K, reserved 1116160K
  class space    used 8950K, capacity 9161K, committed 9216K, reserved 1048576K
}
Event: 1663.690 GC heap after
{Heap after GC invocations=42 (full 0):
 garbage-first heap   total 72704K, used 34427K [0x00000000c8e00000, 0x0000000100000000)
  region size 1024K, 1 young (1024K), 1 survivors (1024K)
 Metaspace       used 74063K, capacity 74659K, committed 74956K, reserved 1116160K
  class space    used 8950K, capacity 9161K, committed 9216K, reserved 1048576K
}
Event: 1663.773 GC heap before
{Heap before GC invocations=42 (full 0):
 garbage-first heap   total 72704K, used 35451K [0x00000000c8e00000, 0x0000000100000000)
  region size 1024K, 3 young (3072K), 1 survivors (1024K)
 Metaspace       used 74076K, capacity 74659K, committed 74956K, reserved 1116160K
  class space    used 8950K, capacity 9161K, committed 9216K, reserved 1048576K
}
Event: 1663.840 GC heap after
{Heap after GC invocations=43 (full 0):
 garbage-first heap   total 72704K, used 30900K [0x00000000c8e00000, 0x0000000100000000)
  region size 1024K, 1 young (1024K), 1 survivors (1024K)
 Metaspace       used 74076K, capacity 74659K, committed 74956K, reserved 1116160K
  class space    used 8950K, capacity 9161K, committed 9216K, reserved 1048576K
}
Event: 1663.923 GC heap before
{Heap before GC invocations=43 (full 0):
 garbage-first heap   total 72704K, used 31924K [0x00000000c8e00000, 0x0000000100000000)
  region size 1024K, 3 young (3072K), 1 survivors (1024K)
 Metaspace       used 74082K, capacity 74659K, committed 74956K, reserved 1116160K
  class space    used 8950K, capacity 9161K, committed 9216K, reserved 1048576K
}
Event: 1663.951 GC heap after
{Heap after GC invocations=44 (full 0):
 garbage-first heap   total 72704K, used 29050K [0x00000000c8e00000, 0x0000000100000000)
  region size 1024K, 1 young (1024K), 1 survivors (1024K)
 Metaspace       used 74082K, capacity 74659K, committed 74956K, reserved 1116160K
  class space    used 8950K, capacity 9161K, committed 9216K, reserved 1048576K
}
Event: 1665.524 GC heap before
{Heap before GC invocations=44 (full 0):
 garbage-first heap   total 72704K, used 56698K [0x00000000c8e00000, 0x0000000100000000)
  region size 1024K, 29 young (29696K), 1 survivors (1024K)
 Metaspace       used 74958K, capacity 75555K, committed 75980K, reserved 1116160K
  class space    used 8951K, capacity 9161K, committed 9216K, reserved 1048576K
}
Event: 1665.533 GC heap after
{Heap after GC invocations=45 (full 0):
 garbage-first heap   total 72704K, used 28937K [0x00000000c8e00000, 0x0000000100000000)
  region size 1024K, 1 young (1024K), 1 survivors (1024K)
 Metaspace       used 74958K, capacity 75555K, committed 75980K, reserved 1116160K
  class space    used 8951K, capacity 9161K, committed 9216K, reserved 1048576K
}
Event: 1666.921 GC heap before
{Heap before GC invocations=45 (full 0):
 garbage-first heap   total 72704K, used 57609K [0x00000000c8e00000, 0x0000000100000000)
  region size 1024K, 30 young (30720K), 1 survivors (1024K)
 Metaspace       used 75242K, capacity 75811K, committed 76236K, reserved 1116160K
  class space    used 8952K, capacity 9161K, committed 9216K, reserved 1048576K
}
Event: 1666.923 GC heap after
{Heap after GC invocations=46 (full 0):
 garbage-first heap   total 72704K, used 28961K [0x00000000c8e00000, 0x0000000100000000)
  region size 1024K, 1 young (1024K), 1 survivors (1024K)
 Metaspace       used 75242K, capacity 75811K, committed 76236K, reserved 1116160K
  class space    used 8952K, capacity 9161K, committed 9216K, reserved 1048576K
}
Event: 1668.302 GC heap before
{Heap before GC invocations=46 (full 0):
 garbage-first heap   total 72704K, used 58657K [0x00000000c8e00000, 0x0000000100000000)
  region size 1024K, 31 young (31744K), 1 survivors (1024K)
 Metaspace       used 75333K, capacity 75875K, committed 76236K, reserved 1116160K
  class space    used 8952K, capacity 9161K, committed 9216K, reserved 1048576K
}
Event: 1668.305 GC heap after
{Heap after GC invocations=47 (full 0):
 garbage-first heap   total 72704K, used 29141K [0x00000000c8e00000, 0x0000000100000000)
  region size 1024K, 1 young (1024K), 1 survivors (1024K)
 Metaspace       used 75333K, capacity 75875K, committed 76236K, reserved 1116160K
  class space    used 8952K, capacity 9161K, committed 9216K, reserved 1048576K
}
Event: 1669.675 GC heap before
{Heap before GC invocations=47 (full 0):
 garbage-first heap   total 72704K, used 58837K [0x00000000c8e00000, 0x0000000100000000)
  region size 1024K, 31 young (31744K), 1 survivors (1024K)
 Metaspace       used 75374K, capacity 75939K, committed 76236K, reserved 1116160K
  class space    used 8952K, capacity 9161K, committed 9216K, reserved 1048576K
}
Event: 1669.678 GC heap after
{Heap after GC invocations=48 (full 0):
 garbage-first heap   total 72704K, used 29020K [0x00000000c8e00000, 0x0000000100000000)
  region size 1024K, 1 young (1024K), 1 survivors (1024K)
 Metaspace       used 75374K, capacity 75939K, committed 76236K, reserved 1116160K
  class space    used 8952K, capacity 9161K, committed 9216K, reserved 1048576K
}
Event: 1670.901 GC heap before
{Heap before GC invocations=48 (full 0):
 garbage-first heap   total 72704K, used 59740K [0x00000000c8e00000, 0x0000000100000000)
  region size 1024K, 32 young (32768K), 1 survivors (1024K)
 Metaspace       used 75424K, capacity 76003K, committed 76236K, reserved 1116160K
  class space    used 8952K, capacity 9161K, committed 9216K, reserved 1048576K
}
Event: 1670.905 GC heap after
{Heap after GC invocations=49 (full 0):
 garbage-first heap   total 72704K, used 29193K [0x00000000c8e00000, 0x0000000100000000)
  region size 1024K, 1 young (1024K), 1 survivors (1024K)
 Metaspace       used 75424K, capacity 76003K, committed 76236K, reserved 1116160K
  class space    used 8952K, capacity 9161K, committed 9216K, reserved 1048576K
}

Deoptimization events (20 events):
Event: 1666.470 Thread 0x0000025c7dc313b0 Uncommon trap: reason=class_check action=maybe_recompile pc=0x0000025c07ebe8ac method=org.springframework.core.MethodParameter.getGenericParameterType()Ljava/lang/reflect/Type; @ 17 c2
Event: 1666.470 Thread 0x0000025c7dc32220 Uncommon trap: reason=class_check action=maybe_recompile pc=0x0000025c07ebe8ac method=org.springframework.core.MethodParameter.getGenericParameterType()Ljava/lang/reflect/Type; @ 17 c2
Event: 1666.470 Thread 0x0000025c7dc313b0 DEOPT PACKING pc=0x0000025c07ebe8ac sp=0x0000007303afcc80
Event: 1666.470 Thread 0x0000025c7dc32220 DEOPT PACKING pc=0x0000025c07ebe8ac sp=0x0000007303cfcb40
Event: 1666.470 Thread 0x0000025c7dc313b0 DEOPT UNPACKING pc=0x0000025c0004e42f sp=0x0000007303afcc60 mode 2
Event: 1666.470 Thread 0x0000025c7dc32220 DEOPT UNPACKING pc=0x0000025c0004e42f sp=0x0000007303cfcb20 mode 2
Event: 1667.922 Thread 0x0000025c7dc2fba0 DEOPT PACKING pc=0x0000025c011a8330 sp=0x0000007303ffe180
Event: 1667.922 Thread 0x0000025c7dc2fba0 DEOPT UNPACKING pc=0x0000025c0004e23f sp=0x0000007303ffd648 mode 0
Event: 1668.027 Thread 0x0000025c7ef9d080 DEOPT PACKING pc=0x0000025c0115159d sp=0x00000073042fea60
Event: 1668.027 Thread 0x0000025c7ef9d080 DEOPT UNPACKING pc=0x0000025c0004e23f sp=0x00000073042fe058 mode 0
Event: 1669.128 Thread 0x0000025c7dc32bc0 DEOPT PACKING pc=0x0000025c011a8330 sp=0x0000007303dfe480
Event: 1669.128 Thread 0x0000025c7dc32bc0 DEOPT UNPACKING pc=0x0000025c0004e23f sp=0x0000007303dfd948 mode 0
Event: 1669.318 Thread 0x0000025c7ef9c210 DEOPT PACKING pc=0x0000025c011bdc7f sp=0x00000073041fcac0
Event: 1669.318 Thread 0x0000025c7dc30540 DEOPT PACKING pc=0x0000025c011bdc7f sp=0x00000073039fcd00
Event: 1669.318 Thread 0x0000025c7ef9c210 DEOPT UNPACKING pc=0x0000025c0004e23f sp=0x00000073041fbf50 mode 0
Event: 1669.318 Thread 0x0000025c7dc30540 DEOPT UNPACKING pc=0x0000025c0004e23f sp=0x00000073039fc190 mode 0
Event: 1669.980 Thread 0x0000025c7dc32bc0 DEOPT PACKING pc=0x0000025c011b7a54 sp=0x0000007303dfe810
Event: 1669.980 Thread 0x0000025c7dc32bc0 DEOPT UNPACKING pc=0x0000025c0004e23f sp=0x0000007303dfdd28 mode 0
Event: 1670.362 Thread 0x0000025c7dc33560 DEOPT PACKING pc=0x0000025c00cdb74e sp=0x0000007303efe490
Event: 1670.362 Thread 0x0000025c7dc33560 DEOPT UNPACKING pc=0x0000025c0004e23f sp=0x0000007303efd938 mode 0

Classes unloaded (20 events):
Event: 1662.118 Thread 0x0000025c79d8f970 Unloading class 0x000000010018b440 'java/lang/invoke/LambdaForm$MH+0x000000010018b440'
Event: 1662.118 Thread 0x0000025c79d8f970 Unloading class 0x000000010018b040 'java/lang/invoke/LambdaForm$MH+0x000000010018b040'
Event: 1662.118 Thread 0x0000025c79d8f970 Unloading class 0x000000010018bc40 'java/lang/invoke/LambdaForm$MH+0x000000010018bc40'
Event: 1662.118 Thread 0x0000025c79d8f970 Unloading class 0x000000010018b840 'java/lang/invoke/LambdaForm$MH+0x000000010018b840'
Event: 1662.118 Thread 0x0000025c79d8f970 Unloading class 0x000000010018d440 'java/lang/invoke/LambdaForm$MH+0x000000010018d440'
Event: 1662.118 Thread 0x0000025c79d8f970 Unloading class 0x000000010018d040 'java/lang/invoke/LambdaForm$MH+0x000000010018d040'
Event: 1662.118 Thread 0x0000025c79d8f970 Unloading class 0x000000010018dc40 'java/lang/invoke/LambdaForm$MH+0x000000010018dc40'
Event: 1662.118 Thread 0x0000025c79d8f970 Unloading class 0x000000010018d840 'java/lang/invoke/LambdaForm$MH+0x000000010018d840'
Event: 1662.118 Thread 0x0000025c79d8f970 Unloading class 0x000000010018e440 'java/lang/invoke/LambdaForm$MH+0x000000010018e440'
Event: 1662.118 Thread 0x0000025c79d8f970 Unloading class 0x000000010018ec40 'java/lang/invoke/LambdaForm$MH+0x000000010018ec40'
Event: 1662.118 Thread 0x0000025c79d8f970 Unloading class 0x0000000100127c40 'java/lang/invoke/LambdaForm$MH+0x0000000100127c40'
Event: 1662.118 Thread 0x0000025c79d8f970 Unloading class 0x0000000100122c40 'java/lang/invoke/LambdaForm$MH+0x0000000100122c40'
Event: 1662.118 Thread 0x0000025c79d8f970 Unloading class 0x0000000100122840 'java/lang/invoke/LambdaForm$MH+0x0000000100122840'
Event: 1662.118 Thread 0x0000025c79d8f970 Unloading class 0x0000000100122440 'java/lang/invoke/LambdaForm$MH+0x0000000100122440'
Event: 1662.118 Thread 0x0000025c79d8f970 Unloading class 0x0000000100122040 'java/lang/invoke/LambdaForm$MH+0x0000000100122040'
Event: 1662.118 Thread 0x0000025c79d8f970 Unloading class 0x0000000100121c40 'java/lang/invoke/LambdaForm$MH+0x0000000100121c40'
Event: 1662.118 Thread 0x0000025c79d8f970 Unloading class 0x0000000100121840 'java/lang/invoke/LambdaForm$MH+0x0000000100121840'
Event: 1662.118 Thread 0x0000025c79d8f970 Unloading class 0x0000000100121440 'java/lang/invoke/LambdaForm$MH+0x0000000100121440'
Event: 1662.118 Thread 0x0000025c79d8f970 Unloading class 0x0000000100121040 'java/lang/invoke/LambdaForm$MH+0x0000000100121040'
Event: 1662.118 Thread 0x0000025c79d8f970 Unloading class 0x0000000100120840 'java/lang/invoke/LambdaForm$MH+0x0000000100120840'

Classes redefined (0 events):
No events

Internal exceptions (20 events):
Event: 1670.869 Thread 0x0000025c7ef9aa00 Exception <a 'java/net/SocketException'{0x00000000cb8fc3e8}: Connection reset by peer: shutdown> (0x00000000cb8fc3e8) 
thrown [./open/src/hotspot/share/prims/jni.cpp, line 599]
Event: 1670.870 Thread 0x0000025c7dc2fba0 Exception <a 'java/net/SocketException'{0x00000000cbb61470}: Connection reset by peer: shutdown> (0x00000000cbb61470) 
thrown [./open/src/hotspot/share/prims/jni.cpp, line 599]
Event: 1670.872 Thread 0x0000025c7ef9aa00 Exception <a 'java/net/SocketException'{0x00000000cb8fca60}: Connection reset by peer: shutdown> (0x00000000cb8fca60) 
thrown [./open/src/hotspot/share/prims/jni.cpp, line 599]
Event: 1670.880 Thread 0x0000025c7ef9c210 Exception <a 'java/net/SocketException'{0x00000000cb9970f0}: Connection reset by peer: shutdown> (0x00000000cb9970f0) 
thrown [./open/src/hotspot/share/prims/jni.cpp, line 599]
Event: 1670.881 Thread 0x0000025c7ef9d080 Exception <a 'java/net/SocketException'{0x00000000cb8c5da8}: Connection reset by peer: shutdown> (0x00000000cb8c5da8) 
thrown [./open/src/hotspot/share/prims/jni.cpp, line 599]
Event: 1670.882 Thread 0x0000025c7dc313b0 Exception <a 'java/net/SocketException'{0x00000000cbc4eb18}: Connection reset by peer: shutdown> (0x00000000cbc4eb18) 
thrown [./open/src/hotspot/share/prims/jni.cpp, line 599]
Event: 1670.883 Thread 0x0000025c7dc2fba0 Exception <a 'java/net/SocketException'{0x00000000cbb61ae8}: Connection reset by peer: shutdown> (0x00000000cbb61ae8) 
thrown [./open/src/hotspot/share/prims/jni.cpp, line 599]
Event: 1670.884 Thread 0x0000025c7ef9aa00 Exception <a 'java/net/SocketException'{0x00000000cb8fd0d8}: Connection reset by peer: shutdown> (0x00000000cb8fd0d8) 
thrown [./open/src/hotspot/share/prims/jni.cpp, line 599]
Event: 1670.893 Thread 0x0000025c7ef9d080 Exception <a 'java/net/SocketException'{0x00000000cb8c6420}: Connection reset by peer: shutdown> (0x00000000cb8c6420) 
thrown [./open/src/hotspot/share/prims/jni.cpp, line 599]
Event: 1670.896 Thread 0x0000025c7dc313b0 Exception <a 'java/net/SocketException'{0x00000000cbc4f190}: Connection reset by peer: shutdown> (0x00000000cbc4f190) 
thrown [./open/src/hotspot/share/prims/jni.cpp, line 599]
Event: 1670.896 Thread 0x0000025c7dc2fba0 Exception <a 'java/net/SocketException'{0x00000000cbb62160}: Connection reset by peer: shutdown> (0x00000000cbb62160) 
thrown [./open/src/hotspot/share/prims/jni.cpp, line 599]
Event: 1670.905 Thread 0x0000025c7dc32bc0 Exception <a 'java/io/IOException'{0x00000000cd4152d0}> (0x00000000cd4152d0) 
thrown [./open/src/hotspot/share/prims/jni.cpp, line 578]
Event: 1670.912 Thread 0x0000025c7dc31880 Exception <a 'java/net/SocketException'{0x00000000cd4d5c98}: Connection reset by peer: shutdown> (0x00000000cd4d5c98) 
thrown [./open/src/hotspot/share/prims/jni.cpp, line 599]
Event: 1670.913 Thread 0x0000025c7ef9d080 Exception <a 'java/net/SocketException'{0x00000000cd4e7f78}: Connection reset by peer: shutdown> (0x00000000cd4e7f78) 
thrown [./open/src/hotspot/share/prims/jni.cpp, line 599]
Event: 1670.921 Thread 0x0000025c7ef9c210 Exception <a 'java/net/SocketException'{0x00000000cd4a39e0}: Connection reset by peer: shutdown> (0x00000000cd4a39e0) 
thrown [./open/src/hotspot/share/prims/jni.cpp, line 599]
Event: 1670.925 Thread 0x0000025c7dc33560 Exception <a 'java/net/SocketException'{0x00000000cd4c4c10}: Connection reset by peer: shutdown> (0x00000000cd4c4c10) 
thrown [./open/src/hotspot/share/prims/jni.cpp, line 599]
Event: 1670.973 Thread 0x0000025c7dc32bc0 Exception <a 'java/net/SocketException'{0x00000000cd36d078}: Connection reset by peer: shutdown> (0x00000000cd36d078) 
thrown [./open/src/hotspot/share/prims/jni.cpp, line 599]
Event: 1671.001 Thread 0x0000025c7dc32220 Exception <a 'java/net/SocketException'{0x00000000cd4b1ce8}: Connection reset by peer: shutdown> (0x00000000cd4b1ce8) 
thrown [./open/src/hotspot/share/prims/jni.cpp, line 599]
Event: 1671.021 Thread 0x0000025c7dc313b0 Exception <a 'java/net/SocketException'{0x00000000cd21f868}: Connection reset by peer: shutdown> (0x00000000cd21f868) 
thrown [./open/src/hotspot/share/prims/jni.cpp, line 599]
Event: 1671.077 Thread 0x0000025c7ef9d080 Exception <a 'java/net/SocketException'{0x00000000cd215418}: Connection reset by peer: shutdown> (0x00000000cd215418) 
thrown [./open/src/hotspot/share/prims/jni.cpp, line 599]

Events (20 events):
Event: 1668.387 Executing VM operation: HandshakeAllThreads
Event: 1668.420 Executing VM operation: HandshakeAllThreads done
Event: 1668.424 Thread 0x0000025c79e1cff0 flushing nmethod 0x0000025c07b30510
Event: 1668.426 Executing VM operation: HandshakeAllThreads
Event: 1668.515 Thread 0x0000025c79e1cff0 flushing nmethod 0x0000025c01081010
Event: 1668.593 Executing VM operation: HandshakeAllThreads done
Event: 1669.237 Executing VM operation: ICBufferFull
Event: 1669.237 Executing VM operation: ICBufferFull done
Event: 1669.237 Executing VM operation: HandshakeAllThreads
Event: 1669.237 Executing VM operation: HandshakeAllThreads done
Event: 1669.675 Executing VM operation: G1CollectForAllocation
Event: 1669.679 Executing VM operation: G1CollectForAllocation done
Event: 1669.679 Executing VM operation: HandshakeAllThreads
Event: 1669.679 Executing VM operation: HandshakeAllThreads done
Event: 1670.727 Executing VM operation: HandshakeAllThreads
Event: 1670.727 Executing VM operation: HandshakeAllThreads done
Event: 1670.901 Executing VM operation: G1CollectForAllocation
Event: 1670.906 Executing VM operation: G1CollectForAllocation done
Event: 1670.906 Executing VM operation: HandshakeAllThreads
Event: 1670.906 Executing VM operation: HandshakeAllThreads done


Dynamic libraries:
0x00007ff7bf7a0000 - 0x00007ff7bf7ad000 	C:\Users\Aditya\Downloads\eclipse-jee-2021-03-R-win32-x86_64\eclipse\plugins\org.eclipse.justj.openjdk.hotspot.jre.full.win32.x86_64_15.0.2.v20210201-0955\jre\bin\javaw.exe
0x00007ffa86cf0000 - 0x00007ffa86ee5000 	C:\windows\SYSTEM32\ntdll.dll
0x00007ffa86ab0000 - 0x00007ffa86b6e000 	C:\windows\System32\KERNEL32.DLL
0x00007ffa84760000 - 0x00007ffa84a28000 	C:\windows\System32\KERNELBASE.dll
0x00007ffa84a30000 - 0x00007ffa84b30000 	C:\windows\System32\ucrtbase.dll
0x00007ffa7c8e0000 - 0x00007ffa7c8f9000 	C:\Users\Aditya\Downloads\eclipse-jee-2021-03-R-win32-x86_64\eclipse\plugins\org.eclipse.justj.openjdk.hotspot.jre.full.win32.x86_64_15.0.2.v20210201-0955\jre\bin\VCRUNTIME140.dll
0x00007ffa624f0000 - 0x00007ffa62508000 	C:\Users\Aditya\Downloads\eclipse-jee-2021-03-R-win32-x86_64\eclipse\plugins\org.eclipse.justj.openjdk.hotspot.jre.full.win32.x86_64_15.0.2.v20210201-0955\jre\bin\jli.dll
0x00007ffa85730000 - 0x00007ffa858d1000 	C:\windows\System32\USER32.dll
0x00007ffa84d00000 - 0x00007ffa84d22000 	C:\windows\System32\win32u.dll
0x00007ffa86c80000 - 0x00007ffa86cab000 	C:\windows\System32\GDI32.dll
0x00007ffa84b60000 - 0x00007ffa84c6d000 	C:\windows\System32\gdi32full.dll
0x00007ffa84560000 - 0x00007ffa845fd000 	C:\windows\System32\msvcp_win.dll
0x00007ffa6b3c0000 - 0x00007ffa6b65a000 	C:\windows\WinSxS\amd64_microsoft.windows.common-controls_6595b64144ccf1df_6.0.19041.1110_none_60b5254171f9507e\COMCTL32.dll
0x00007ffa86710000 - 0x00007ffa867ae000 	C:\windows\System32\msvcrt.dll
0x00007ffa84dc0000 - 0x00007ffa84df0000 	C:\windows\System32\IMM32.DLL
0x00007ffa73da0000 - 0x00007ffa73dac000 	C:\Users\Aditya\Downloads\eclipse-jee-2021-03-R-win32-x86_64\eclipse\plugins\org.eclipse.justj.openjdk.hotspot.jre.full.win32.x86_64_15.0.2.v20210201-0955\jre\bin\vcruntime140_1.dll
0x00007ffa45310000 - 0x00007ffa453a1000 	C:\Users\Aditya\Downloads\eclipse-jee-2021-03-R-win32-x86_64\eclipse\plugins\org.eclipse.justj.openjdk.hotspot.jre.full.win32.x86_64_15.0.2.v20210201-0955\jre\bin\msvcp140.dll
0x00007ffa51090000 - 0x00007ffa51bee000 	C:\Users\Aditya\Downloads\eclipse-jee-2021-03-R-win32-x86_64\eclipse\plugins\org.eclipse.justj.openjdk.hotspot.jre.full.win32.x86_64_15.0.2.v20210201-0955\jre\bin\server\jvm.dll
0x00007ffa868d0000 - 0x00007ffa8697e000 	C:\windows\System32\ADVAPI32.dll
0x00007ffa85690000 - 0x00007ffa8572c000 	C:\windows\System32\sechost.dll
0x00007ffa86980000 - 0x00007ffa86aa5000 	C:\windows\System32\RPCRT4.dll
0x00007ffa86700000 - 0x00007ffa86708000 	C:\windows\System32\PSAPI.DLL
0x00007ffa6cc10000 - 0x00007ffa6cc19000 	C:\windows\SYSTEM32\WSOCK32.dll
0x00007ffa86690000 - 0x00007ffa866fb000 	C:\windows\System32\WS2_32.dll
0x00007ffa7e700000 - 0x00007ffa7e70a000 	C:\windows\SYSTEM32\VERSION.dll
0x00007ffa7bd40000 - 0x00007ffa7bd67000 	C:\windows\SYSTEM32\WINMM.dll
0x00007ffa821e0000 - 0x00007ffa821f2000 	C:\windows\SYSTEM32\kernel.appcore.dll
0x00007ffa7e810000 - 0x00007ffa7e81a000 	C:\Users\Aditya\Downloads\eclipse-jee-2021-03-R-win32-x86_64\eclipse\plugins\org.eclipse.justj.openjdk.hotspot.jre.full.win32.x86_64_15.0.2.v20210201-0955\jre\bin\jimage.dll
0x00007ffa72f50000 - 0x00007ffa73134000 	C:\windows\SYSTEM32\DBGHELP.DLL
0x00007ffa6e670000 - 0x00007ffa6e69c000 	C:\windows\SYSTEM32\dbgcore.DLL
0x00007ffa84c70000 - 0x00007ffa84cf2000 	C:\windows\System32\bcryptPrimitives.dll
0x00007ffa624c0000 - 0x00007ffa624e5000 	C:\Users\Aditya\Downloads\eclipse-jee-2021-03-R-win32-x86_64\eclipse\plugins\org.eclipse.justj.openjdk.hotspot.jre.full.win32.x86_64_15.0.2.v20210201-0955\jre\bin\java.dll
0x00007ffa61300000 - 0x00007ffa61318000 	C:\Users\Aditya\Downloads\eclipse-jee-2021-03-R-win32-x86_64\eclipse\plugins\org.eclipse.justj.openjdk.hotspot.jre.full.win32.x86_64_15.0.2.v20210201-0955\jre\bin\zip.dll
0x00007ffa84df0000 - 0x00007ffa85534000 	C:\windows\System32\SHELL32.dll
0x00007ffa824f0000 - 0x00007ffa82c85000 	C:\windows\SYSTEM32\windows.storage.dll
0x00007ffa85ac0000 - 0x00007ffa85e15000 	C:\windows\System32\combase.dll
0x00007ffa83d80000 - 0x00007ffa83dae000 	C:\windows\SYSTEM32\Wldp.dll
0x00007ffa86b70000 - 0x00007ffa86c1d000 	C:\windows\System32\SHCORE.dll
0x00007ffa86060000 - 0x00007ffa860b5000 	C:\windows\System32\shlwapi.dll
0x00007ffa84340000 - 0x00007ffa8435f000 	C:\windows\SYSTEM32\profapi.dll
0x00007ffa58030000 - 0x00007ffa58049000 	C:\Users\Aditya\Downloads\eclipse-jee-2021-03-R-win32-x86_64\eclipse\plugins\org.eclipse.justj.openjdk.hotspot.jre.full.win32.x86_64_15.0.2.v20210201-0955\jre\bin\net.dll
0x00007ffa73ea0000 - 0x00007ffa73fac000 	C:\windows\SYSTEM32\WINHTTP.dll
0x00007ffa83ae0000 - 0x00007ffa83b4a000 	C:\windows\system32\mswsock.dll
0x00007ffa57800000 - 0x00007ffa57812000 	C:\Users\Aditya\Downloads\eclipse-jee-2021-03-R-win32-x86_64\eclipse\plugins\org.eclipse.justj.openjdk.hotspot.jre.full.win32.x86_64_15.0.2.v20210201-0955\jre\bin\nio.dll
0x00007ffa6cde0000 - 0x00007ffa6cdf0000 	C:\Users\Aditya\Downloads\eclipse-jee-2021-03-R-win32-x86_64\eclipse\plugins\org.eclipse.justj.openjdk.hotspot.jre.full.win32.x86_64_15.0.2.v20210201-0955\jre\bin\verify.dll
0x00007ffa81c00000 - 0x00007ffa81c09000 	C:\Users\Aditya\Downloads\eclipse-jee-2021-03-R-win32-x86_64\eclipse\plugins\org.eclipse.justj.openjdk.hotspot.jre.full.win32.x86_64_15.0.2.v20210201-0955\jre\bin\management.dll
0x00007ffa6f480000 - 0x00007ffa6f48b000 	C:\Users\Aditya\Downloads\eclipse-jee-2021-03-R-win32-x86_64\eclipse\plugins\org.eclipse.justj.openjdk.hotspot.jre.full.win32.x86_64_15.0.2.v20210201-0955\jre\bin\management_ext.dll
0x00007ffa6c400000 - 0x00007ffa6c417000 	C:\windows\system32\napinsp.dll
0x00007ffa6c3e0000 - 0x00007ffa6c3fb000 	C:\windows\system32\pnrpnsp.dll
0x00007ffa6c3c0000 - 0x00007ffa6c3d5000 	C:\windows\system32\wshbth.dll
0x00007ffa7fd90000 - 0x00007ffa7fdad000 	C:\windows\system32\NLAapi.dll
0x00007ffa837d0000 - 0x00007ffa8380b000 	C:\windows\SYSTEM32\IPHLPAPI.DLL
0x00007ffa83810000 - 0x00007ffa838db000 	C:\windows\SYSTEM32\DNSAPI.dll
0x00007ffa861a0000 - 0x00007ffa861a8000 	C:\windows\System32\NSI.dll
0x00007ffa6c2d0000 - 0x00007ffa6c2e2000 	C:\windows\System32\winrnr.dll
0x00007ffa71f80000 - 0x00007ffa71f8a000 	C:\Windows\System32\rasadhlp.dll
0x00007ffa704b0000 - 0x00007ffa7052f000 	C:\windows\System32\fwpuclnt.dll
0x00007ffa84b30000 - 0x00007ffa84b57000 	C:\windows\System32\bcrypt.dll
0x00007ffa83cd0000 - 0x00007ffa83ce8000 	C:\windows\SYSTEM32\CRYPTSP.dll
0x00007ffa83460000 - 0x00007ffa83494000 	C:\windows\system32\rsaenh.dll
0x00007ffa842c0000 - 0x00007ffa842ee000 	C:\windows\SYSTEM32\USERENV.dll
0x00007ffa83cf0000 - 0x00007ffa83cfc000 	C:\windows\SYSTEM32\CRYPTBASE.dll
0x00007ffa79d20000 - 0x00007ffa79d37000 	C:\windows\SYSTEM32\dhcpcsvc6.DLL
0x00007ffa7c040000 - 0x00007ffa7c05d000 	C:\windows\SYSTEM32\dhcpcsvc.DLL

dbghelp: loaded successfully - version: 4.0.5 - missing functions: none
symbol engine: initialized successfully - sym options: 0x614 - pdb path: .;C:\Users\Aditya\Downloads\eclipse-jee-2021-03-R-win32-x86_64\eclipse\plugins\org.eclipse.justj.openjdk.hotspot.jre.full.win32.x86_64_15.0.2.v20210201-0955\jre\bin;C:\windows\SYSTEM32;C:\windows\WinSxS\amd64_microsoft.windows.common-controls_6595b64144ccf1df_6.0.19041.1110_none_60b5254171f9507e;C:\Users\Aditya\Downloads\eclipse-jee-2021-03-R-win32-x86_64\eclipse\plugins\org.eclipse.justj.openjdk.hotspot.jre.full.win32.x86_64_15.0.2.v20210201-0955\jre\bin\server

VM Arguments:
jvm_args: -Dfile.encoding=UTF-8 -XX:+ShowCodeDetailsInExceptionMessages 
java_command: com.ecommerce.springboot.SpringBootEcommerceApplication
java_class_path (initial): D:\Ecommerce-Project\backend\spring-boot-ecommerce\target\classes;C:\Users\Aditya\.m2\repository\org\springframework\boot\spring-boot-starter-data-jpa\2.6.4\spring-boot-starter-data-jpa-2.6.4.jar;C:\Users\Aditya\.m2\repository\org\springframework\boot\spring-boot-starter-aop\2.6.4\spring-boot-starter-aop-2.6.4.jar;C:\Users\Aditya\.m2\repository\org\springframework\spring-aop\5.3.16\spring-aop-5.3.16.jar;C:\Users\Aditya\.m2\repository\org\aspectj\aspectjweaver\1.9.7\aspectjweaver-1.9.7.jar;C:\Users\Aditya\.m2\repository\org\springframework\boot\spring-boot-starter-jdbc\2.6.4\spring-boot-starter-jdbc-2.6.4.jar;C:\Users\Aditya\.m2\repository\com\zaxxer\HikariCP\4.0.3\HikariCP-4.0.3.jar;C:\Users\Aditya\.m2\repository\org\springframework\spring-jdbc\5.3.16\spring-jdbc-5.3.16.jar;C:\Users\Aditya\.m2\repository\jakarta\transaction\jakarta.transaction-api\1.3.3\jakarta.transaction-api-1.3.3.jar;C:\Users\Aditya\.m2\repository\jakarta\persistence\jakarta.persistence-api\2.2.3\jakarta.persistence-api-2.2.3.jar;C:\Users\Aditya\.m2\repository\org\hibernate\hibernate-core\5.6.5.Final\hibernate-core-5.6.5.Final.jar;C:\Users\Aditya\.m2\repository\org\jboss\logging\jboss-logging\3.4.3.Final\jboss-logging-3.4.3.Final.jar;C:\Users\Aditya\.m2\repository\net\bytebuddy\byte-buddy\1.11.22\byte-buddy-1.11.22.jar;C:\Users\Aditya\.m2\repository\antlr\antlr\2.7.7\antlr-2.7.7.jar;C:\Users\Aditya\.m2\repository\org\jboss\jandex\2.4.2.Final\jandex-2.4.2.Final.jar;C:\Users\Aditya\.m2\repository\com\fasterxml\classmate\1.5.1\classmate-1.5.1.jar;C:\Users\Aditya\.m2\repository\org\hibernate\common\hibernate-commons-annotations\5.1.2.Final\hibernate-commons-annotations-5.1.2.Final.jar;C:\Users\Aditya\.m2\repository\org\glassfish\jaxb\jaxb-runtime\2.3.6\jaxb-runtime-2.3.6.jar;C:\Users\Aditya\.m2\repository\org\glassfish\jaxb\txw2\2.3.6\txw2-2.3.6.jar;C:\Users\Aditya\.m2\repository\com\sun\istack\istack-commons-runtime\3.0.12\istack-commons-runtime-3.0.12.jar;C:\Users\Adity
Launcher Type: SUN_STANDARD

[Global flags]
     intx CICompilerCount                          = 3                                         {product} {ergonomic}
     uint ConcGCThreads                            = 1                                         {product} {ergonomic}
     uint G1ConcRefinementThreads                  = 4                                         {product} {ergonomic}
   size_t G1HeapRegionSize                         = 1048576                                   {product} {ergonomic}
    uintx GCDrainStackTargetSize                   = 64                                        {product} {ergonomic}
   size_t InitialHeapSize                          = 58720256                                  {product} {ergonomic}
   size_t MarkStackSize                            = 4194304                                   {product} {ergonomic}
   size_t MaxHeapSize                              = 924844032                                 {product} {ergonomic}
   size_t MaxNewSize                               = 554696704                                 {product} {ergonomic}
   size_t MinHeapDeltaBytes                        = 1048576                                   {product} {ergonomic}
   size_t MinHeapSize                              = 8388608                                   {product} {ergonomic}
    uintx NonNMethodCodeHeapSize                   = 5832780                                {pd product} {ergonomic}
    uintx NonProfiledCodeHeapSize                  = 122912730                              {pd product} {ergonomic}
    uintx ProfiledCodeHeapSize                     = 122912730                              {pd product} {ergonomic}
    uintx ReservedCodeCacheSize                    = 251658240                              {pd product} {ergonomic}
     bool SegmentedCodeCache                       = true                                      {product} {ergonomic}
     bool ShowCodeDetailsInExceptionMessages       = true                                   {manageable} {command line}
   size_t SoftMaxHeapSize                          = 924844032                              {manageable} {ergonomic}
     bool UseCompressedClassPointers               = true                                 {lp64_product} {ergonomic}
     bool UseCompressedOops                        = true                                 {lp64_product} {ergonomic}
     bool UseG1GC                                  = true                                      {product} {ergonomic}
     bool UseLargePagesIndividualAllocation        = false                                  {pd product} {ergonomic}

Logging:
Log output configuration:
 #0: stdout all=warning uptime,level,tags
 #1: stderr all=off uptime,level,tags

Environment Variables:
JAVA_HOME=C:\Program Files\Java\jdk1.8.0_202
PATH=C:/Users/Aditya/Downloads/eclipse-jee-2021-03-R-win32-x86_64/eclipse//plugins/org.eclipse.justj.openjdk.hotspot.jre.full.win32.x86_64_15.0.2.v20210201-0955/jre/bin/server;C:/Users/Aditya/Downloads/eclipse-jee-2021-03-R-win32-x86_64/eclipse//plugins/org.eclipse.justj.openjdk.hotspot.jre.full.win32.x86_64_15.0.2.v20210201-0955/jre/bin;C:\Program Files (x86)\Common Files\Oracle\Java\javapath;C:\Python310\Scripts\;C:\Python310\;C:\Program Files\Common Files\Oracle\Java\javapath;C:\windows\System32\Wbem;C:\Program Files\Java\jdk-16.0.2\bin;C:\Program Files\MongoDB\Server\5.0\bin;C:\Program Files\Git\cmd;D:\Spring Files\apache-maven-3.8.4\bin;C:\Program Files\nodejs\;C:\ProgramData\chocolatey\bin;D:\API_SOAP\axis2-1.6.2\bin;C:\Program Files\Java\jdk1.8.0_202\bin;C:\Program Files\Java\jdk1.8.0_202\bin;C:\Users\Aditya\AppData\Local\Programs\mongosh\;C:\Users\Aditya\AppData\Local\Programs\Microsoft VS Code\bin;C:\Program Files\MySQL\MySQL Shell 8.0\bin;D:\Spring Files\apache-maven-3.8.4\bin;C:\Users\Aditya\AppData\Roaming\npm;C:\Users\Aditya\Downloads\eclipse-jee-2021-03-R-win32-x86_64\eclipse;
USERNAME=Aditya
OS=Windows_NT
PROCESSOR_IDENTIFIER=AMD64 Family 23 Model 24 Stepping 1, AuthenticAMD



---------------  S Y S T E M  ---------------

OS:
 Windows 10 , 64 bit Build 19041 (10.0.19041.1466)
OS uptime: 7 days 1:51 hours

CPU: total 4 (initial active 4) (4 cores per cpu, 2 threads per core) family 23 model 24 stepping 1 microcode 0x0, cmov, cx8, fxsr, mmx, sse, sse2, sse3, ssse3, sse4.1, sse4.2, popcnt, vzeroupper, avx, avx2, aes, clmul, 3dnowpref, lzcnt, sse4a, ht, tsc, tscinvbit, tscinv, bmi1, bmi2, adx, sha, fma, clflush, clflushopt

Memory: 4k page, system-wide physical 3526M (149M free)
TotalPageFile size 14278M (AvailPageFile size 5M)
current process WorkingSet (physical memory assigned to process): 168M, peak: 252M
current process commit charge ("private bytes"): 277M, peak: 298M

vm_info: OpenJDK 64-Bit Server VM (15.0.2+7-27) for windows-amd64 JRE (15.0.2+7-27), built on Dec  7 2020 20:02:38 by "mach5one" with unknown MS VC++:1925

END.
