#
# There is insufficient memory for the Java Runtime Environment to continue.
# Native memory allocation (malloc) failed to allocate 32744 bytes for ChunkPool::allocate
# Possible reasons:
#   The system is out of physical RAM or swap space
#   The process is running with CompressedOops enabled, and the Java Heap may be blocking the growth of the native heap
# Possible solutions:
#   Reduce memory load on the system
#   Increase physical memory or swap space
#   Check if swap backing store is full
#   Decrease Java heap size (-Xmx/-Xms)
#   Decrease number of Java threads
#   Decrease Java thread stack sizes (-Xss)
#   Set larger code cache with -XX:ReservedCodeCacheSize=
#   JVM is running with Unscaled Compressed Oops mode in which the Java heap is
#     placed in the first 4GB address space. The Java Heap base address is the
#     maximum limit for the native heap growth. Please use -XX:HeapBaseMinAddress
#     to set the Java Heap base and to place the Java Heap above 4GB virtual address.
# This output file may be truncated or incomplete.
#
#  Out of Memory Error (./open/src/hotspot/share/memory/arena.cpp:79), pid=17080, tid=8952
#
# JRE version: OpenJDK Runtime Environment (15.0.2+7) (build 15.0.2+7-27)
# Java VM: OpenJDK 64-Bit Server VM (15.0.2+7-27, mixed mode, tiered, compressed oops, g1 gc, windows-amd64)
# No core dump will be written. Minidumps are not enabled by default on client versions of Windows
#

---------------  S U M M A R Y ------------

Command Line: -Dfile.encoding=UTF-8 -XX:+ShowCodeDetailsInExceptionMessages com.ecommerce.springboot.SpringBootEcommerceApplication

Host: AMD Ryzen 3 3250U with Radeon Graphics         , 4 cores, 3G,  Windows 10 , 64 bit Build 19041 (10.0.19041.1466)
Time: Wed May 18 17:41:18 2022 India Standard Time elapsed time: 10735.314877 seconds (0d 2h 58m 55s)

---------------  T H R E A D  ---------------

Current thread (0x000002adf95dbce0):  JavaThread "C2 CompilerThread0" daemon [_thread_in_native, id=8952, stack(0x000000dc22200000,0x000000dc22300000)]


Current CompileTask:
C2:10735315 8113  s    4       com.mysql.cj.protocol.ReadAheadInputStream::read (105 bytes)

Stack: [0x000000dc22200000,0x000000dc22300000]
Native frames: (J=compiled Java code, j=interpreted, Vv=VM code, C=native code)
V  [jvm.dll+0x62ae9a]
V  [jvm.dll+0x7817a9]
V  [jvm.dll+0x782f03]
V  [jvm.dll+0x783563]
V  [jvm.dll+0x216325]
V  [jvm.dll+0x982cf]
V  [jvm.dll+0x980ad]
V  [jvm.dll+0x609d14]
V  [jvm.dll+0x6552ea]
V  [jvm.dll+0x18e47d]
V  [jvm.dll+0x1ea822]
V  [jvm.dll+0x1e996e]
V  [jvm.dll+0x178567]
V  [jvm.dll+0x1f9225]
V  [jvm.dll+0x1f72cc]
V  [jvm.dll+0x74495d]
V  [jvm.dll+0x73d75a]
V  [jvm.dll+0x629c56]
C  [ucrtbase.dll+0x21bb2]
C  [KERNEL32.DLL+0x17034]
C  [ntdll.dll+0x52651]


---------------  P R O C E S S  ---------------

Threads class SMR info:
_java_thread_list=0x000002adfe6574a0, length=28, elements={
0x000002adf95c0150, 0x000002adf95a3cc0, 0x000002adf95d4d90, 0x000002adf95d8830,
0x000002adf95d8ef0, 0x000002adf95dbce0, 0x000002adf9738030, 0x000002adf976aa00,
0x000002adf9869f30, 0x000002adf986d6d0, 0x000002adfc8baf20, 0x000002adf9c54e00,
0x000002adfc719020, 0x000002adfc5f98a0, 0x000002adfa006d60, 0x000002adfc90f060,
0x000002adfc90fed0, 0x000002adfc9103a0, 0x000002adfc90fa00, 0x000002adfc910870,
0x000002adfc911210, 0x000002adfc911bb0, 0x000002adfc910d40, 0x000002adfc9116e0,
0x000002adfebca060, 0x000002adfebcaa00, 0x000002adfebcaed0, 0x000002adfebcda20
}

Java Threads: ( => current thread )
  0x000002adf95c0150 JavaThread "Reference Handler" daemon [_thread_blocked, id=11876, stack(0x000000dc21d00000,0x000000dc21e00000)]
  0x000002adf95a3cc0 JavaThread "Finalizer" daemon [_thread_blocked, id=8456, stack(0x000000dc21e00000,0x000000dc21f00000)]
  0x000002adf95d4d90 JavaThread "Signal Dispatcher" daemon [_thread_blocked, id=12632, stack(0x000000dc21f00000,0x000000dc22000000)]
  0x000002adf95d8830 JavaThread "Attach Listener" daemon [_thread_blocked, id=12784, stack(0x000000dc22000000,0x000000dc22100000)]
  0x000002adf95d8ef0 JavaThread "Service Thread" daemon [_thread_blocked, id=17444, stack(0x000000dc22100000,0x000000dc22200000)]
=>0x000002adf95dbce0 JavaThread "C2 CompilerThread0" daemon [_thread_in_native, id=8952, stack(0x000000dc22200000,0x000000dc22300000)]
  0x000002adf9738030 JavaThread "C1 CompilerThread0" daemon [_thread_blocked, id=7260, stack(0x000000dc22300000,0x000000dc22400000)]
  0x000002adf976aa00 JavaThread "Sweeper thread" daemon [_thread_blocked, id=15112, stack(0x000000dc22400000,0x000000dc22500000)]
  0x000002adf9869f30 JavaThread "Notification Thread" daemon [_thread_blocked, id=16128, stack(0x000000dc22500000,0x000000dc22600000)]
  0x000002adf986d6d0 JavaThread "Common-Cleaner" daemon [_thread_blocked, id=17440, stack(0x000000dc22700000,0x000000dc22800000)]
  0x000002adfc8baf20 JavaThread "Catalina-utility-1" [_thread_blocked, id=17932, stack(0x000000dc22a00000,0x000000dc22b00000)]
  0x000002adf9c54e00 JavaThread "Catalina-utility-2" [_thread_blocked, id=2508, stack(0x000000dc22d00000,0x000000dc22e00000)]
  0x000002adfc719020 JavaThread "container-0" [_thread_blocked, id=11768, stack(0x000000dc22e00000,0x000000dc22f00000)]
  0x000002adfc5f98a0 JavaThread "mysql-cj-abandoned-connection-cleanup" daemon [_thread_blocked, id=17720, stack(0x000000dc22f00000,0x000000dc23000000)]
  0x000002adfa006d60 JavaThread "HikariPool-1 housekeeper" daemon [_thread_blocked, id=18344, stack(0x000000dc23100000,0x000000dc23200000)]
  0x000002adfc90f060 JavaThread "http-nio-8081-exec-1" daemon [_thread_blocked, id=16752, stack(0x000000dc23200000,0x000000dc23300000)]
  0x000002adfc90fed0 JavaThread "http-nio-8081-exec-2" daemon [_thread_blocked, id=9052, stack(0x000000dc23300000,0x000000dc23400000)]
  0x000002adfc9103a0 JavaThread "http-nio-8081-exec-3" daemon [_thread_blocked, id=17088, stack(0x000000dc23400000,0x000000dc23500000)]
  0x000002adfc90fa00 JavaThread "http-nio-8081-exec-4" daemon [_thread_blocked, id=15636, stack(0x000000dc23500000,0x000000dc23600000)]
  0x000002adfc910870 JavaThread "http-nio-8081-exec-5" daemon [_thread_blocked, id=13116, stack(0x000000dc23600000,0x000000dc23700000)]
  0x000002adfc911210 JavaThread "http-nio-8081-exec-6" daemon [_thread_blocked, id=6980, stack(0x000000dc23700000,0x000000dc23800000)]
  0x000002adfc911bb0 JavaThread "http-nio-8081-exec-7" daemon [_thread_blocked, id=16436, stack(0x000000dc23800000,0x000000dc23900000)]
  0x000002adfc910d40 JavaThread "http-nio-8081-exec-8" daemon [_thread_blocked, id=924, stack(0x000000dc23900000,0x000000dc23a00000)]
  0x000002adfc9116e0 JavaThread "http-nio-8081-exec-9" daemon [_thread_blocked, id=1564, stack(0x000000dc23a00000,0x000000dc23b00000)]
  0x000002adfebca060 JavaThread "http-nio-8081-exec-10" daemon [_thread_blocked, id=14912, stack(0x000000dc23b00000,0x000000dc23c00000)]
  0x000002adfebcaa00 JavaThread "http-nio-8081-Poller" daemon [_thread_in_native, id=7196, stack(0x000000dc23c00000,0x000000dc23d00000)]
  0x000002adfebcaed0 JavaThread "http-nio-8081-Acceptor" daemon [_thread_in_native, id=16188, stack(0x000000dc23d00000,0x000000dc23e00000)]
  0x000002adfebcda20 JavaThread "DestroyJavaVM" [_thread_blocked, id=1348, stack(0x000000dc21600000,0x000000dc21700000)]

Other Threads:
  0x000002adf9550a90 VMThread "VM Thread" [stack: 0x000000dc21c00000,0x000000dc21d00000] [id=15312]
  0x000002adf986b3b0 WatcherThread [stack: 0x000000dc22600000,0x000000dc22700000] [id=12988]
  0x000002ade1eabad0 GCTaskThread "GC Thread#0" [stack: 0x000000dc21700000,0x000000dc21800000] [id=7016]
  0x000002adf98b92b0 GCTaskThread "GC Thread#1" [stack: 0x000000dc22800000,0x000000dc22900000] [id=204]
  0x000002adf98b7f90 GCTaskThread "GC Thread#2" [stack: 0x000000dc22b00000,0x000000dc22c00000] [id=15340]
  0x000002adf98ba5d0 GCTaskThread "GC Thread#3" [stack: 0x000000dc22c00000,0x000000dc22d00000] [id=18296]
  0x000002ade1eb4a70 ConcurrentGCThread "G1 Main Marker" [stack: 0x000000dc21800000,0x000000dc21900000] [id=5956]
  0x000002ade1eb6f50 ConcurrentGCThread "G1 Conc#0" [stack: 0x000000dc21900000,0x000000dc21a00000] [id=12788]
  0x000002ade1ef1a60 ConcurrentGCThread "G1 Refine#0" [stack: 0x000000dc21a00000,0x000000dc21b00000] [id=12148]
  0x000002adf9ceca90 ConcurrentGCThread "G1 Refine#1" [stack: 0x000000dc22900000,0x000000dc22a00000] [id=10972]
  0x000002adfb57c0f0 ConcurrentGCThread "G1 Refine#2" [stack: 0x000000dc21300000,0x000000dc21400000] [id=17572]
  0x000002ade1ef4b60 ConcurrentGCThread "G1 Young RemSet Sampling" [stack: 0x000000dc21b00000,0x000000dc21c00000] [id=12468]

Threads with active compile tasks:
C2 CompilerThread0  10735390 8113  s    4       com.mysql.cj.protocol.ReadAheadInputStream::read (105 bytes)

VM state: not at safepoint (normal execution)

VM Mutex/Monitor currently owned by a thread: None

Heap address: 0x00000000c8e00000, size: 882 MB, Compressed Oops mode: 32-bit
CDS disabled.
Compressed class space mapped at: 0x0000000100000000-0x0000000140000000, size: 1073741824
Narrow klass base: 0x0000000000000000, Narrow klass shift: 3, Narrow klass range: 0x140000000

GC Precious Log:
 CPUs: 4 total, 4 available
 Memory: 3526M
 Large Page Support: Disabled
 NUMA Support: Disabled
 Compressed Oops: Enabled (32-bit)
 Heap Region Size: 1M
 Heap Min Capacity: 8M
 Heap Initial Capacity: 56M
 Heap Max Capacity: 882M
 Pre-touch: Disabled
 Parallel Workers: 4
 Concurrent Workers: 1
 Concurrent Refinement Workers: 4
 Periodic GC: Disabled

Heap:
 garbage-first heap   total 66560K, used 37122K [0x00000000c8e00000, 0x0000000100000000)
  region size 1024K, 6 young (6144K), 2 survivors (2048K)
 Metaspace       used 72888K, capacity 73506K, committed 73932K, reserved 1114112K
  class space    used 8912K, capacity 9131K, committed 9216K, reserved 1048576K

Heap Regions: E=young(eden), S=young(survivor), O=old, HS=humongous(starts), HC=humongous(continues), CS=collection set, F=free, OA=open archive, CA=closed archive, TAMS=top-at-mark-start (previous, next)
|   0|0x00000000c8e00000, 0x00000000c8f00000, 0x00000000c8f00000|100%|HS|  |TAMS 0x00000000c8f00000, 0x00000000c8e00000| Complete 
|   1|0x00000000c8f00000, 0x00000000c9000000, 0x00000000c9000000|100%| O|  |TAMS 0x00000000c9000000, 0x00000000c8f00000| Untracked 
|   2|0x00000000c9000000, 0x00000000c9100000, 0x00000000c9100000|100%| O|  |TAMS 0x00000000c9100000, 0x00000000c9000000| Untracked 
|   3|0x00000000c9100000, 0x00000000c9200000, 0x00000000c9200000|100%| O|  |TAMS 0x00000000c9200000, 0x00000000c9100000| Untracked 
|   4|0x00000000c9200000, 0x00000000c9300000, 0x00000000c9300000|100%| O|  |TAMS 0x00000000c9300000, 0x00000000c9200000| Untracked 
|   5|0x00000000c9300000, 0x00000000c93d4000, 0x00000000c9400000| 82%| O|  |TAMS 0x00000000c93d4000, 0x00000000c9300000| Complete 
|   6|0x00000000c9400000, 0x00000000c9500000, 0x00000000c9500000|100%| O|  |TAMS 0x00000000c9500000, 0x00000000c9400000| Complete 
|   7|0x00000000c9500000, 0x00000000c9600000, 0x00000000c9600000|100%| O|  |TAMS 0x00000000c9600000, 0x00000000c9500000| Complete 
|   8|0x00000000c9600000, 0x00000000c9600000, 0x00000000c9700000|  0%| F|  |TAMS 0x00000000c9600000, 0x00000000c9600000| Untracked 
|   9|0x00000000c9700000, 0x00000000c9700000, 0x00000000c9800000|  0%| F|  |TAMS 0x00000000c9700000, 0x00000000c9700000| Untracked 
|  10|0x00000000c9800000, 0x00000000c9900000, 0x00000000c9900000|100%| O|  |TAMS 0x00000000c9900000, 0x00000000c9800000| Complete 
|  11|0x00000000c9900000, 0x00000000c9a00000, 0x00000000c9a00000|100%| O|  |TAMS 0x00000000c9a00000, 0x00000000c9900000| Complete 
|  12|0x00000000c9a00000, 0x00000000c9a00000, 0x00000000c9b00000|  0%| F|  |TAMS 0x00000000c9a00000, 0x00000000c9a00000| Untracked 
|  13|0x00000000c9b00000, 0x00000000c9c00000, 0x00000000c9c00000|100%| O|  |TAMS 0x00000000c9c00000, 0x00000000c9b00000| Complete 
|  14|0x00000000c9c00000, 0x00000000c9c00000, 0x00000000c9d00000|  0%| F|  |TAMS 0x00000000c9c00000, 0x00000000c9c00000| Untracked 
|  15|0x00000000c9d00000, 0x00000000c9e00000, 0x00000000c9e00000|100%| O|  |TAMS 0x00000000c9e00000, 0x00000000c9d00000| Complete 
|  16|0x00000000c9e00000, 0x00000000c9e00000, 0x00000000c9f00000|  0%| F|  |TAMS 0x00000000c9e00000, 0x00000000c9e00000| Untracked 
|  17|0x00000000c9f00000, 0x00000000ca000000, 0x00000000ca000000|100%| O|  |TAMS 0x00000000ca000000, 0x00000000c9f00000| Untracked 
|  18|0x00000000ca000000, 0x00000000ca100000, 0x00000000ca100000|100%| O|  |TAMS 0x00000000ca100000, 0x00000000ca000000| Complete 
|  19|0x00000000ca100000, 0x00000000ca200000, 0x00000000ca200000|100%| O|  |TAMS 0x00000000ca200000, 0x00000000ca100000| Complete 
|  20|0x00000000ca200000, 0x00000000ca300000, 0x00000000ca300000|100%| O|  |TAMS 0x00000000ca300000, 0x00000000ca200000| Complete 
|  21|0x00000000ca300000, 0x00000000ca400000, 0x00000000ca400000|100%| O|  |TAMS 0x00000000ca400000, 0x00000000ca300000| Complete 
|  22|0x00000000ca400000, 0x00000000ca500000, 0x00000000ca500000|100%| O|  |TAMS 0x00000000ca500000, 0x00000000ca400000| Complete 
|  23|0x00000000ca500000, 0x00000000ca600000, 0x00000000ca600000|100%| O|  |TAMS 0x00000000ca600000, 0x00000000ca500000| Complete 
|  24|0x00000000ca600000, 0x00000000ca700000, 0x00000000ca700000|100%| O|  |TAMS 0x00000000ca700000, 0x00000000ca600000| Complete 
|  25|0x00000000ca700000, 0x00000000ca800000, 0x00000000ca800000|100%| O|  |TAMS 0x00000000ca800000, 0x00000000ca700000| Complete 
|  26|0x00000000ca800000, 0x00000000ca900000, 0x00000000ca900000|100%| O|  |TAMS 0x00000000ca900000, 0x00000000ca800000| Complete 
|  27|0x00000000ca900000, 0x00000000ca900000, 0x00000000caa00000|  0%| F|  |TAMS 0x00000000ca900000, 0x00000000ca900000| Untracked 
|  28|0x00000000caa00000, 0x00000000cab00000, 0x00000000cab00000|100%| O|  |TAMS 0x00000000cab00000, 0x00000000caa00000| Complete 
|  29|0x00000000cab00000, 0x00000000cac00000, 0x00000000cac00000|100%| O|  |TAMS 0x00000000cac00000, 0x00000000cab00000| Complete 
|  30|0x00000000cac00000, 0x00000000cac00000, 0x00000000cad00000|  0%| F|  |TAMS 0x00000000cac00000, 0x00000000cac00000| Untracked 
|  31|0x00000000cad00000, 0x00000000cae00000, 0x00000000cae00000|100%| O|  |TAMS 0x00000000cae00000, 0x00000000cad00000| Complete 
|  32|0x00000000cae00000, 0x00000000caf00000, 0x00000000caf00000|100%| O|  |TAMS 0x00000000caf00000, 0x00000000cae00000| Complete 
|  33|0x00000000caf00000, 0x00000000cb000000, 0x00000000cb000000|100%| O|  |TAMS 0x00000000cb000000, 0x00000000caf00000| Complete 
|  34|0x00000000cb000000, 0x00000000cb100000, 0x00000000cb100000|100%| O|  |TAMS 0x00000000cb100000, 0x00000000cb000000| Complete 
|  35|0x00000000cb100000, 0x00000000cb200000, 0x00000000cb200000|100%| O|  |TAMS 0x00000000cb200000, 0x00000000cb100000| Untracked 
|  36|0x00000000cb200000, 0x00000000cb300000, 0x00000000cb300000|100%| O|  |TAMS 0x00000000cb300000, 0x00000000cb200000| Untracked 
|  37|0x00000000cb300000, 0x00000000cb400000, 0x00000000cb400000|100%| O|  |TAMS 0x00000000cb400000, 0x00000000cb300000| Complete 
|  38|0x00000000cb400000, 0x00000000cb500000, 0x00000000cb500000|100%| O|  |TAMS 0x00000000cb500000, 0x00000000cb400000| Complete 
|  39|0x00000000cb500000, 0x00000000cb5c5c00, 0x00000000cb600000| 77%| O|  |TAMS 0x00000000cb5c5c00, 0x00000000cb500000| Untracked 
|  40|0x00000000cb600000, 0x00000000cb600000, 0x00000000cb700000|  0%| F|  |TAMS 0x00000000cb600000, 0x00000000cb600000| Untracked 
|  41|0x00000000cb700000, 0x00000000cb700000, 0x00000000cb800000|  0%| F|  |TAMS 0x00000000cb700000, 0x00000000cb700000| Untracked 
|  42|0x00000000cb800000, 0x00000000cb800000, 0x00000000cb900000|  0%| F|  |TAMS 0x00000000cb800000, 0x00000000cb800000| Untracked 
|  43|0x00000000cb900000, 0x00000000cb9a6c80, 0x00000000cba00000| 65%| S|CS|TAMS 0x00000000cb900000, 0x00000000cb900000| Complete 
|  44|0x00000000cba00000, 0x00000000cbb00000, 0x00000000cbb00000|100%| S|CS|TAMS 0x00000000cba00000, 0x00000000cba00000| Complete 
|  45|0x00000000cbb00000, 0x00000000cbb00000, 0x00000000cbc00000|  0%| F|  |TAMS 0x00000000cbb00000, 0x00000000cbb00000| Untracked 
|  46|0x00000000cbc00000, 0x00000000cbc00000, 0x00000000cbd00000|  0%| F|  |TAMS 0x00000000cbc00000, 0x00000000cbc00000| Untracked 
|  47|0x00000000cbd00000, 0x00000000cbd00000, 0x00000000cbe00000|  0%| F|  |TAMS 0x00000000cbd00000, 0x00000000cbd00000| Untracked 
|  48|0x00000000cbe00000, 0x00000000cbe00000, 0x00000000cbf00000|  0%| F|  |TAMS 0x00000000cbe00000, 0x00000000cbe00000| Untracked 
|  49|0x00000000cbf00000, 0x00000000cbf00000, 0x00000000cc000000|  0%| F|  |TAMS 0x00000000cbf00000, 0x00000000cbf00000| Untracked 
|  50|0x00000000cc000000, 0x00000000cc000000, 0x00000000cc100000|  0%| F|  |TAMS 0x00000000cc000000, 0x00000000cc000000| Untracked 
|  51|0x00000000cc100000, 0x00000000cc100000, 0x00000000cc200000|  0%| F|  |TAMS 0x00000000cc100000, 0x00000000cc100000| Untracked 
|  52|0x00000000cc200000, 0x00000000cc200000, 0x00000000cc300000|  0%| F|  |TAMS 0x00000000cc200000, 0x00000000cc200000| Untracked 
|  53|0x00000000cc300000, 0x00000000cc300000, 0x00000000cc400000|  0%| F|  |TAMS 0x00000000cc300000, 0x00000000cc300000| Untracked 
|  54|0x00000000cc400000, 0x00000000cc400000, 0x00000000cc500000|  0%| F|  |TAMS 0x00000000cc400000, 0x00000000cc400000| Untracked 
|  55|0x00000000cc500000, 0x00000000cc500000, 0x00000000cc600000|  0%| F|  |TAMS 0x00000000cc500000, 0x00000000cc500000| Untracked 
|  56|0x00000000cc600000, 0x00000000cc600000, 0x00000000cc700000|  0%| F|  |TAMS 0x00000000cc600000, 0x00000000cc600000| Untracked 
|  57|0x00000000cc700000, 0x00000000cc700000, 0x00000000cc800000|  0%| F|  |TAMS 0x00000000cc700000, 0x00000000cc700000| Untracked 
|  58|0x00000000cc800000, 0x00000000cc800000, 0x00000000cc900000|  0%| F|  |TAMS 0x00000000cc800000, 0x00000000cc800000| Untracked 
|  59|0x00000000cc900000, 0x00000000cc900000, 0x00000000cca00000|  0%| F|  |TAMS 0x00000000cc900000, 0x00000000cc900000| Untracked 
|  60|0x00000000cca00000, 0x00000000cca00000, 0x00000000ccb00000|  0%| F|  |TAMS 0x00000000cca00000, 0x00000000cca00000| Untracked 
|  61|0x00000000ccb00000, 0x00000000ccb72338, 0x00000000ccc00000| 44%| E|  |TAMS 0x00000000ccb00000, 0x00000000ccb00000| Complete 
|  62|0x00000000ccc00000, 0x00000000ccd00000, 0x00000000ccd00000|100%| E|CS|TAMS 0x00000000ccc00000, 0x00000000ccc00000| Complete 
|  63|0x00000000ccd00000, 0x00000000cce00000, 0x00000000cce00000|100%| E|  |TAMS 0x00000000ccd00000, 0x00000000ccd00000| Complete 
|  64|0x00000000cce00000, 0x00000000ccf00000, 0x00000000ccf00000|100%| E|CS|TAMS 0x00000000cce00000, 0x00000000cce00000| Complete 

Card table byte_map: [0x000002adf4890000,0x000002adf4a50000] _byte_map_base: 0x000002adf4249000

Marking Bits (Prev, Next): (CMBitMap*) 0x000002ade1ead2d0, (CMBitMap*) 0x000002ade1ead310
 Prev Bits: [0x000002adf4c10000, 0x000002adf59d8000)
 Next Bits: [0x000002adf59e0000, 0x000002adf67a8000)

Polling page: 0x000002ade0010000

Metaspace:

Usage:
  Non-class:     62.87 MB capacity,    62.48 MB (>99%) used,   304.21 KB ( <1%) free+waste,    94.19 KB ( <1%) overhead. 
      Class:      8.92 MB capacity,     8.70 MB ( 98%) used,   184.30 KB (  2%) free+waste,    34.44 KB ( <1%) overhead. 
       Both:     71.78 MB capacity,    71.18 MB (>99%) used,   488.51 KB ( <1%) free+waste,   128.62 KB ( <1%) overhead. 

Virtual space:
  Non-class space:       64.00 MB reserved,      63.20 MB ( 99%) committed 
      Class space:        1.00 GB reserved,       9.00 MB ( <1%) committed 
             Both:        1.06 GB reserved,      72.20 MB (  7%) committed 

Chunk freelists:
   Non-Class:  213.00 KB
       Class:  53.00 KB
        Both:  266.00 KB

MaxMetaspaceSize: 17179869184.00 GB
CompressedClassSpaceSize: 1.00 GB

CodeHeap 'non-profiled nmethods': size=120000Kb used=3672Kb max_used=3672Kb free=116327Kb
 bounds [0x000002aded360000, 0x000002aded700000, 0x000002adf4890000]
CodeHeap 'profiled nmethods': size=120000Kb used=12740Kb max_used=12740Kb free=107259Kb
 bounds [0x000002ade5e30000, 0x000002ade6ab0000, 0x000002aded360000]
CodeHeap 'non-nmethods': size=5760Kb used=1324Kb max_used=1371Kb free=4435Kb
 bounds [0x000002ade5890000, 0x000002ade5b00000, 0x000002ade5e30000]
 total_blobs=7802 nmethods=7184 adapters=529
 compilation: enabled
              stopped_count=0, restarted_count=0
 full_count=0

Compilation events (20 events):
Event: 10734.801 Thread 0x000002adf9738030 nmethod 8106 0x000002aded6f3910 code [0x000002aded6f3aa0, 0x000002aded6f3b58]
Event: 10734.812 Thread 0x000002adf95dbce0 8107       4       org.apache.logging.slf4j.SLF4JLogger::isEnabled (7 bytes)
Event: 10734.818 Thread 0x000002adf9738030 8109       3       org.hibernate.engine.spi.EntityKey::<init> (37 bytes)
Event: 10734.824 Thread 0x000002adf9738030 nmethod 8109 0x000002ade6a94110 code [0x000002ade6a942e0, 0x000002ade6a94638]
Event: 10734.824 Thread 0x000002adf9738030 8110       3       org.hibernate.engine.spi.EntityKey::generateHashCode (66 bytes)
Event: 10734.839 Thread 0x000002adf9738030 nmethod 8110 0x000002ade6a94790 code [0x000002ade6a94980, 0x000002ade6a94fd8]
Event: 10734.865 Thread 0x000002adf95dbce0 nmethod 8107 0x000002aded6f3c10 code [0x000002aded6f3e00, 0x000002aded6f41b0]
Event: 10734.865 Thread 0x000002adf95dbce0 8108       4       org.apache.logging.slf4j.SLF4JLogger::isEnabledFor (118 bytes)
Event: 10734.878 Thread 0x000002adf95dbce0 nmethod 8108 0x000002aded6f4690 code [0x000002aded6f4880, 0x000002aded6f4c30]
Event: 10734.891 Thread 0x000002adf9738030 8111       3       org.hibernate.type.EntityType::isReferenceToIdentifierProperty (20 bytes)
Event: 10734.893 Thread 0x000002adf9738030 nmethod 8111 0x000002ade6a95290 code [0x000002ade6a95420, 0x000002ade6a95658]
Event: 10734.897 Thread 0x000002adf95dbce0 8112       4       org.jboss.logging.Log4j2Logger::isEnabled (12 bytes)
Event: 10734.904 Thread 0x000002adf9738030 8115       3       java.lang.String::valueOf (5 bytes)
Event: 10734.904 Thread 0x000002adf9738030 nmethod 8115 0x000002ade6a95710 code [0x000002ade6a958a0, 0x000002ade6a959a8]
Event: 10734.907 Thread 0x000002adf9738030 8116       3       org.jboss.logging.DelegatingBasicLogger::tracef (17 bytes)
Event: 10734.908 Thread 0x000002adf9738030 nmethod 8116 0x000002ade6a95a90 code [0x000002ade6a95c40, 0x000002ade6a95e28]
Event: 10734.911 Thread 0x000002adf95dbce0 nmethod 8112 0x000002aded6f5110 code [0x000002aded6f5320, 0x000002aded6f5760]
Event: 10734.911 Thread 0x000002adf95dbce0 8113  s    4       com.mysql.cj.protocol.ReadAheadInputStream::read (105 bytes)
Event: 10734.920 Thread 0x000002adf9738030 8117       3       com.mysql.cj.protocol.a.ColumnDefinitionReader::read (161 bytes)
Event: 10734.933 Thread 0x000002adf9738030 nmethod 8117 0x000002ade6a95f10 code [0x000002ade6a96180, 0x000002ade6a96e78]

GC Heap History (20 events):
Event: 14.666 GC heap before
{Heap before GC invocations=26 (full 0):
 garbage-first heap   total 51200K, used 40389K [0x00000000c8e00000, 0x0000000100000000)
  region size 1024K, 19 young (19456K), 3 survivors (3072K)
 Metaspace       used 59794K, capacity 60331K, committed 60492K, reserved 1101824K
  class space    used 7344K, capacity 7521K, committed 7552K, reserved 1048576K
}
Event: 14.676 GC heap after
{Heap after GC invocations=27 (full 0):
 garbage-first heap   total 51200K, used 25211K [0x00000000c8e00000, 0x0000000100000000)
  region size 1024K, 3 young (3072K), 3 survivors (3072K)
 Metaspace       used 59794K, capacity 60331K, committed 60492K, reserved 1101824K
  class space    used 7344K, capacity 7521K, committed 7552K, reserved 1048576K
}
Event: 15.210 GC heap before
{Heap before GC invocations=27 (full 0):
 garbage-first heap   total 51200K, used 40571K [0x00000000c8e00000, 0x0000000100000000)
  region size 1024K, 18 young (18432K), 3 survivors (3072K)
 Metaspace       used 62313K, capacity 62802K, committed 63052K, reserved 1103872K
  class space    used 7627K, capacity 7786K, committed 7808K, reserved 1048576K
}
Event: 15.217 GC heap after
{Heap after GC invocations=28 (full 0):
 garbage-first heap   total 51200K, used 26196K [0x00000000c8e00000, 0x0000000100000000)
  region size 1024K, 3 young (3072K), 3 survivors (3072K)
 Metaspace       used 62313K, capacity 62802K, committed 63052K, reserved 1103872K
  class space    used 7627K, capacity 7786K, committed 7808K, reserved 1048576K
}
Event: 15.408 GC heap before
{Heap before GC invocations=29 (full 0):
 garbage-first heap   total 55296K, used 39508K [0x00000000c8e00000, 0x0000000100000000)
  region size 1024K, 16 young (16384K), 3 survivors (3072K)
 Metaspace       used 62436K, capacity 62940K, committed 63180K, reserved 1103872K
  class space    used 7638K, capacity 7826K, committed 7936K, reserved 1048576K
}
Event: 15.414 GC heap after
{Heap after GC invocations=30 (full 0):
 garbage-first heap   total 66560K, used 26635K [0x00000000c8e00000, 0x0000000100000000)
  region size 1024K, 2 young (2048K), 2 survivors (2048K)
 Metaspace       used 62436K, capacity 62940K, committed 63180K, reserved 1103872K
  class space    used 7638K, capacity 7826K, committed 7936K, reserved 1048576K
}
Event: 15.940 GC heap before
{Heap before GC invocations=30 (full 0):
 garbage-first heap   total 66560K, used 51211K [0x00000000c8e00000, 0x0000000100000000)
  region size 1024K, 26 young (26624K), 2 survivors (2048K)
 Metaspace       used 63225K, capacity 63784K, committed 63948K, reserved 1105920K
  class space    used 7750K, capacity 7931K, committed 7936K, reserved 1048576K
}
Event: 15.949 GC heap after
{Heap after GC invocations=31 (full 0):
 garbage-first heap   total 66560K, used 28913K [0x00000000c8e00000, 0x0000000100000000)
  region size 1024K, 4 young (4096K), 4 survivors (4096K)
 Metaspace       used 63225K, capacity 63784K, committed 63948K, reserved 1105920K
  class space    used 7750K, capacity 7931K, committed 7936K, reserved 1048576K
}
Event: 16.540 GC heap before
{Heap before GC invocations=31 (full 0):
 garbage-first heap   total 66560K, used 52465K [0x00000000c8e00000, 0x0000000100000000)
  region size 1024K, 27 young (27648K), 4 survivors (4096K)
 Metaspace       used 64916K, capacity 65478K, committed 65612K, reserved 1105920K
  class space    used 8000K, capacity 8195K, committed 8320K, reserved 1048576K
}
Event: 16.550 GC heap after
{Heap after GC invocations=32 (full 0):
 garbage-first heap   total 66560K, used 31303K [0x00000000c8e00000, 0x0000000100000000)
  region size 1024K, 3 young (3072K), 3 survivors (3072K)
 Metaspace       used 64916K, capacity 65478K, committed 65612K, reserved 1105920K
  class space    used 8000K, capacity 8195K, committed 8320K, reserved 1048576K
}
Event: 17.289 GC heap before
{Heap before GC invocations=32 (full 0):
 garbage-first heap   total 66560K, used 51783K [0x00000000c8e00000, 0x0000000100000000)
  region size 1024K, 23 young (23552K), 3 survivors (3072K)
 Metaspace       used 66544K, capacity 67105K, committed 67276K, reserved 1107968K
  class space    used 8197K, capacity 8410K, committed 8448K, reserved 1048576K
}
Event: 17.299 GC heap after
{Heap after GC invocations=33 (full 0):
 garbage-first heap   total 66560K, used 33747K [0x00000000c8e00000, 0x0000000100000000)
  region size 1024K, 3 young (3072K), 3 survivors (3072K)
 Metaspace       used 66544K, capacity 67105K, committed 67276K, reserved 1107968K
  class space    used 8197K, capacity 8410K, committed 8448K, reserved 1048576K
}
Event: 726.189 GC heap before
{Heap before GC invocations=33 (full 0):
 garbage-first heap   total 66560K, used 52179K [0x00000000c8e00000, 0x0000000100000000)
  region size 1024K, 21 young (21504K), 3 survivors (3072K)
 Metaspace       used 67840K, capacity 68433K, committed 68684K, reserved 1110016K
  class space    used 8347K, capacity 8550K, committed 8576K, reserved 1048576K
}
Event: 726.454 GC heap after
{Heap after GC invocations=34 (full 0):
 garbage-first heap   total 66560K, used 35152K [0x00000000c8e00000, 0x0000000100000000)
  region size 1024K, 2 young (2048K), 2 survivors (2048K)
 Metaspace       used 67840K, capacity 68433K, committed 68684K, reserved 1110016K
  class space    used 8347K, capacity 8550K, committed 8576K, reserved 1048576K
}
Event: 730.972 GC heap before
{Heap before GC invocations=35 (full 0):
 garbage-first heap   total 66560K, used 53584K [0x00000000c8e00000, 0x0000000100000000)
  region size 1024K, 20 young (20480K), 2 survivors (2048K)
 Metaspace       used 71775K, capacity 72383K, committed 72524K, reserved 1112064K
  class space    used 8839K, capacity 9049K, committed 9088K, reserved 1048576K
}
Event: 730.988 GC heap after
{Heap after GC invocations=36 (full 0):
 garbage-first heap   total 66560K, used 36485K [0x00000000c8e00000, 0x0000000100000000)
  region size 1024K, 2 young (2048K), 2 survivors (2048K)
 Metaspace       used 71775K, capacity 72383K, committed 72524K, reserved 1112064K
  class space    used 8839K, capacity 9049K, committed 9088K, reserved 1048576K
}
Event: 750.586 GC heap before
{Heap before GC invocations=36 (full 0):
 garbage-first heap   total 66560K, used 37509K [0x00000000c8e00000, 0x0000000100000000)
  region size 1024K, 3 young (3072K), 2 survivors (2048K)
 Metaspace       used 71935K, capacity 72588K, committed 72908K, reserved 1114112K
  class space    used 8854K, capacity 9093K, committed 9216K, reserved 1048576K
}
Event: 750.628 GC heap after
{Heap after GC invocations=37 (full 0):
 garbage-first heap   total 66560K, used 33667K [0x00000000c8e00000, 0x0000000100000000)
  region size 1024K, 1 young (1024K), 1 survivors (1024K)
 Metaspace       used 71935K, capacity 72588K, committed 72908K, reserved 1114112K
  class space    used 8854K, capacity 9093K, committed 9216K, reserved 1048576K
}
Event: 10480.224 GC heap before
{Heap before GC invocations=37 (full 0):
 garbage-first heap   total 66560K, used 52099K [0x00000000c8e00000, 0x0000000100000000)
  region size 1024K, 20 young (20480K), 1 survivors (1024K)
 Metaspace       used 72910K, capacity 73619K, committed 73932K, reserved 1114112K
  class space    used 8925K, capacity 9151K, committed 9216K, reserved 1048576K
}
Event: 10480.308 GC heap after
{Heap after GC invocations=38 (full 0):
 garbage-first heap   total 66560K, used 35074K [0x00000000c8e00000, 0x0000000100000000)
  region size 1024K, 2 young (2048K), 2 survivors (2048K)
 Metaspace       used 72910K, capacity 73619K, committed 73932K, reserved 1114112K
  class space    used 8925K, capacity 9151K, committed 9216K, reserved 1048576K
}

Deoptimization events (20 events):
Event: 10481.643 Thread 0x000002adfc9103a0 Uncommon trap: trap_request=0xfffffff4 fr.pc=0x000002aded4d485c relative=0x000000000000061c
Event: 10481.643 Thread 0x000002adfc9103a0 Uncommon trap: reason=null_check action=make_not_entrant pc=0x000002aded4d485c method=java.lang.Class.reflectionData()Ljava/lang/Class$ReflectionData; @ 18 c2
Event: 10481.643 Thread 0x000002adfc9103a0 DEOPT PACKING pc=0x000002aded4d485c sp=0x000000dc234fca40
Event: 10481.643 Thread 0x000002adfc9103a0 DEOPT UNPACKING pc=0x000002ade58de42f sp=0x000000dc234fc988 mode 2
Event: 10481.698 Thread 0x000002adfc9103a0 Uncommon trap: trap_request=0xffffff54 fr.pc=0x000002aded494bb0 relative=0x0000000000000390
Event: 10481.698 Thread 0x000002adfc9103a0 Uncommon trap: reason=speculate_null_assert action=make_not_entrant pc=0x000002aded494bb0 method=org.springframework.util.ConcurrentReferenceHashMap$Segment.restructureIfNecessary(Z)V @ 41 c2
Event: 10481.698 Thread 0x000002adfc9103a0 DEOPT PACKING pc=0x000002aded494bb0 sp=0x000000dc234fd2c0
Event: 10481.698 Thread 0x000002adfc9103a0 DEOPT UNPACKING pc=0x000002ade58de42f sp=0x000000dc234fd208 mode 2
Event: 10732.987 Thread 0x000002adfc910870 Uncommon trap: trap_request=0xfffffff4 fr.pc=0x000002aded4c0a68 relative=0x0000000000000068
Event: 10732.988 Thread 0x000002adfc910870 Uncommon trap: reason=null_check action=make_not_entrant pc=0x000002aded4c0a68 method=java.lang.Class.isAnnotation()Z @ 1 c2
Event: 10732.988 Thread 0x000002adfc910870 DEOPT PACKING pc=0x000002aded4c0a68 sp=0x000000dc236fd0a0
Event: 10732.992 Thread 0x000002adfc910870 DEOPT UNPACKING pc=0x000002ade58de42f sp=0x000000dc236fd030 mode 2
Event: 10733.100 Thread 0x000002adfc910870 DEOPT PACKING pc=0x000002ade6625f04 sp=0x000000dc236fd410
Event: 10733.101 Thread 0x000002adfc910870 DEOPT UNPACKING pc=0x000002ade58de23f sp=0x000000dc236fc8c0 mode 0
Event: 10733.960 Thread 0x000002adfc910870 Uncommon trap: trap_request=0xfffffff4 fr.pc=0x000002aded5fe364 relative=0x0000000000003f84
Event: 10733.960 Thread 0x000002adfc910870 Uncommon trap: reason=null_check action=make_not_entrant pc=0x000002aded5fe364 method=java.lang.Class.reflectionData()Ljava/lang/Class$ReflectionData; @ 18 c2
Event: 10733.960 Thread 0x000002adfc910870 DEOPT PACKING pc=0x000002aded5fe364 sp=0x000000dc236fb1d0
Event: 10733.961 Thread 0x000002adfc910870 DEOPT UNPACKING pc=0x000002ade58de42f sp=0x000000dc236fb0b8 mode 2
Event: 10734.906 Thread 0x000002adfc910870 DEOPT PACKING pc=0x000002ade662f102 sp=0x000000dc236f9fb0
Event: 10734.907 Thread 0x000002adfc910870 DEOPT UNPACKING pc=0x000002ade58de23f sp=0x000000dc236f9540 mode 0

Classes unloaded (20 events):
Event: 10480.711 Thread 0x000002adf9550a90 Unloading class 0x000000010018b440 'java/lang/invoke/LambdaForm$MH+0x000000010018b440'
Event: 10480.711 Thread 0x000002adf9550a90 Unloading class 0x000000010018b040 'java/lang/invoke/LambdaForm$MH+0x000000010018b040'
Event: 10480.711 Thread 0x000002adf9550a90 Unloading class 0x000000010018bc40 'java/lang/invoke/LambdaForm$MH+0x000000010018bc40'
Event: 10480.711 Thread 0x000002adf9550a90 Unloading class 0x000000010018b840 'java/lang/invoke/LambdaForm$MH+0x000000010018b840'
Event: 10480.711 Thread 0x000002adf9550a90 Unloading class 0x000000010018d440 'java/lang/invoke/LambdaForm$MH+0x000000010018d440'
Event: 10480.711 Thread 0x000002adf9550a90 Unloading class 0x000000010018d040 'java/lang/invoke/LambdaForm$MH+0x000000010018d040'
Event: 10480.711 Thread 0x000002adf9550a90 Unloading class 0x000000010018dc40 'java/lang/invoke/LambdaForm$MH+0x000000010018dc40'
Event: 10480.711 Thread 0x000002adf9550a90 Unloading class 0x000000010018d840 'java/lang/invoke/LambdaForm$MH+0x000000010018d840'
Event: 10480.711 Thread 0x000002adf9550a90 Unloading class 0x000000010018e440 'java/lang/invoke/LambdaForm$MH+0x000000010018e440'
Event: 10480.711 Thread 0x000002adf9550a90 Unloading class 0x000000010018ec40 'java/lang/invoke/LambdaForm$MH+0x000000010018ec40'
Event: 10480.711 Thread 0x000002adf9550a90 Unloading class 0x0000000100127c40 'java/lang/invoke/LambdaForm$MH+0x0000000100127c40'
Event: 10480.712 Thread 0x000002adf9550a90 Unloading class 0x0000000100122c40 'java/lang/invoke/LambdaForm$MH+0x0000000100122c40'
Event: 10480.712 Thread 0x000002adf9550a90 Unloading class 0x0000000100122840 'java/lang/invoke/LambdaForm$MH+0x0000000100122840'
Event: 10480.712 Thread 0x000002adf9550a90 Unloading class 0x0000000100122440 'java/lang/invoke/LambdaForm$MH+0x0000000100122440'
Event: 10480.712 Thread 0x000002adf9550a90 Unloading class 0x0000000100122040 'java/lang/invoke/LambdaForm$MH+0x0000000100122040'
Event: 10480.712 Thread 0x000002adf9550a90 Unloading class 0x0000000100121c40 'java/lang/invoke/LambdaForm$MH+0x0000000100121c40'
Event: 10480.712 Thread 0x000002adf9550a90 Unloading class 0x0000000100121840 'java/lang/invoke/LambdaForm$MH+0x0000000100121840'
Event: 10480.712 Thread 0x000002adf9550a90 Unloading class 0x0000000100121440 'java/lang/invoke/LambdaForm$MH+0x0000000100121440'
Event: 10480.712 Thread 0x000002adf9550a90 Unloading class 0x0000000100121040 'java/lang/invoke/LambdaForm$MH+0x0000000100121040'
Event: 10480.712 Thread 0x000002adf9550a90 Unloading class 0x0000000100120840 'java/lang/invoke/LambdaForm$MH+0x0000000100120840'

Classes redefined (0 events):
No events

Internal exceptions (20 events):
Event: 730.715 Thread 0x000002adfc90f060 Exception <a 'java/lang/ClassNotFoundException'{0x00000000cbe650f8}: com/fasterxml/jackson/databind/jsonschema/SchemaAwareCustomizer> (0x00000000cbe650f8) 
thrown [./open/src/hotspot/share/classfile/systemDictionary.cpp, line 295]
Event: 730.725 Thread 0x000002adfc90f060 Exception <a 'java/lang/ClassNotFoundException'{0x00000000cbe6dd20}: com/fasterxml/jackson/databind/jsonFormatVisitors/JsonFormatVisitableCustomizer> (0x00000000cbe6dd20) 
thrown [./open/src/hotspot/share/classfile/systemDictionary.cpp, line 295]
Event: 730.802 Thread 0x000002adfc90f060 Implicit null exception at 0x000002aded3a3554 to 0x000002aded3a35d8
Event: 730.892 Thread 0x000002adfc90f060 Exception <a 'java/lang/ClassNotFoundException'{0x00000000cbd98c70}: java/lang/ObjectCustomizer> (0x00000000cbd98c70) 
thrown [./open/src/hotspot/share/classfile/systemDictionary.cpp, line 295]
Event: 730.896 Thread 0x000002adfc90f060 Exception <a 'java/lang/ClassNotFoundException'{0x00000000cbda2f80}: com/fasterxml/jackson/databind/JsonSerializerCustomizer> (0x00000000cbda2f80) 
thrown [./open/src/hotspot/share/classfile/systemDictionary.cpp, line 295]
Event: 730.911 Thread 0x000002adfc90f060 Exception <a 'java/lang/ClassNotFoundException'{0x00000000cbdb18b0}: com/fasterxml/jackson/databind/ser/std/StdSerializerCustomizer> (0x00000000cbdb18b0) 
thrown [./open/src/hotspot/share/classfile/systemDictionary.cpp, line 295]
Event: 730.920 Thread 0x000002adfc90f060 Exception <a 'java/lang/ClassNotFoundException'{0x00000000cbdc0578}: com/fasterxml/jackson/databind/ser/std/StdScalarSerializerCustomizer> (0x00000000cbdc0578) 
thrown [./open/src/hotspot/share/classfile/systemDictionary.cpp, line 295]
Event: 730.925 Thread 0x000002adfc90f060 Exception <a 'java/lang/ClassNotFoundException'{0x00000000cbdce9c0}: org/springframework/hateoas/mediatype/hal/Jackson2HalModule$TrueOnlyBooleanSerializerCustomizer> (0x00000000cbdce9c0) 
thrown [./open/src/hotspot/share/classfile/systemDictionary.cpp, line 295]
Event: 730.930 Thread 0x000002adfc90f060 Exception <a 'java/lang/ClassNotFoundException'{0x00000000cbde15c0}: com/fasterxml/jackson/databind/jsonFormatVisitors/JsonFormatVisitableCustomizer> (0x00000000cbde15c0) 
thrown [./open/src/hotspot/share/classfile/systemDictionary.cpp, line 295]
Event: 730.936 Thread 0x000002adfc90f060 Exception <a 'java/lang/ClassNotFoundException'{0x00000000cbde92d0}: com/fasterxml/jackson/databind/jsonschema/SchemaAwareCustomizer> (0x00000000cbde92d0) 
thrown [./open/src/hotspot/share/classfile/systemDictionary.cpp, line 295]
Event: 730.951 Thread 0x000002adfc90f060 Exception <a 'java/lang/ClassNotFoundException'{0x00000000cbdf1e68}: com/fasterxml/jackson/databind/jsonFormatVisitors/JsonFormatVisitableCustomizer> (0x00000000cbdf1e68) 
thrown [./open/src/hotspot/share/classfile/systemDictionary.cpp, line 295]
Event: 750.574 Thread 0x000002adfc9103a0 Implicit null exception at 0x000002aded37b5d4 to 0x000002aded37bbac
Event: 10479.851 Thread 0x000002adfc90fed0 Exception <a 'java/lang/NoSuchMethodError'{0x00000000cbb30e20}: 'java.lang.Object java.lang.invoke.DirectMethodHandle$Holder.invokeInterface(java.lang.Object, java.lang.Object, java.lang.Object, java.lang.Object)'> (0x00000000cbb30e20) 
thrown [./open/src/hotspot/share/interpreter/linkResolver.cpp, line 782]
Event: 10480.170 Thread 0x000002adfc90fed0 Implicit null exception at 0x000002aded62e38c to 0x000002aded62f158
Event: 10480.507 Thread 0x000002adfc9103a0 Exception <a 'java/lang/NoSuchMethodError'{0x00000000cce46028}: 'java.lang.Object java.lang.invoke.DirectMethodHandle$Holder.invokeStatic(java.lang.Object, int, int)'> (0x00000000cce46028) 
thrown [./open/src/hotspot/share/interpreter/linkResolver.cpp, line 782]
Event: 10481.374 Thread 0x000002adfc9103a0 Implicit null exception at 0x000002aded5028fa to 0x000002aded5085b0
Event: 10481.642 Thread 0x000002adfc9103a0 Implicit null exception at 0x000002aded63406e to 0x000002aded63492c
Event: 10481.642 Thread 0x000002adfc9103a0 Implicit null exception at 0x000002aded49a526 to 0x000002aded49a8b4
Event: 10481.643 Thread 0x000002adfc9103a0 Implicit null exception at 0x000002aded4d42ab to 0x000002aded4d4838
Event: 10733.959 Thread 0x000002adfc910870 Implicit null exception at 0x000002aded5fa459 to 0x000002aded5fe344

Events (20 events):
Event: 9279.564 Thread 0x000002adfebce890 Thread added: 0x000002adfebce890
Event: 9279.565 Thread 0x000002adfebcb870 Thread added: 0x000002adfebcb870
Event: 9285.538 Thread 0x000002adfebcb870 Thread exited: 0x000002adfebcb870
Event: 9285.538 Thread 0x000002adfebce890 Thread exited: 0x000002adfebce890
Event: 9294.053 Thread 0x000002adfebcb3a0 Thread added: 0x000002adfebcb3a0
Event: 9294.053 Thread 0x000002adfebd0f10 Thread added: 0x000002adfebd0f10
Event: 9301.852 Thread 0x000002adfebcb3a0 Thread exited: 0x000002adfebcb3a0
Event: 9301.867 Thread 0x000002adfebd0f10 Thread exited: 0x000002adfebd0f10
Event: 10480.223 Executing VM operation: G1CollectForAllocation
Event: 10480.310 Executing VM operation: G1CollectForAllocation done
Event: 10480.510 loading class java/util/ArrayList$SubList$2
Event: 10480.527 loading class java/util/ArrayList$SubList$2 done
Event: 10480.696 Executing VM operation: G1Concurrent
Event: 10481.286 Executing VM operation: G1Concurrent done
Event: 10481.286 Executing VM operation: HandshakeAllThreads
Event: 10481.437 Executing VM operation: HandshakeAllThreads done
Event: 10481.437 Executing VM operation: G1Concurrent
Event: 10481.443 Executing VM operation: G1Concurrent done
Event: 10482.457 Executing VM operation: HandshakeAllThreads
Event: 10482.457 Executing VM operation: HandshakeAllThreads done


Dynamic libraries:
0x00007ff70c930000 - 0x00007ff70c93d000 	C:\Users\Aditya\Downloads\eclipse-jee-2021-03-R-win32-x86_64\eclipse\plugins\org.eclipse.justj.openjdk.hotspot.jre.full.win32.x86_64_15.0.2.v20210201-0955\jre\bin\javaw.exe
0x00007fffde330000 - 0x00007fffde525000 	C:\windows\SYSTEM32\ntdll.dll
0x00007fffdda70000 - 0x00007fffddb2e000 	C:\windows\System32\KERNEL32.DLL
0x00007fffdbbf0000 - 0x00007fffdbeb8000 	C:\windows\System32\KERNELBASE.dll
0x00007fffdba40000 - 0x00007fffdbb40000 	C:\windows\System32\ucrtbase.dll
0x00007fffbfc50000 - 0x00007fffbfc69000 	C:\Users\Aditya\Downloads\eclipse-jee-2021-03-R-win32-x86_64\eclipse\plugins\org.eclipse.justj.openjdk.hotspot.jre.full.win32.x86_64_15.0.2.v20210201-0955\jre\bin\VCRUNTIME140.dll
0x00007fffc2420000 - 0x00007fffc2438000 	C:\Users\Aditya\Downloads\eclipse-jee-2021-03-R-win32-x86_64\eclipse\plugins\org.eclipse.justj.openjdk.hotspot.jre.full.win32.x86_64_15.0.2.v20210201-0955\jre\bin\jli.dll
0x00007fffdc370000 - 0x00007fffdc511000 	C:\windows\System32\USER32.dll
0x00007fffdbf20000 - 0x00007fffdbf42000 	C:\windows\System32\win32u.dll
0x00007fffdde00000 - 0x00007fffdde2b000 	C:\windows\System32\GDI32.dll
0x00007fffdc130000 - 0x00007fffdc23d000 	C:\windows\System32\gdi32full.dll
0x00007fffdc240000 - 0x00007fffdc2dd000 	C:\windows\System32\msvcp_win.dll
0x00007fffc53a0000 - 0x00007fffc563a000 	C:\windows\WinSxS\amd64_microsoft.windows.common-controls_6595b64144ccf1df_6.0.19041.1110_none_60b5254171f9507e\COMCTL32.dll
0x00007fffdd9d0000 - 0x00007fffdda6e000 	C:\windows\System32\msvcrt.dll
0x00007fffdd9a0000 - 0x00007fffdd9d0000 	C:\windows\System32\IMM32.DLL
0x00007fffd6c90000 - 0x00007fffd6c9c000 	C:\Users\Aditya\Downloads\eclipse-jee-2021-03-R-win32-x86_64\eclipse\plugins\org.eclipse.justj.openjdk.hotspot.jre.full.win32.x86_64_15.0.2.v20210201-0955\jre\bin\vcruntime140_1.dll
0x00007fff72e60000 - 0x00007fff72ef1000 	C:\Users\Aditya\Downloads\eclipse-jee-2021-03-R-win32-x86_64\eclipse\plugins\org.eclipse.justj.openjdk.hotspot.jre.full.win32.x86_64_15.0.2.v20210201-0955\jre\bin\msvcp140.dll
0x00007fff4acf0000 - 0x00007fff4b84e000 	C:\Users\Aditya\Downloads\eclipse-jee-2021-03-R-win32-x86_64\eclipse\plugins\org.eclipse.justj.openjdk.hotspot.jre.full.win32.x86_64_15.0.2.v20210201-0955\jre\bin\server\jvm.dll
0x00007fffddba0000 - 0x00007fffddc4e000 	C:\windows\System32\ADVAPI32.dll
0x00007fffdc650000 - 0x00007fffdc6ec000 	C:\windows\System32\sechost.dll
0x00007fffdca20000 - 0x00007fffdcb45000 	C:\windows\System32\RPCRT4.dll
0x00007fffdca10000 - 0x00007fffdca18000 	C:\windows\System32\PSAPI.DLL
0x00007fffd3c00000 - 0x00007fffd3c0a000 	C:\windows\SYSTEM32\VERSION.dll
0x00007fffd17a0000 - 0x00007fffd17c7000 	C:\windows\SYSTEM32\WINMM.dll
0x00007fffc19e0000 - 0x00007fffc19e9000 	C:\windows\SYSTEM32\WSOCK32.dll
0x00007fffddb30000 - 0x00007fffddb9b000 	C:\windows\System32\WS2_32.dll
0x00007fffd9820000 - 0x00007fffd9832000 	C:\windows\SYSTEM32\kernel.appcore.dll
0x00007fffd6c70000 - 0x00007fffd6c7a000 	C:\Users\Aditya\Downloads\eclipse-jee-2021-03-R-win32-x86_64\eclipse\plugins\org.eclipse.justj.openjdk.hotspot.jre.full.win32.x86_64_15.0.2.v20210201-0955\jre\bin\jimage.dll
0x00007fffc7960000 - 0x00007fffc7b44000 	C:\windows\SYSTEM32\DBGHELP.DLL
0x00007fffc1ad0000 - 0x00007fffc1afc000 	C:\windows\SYSTEM32\dbgcore.DLL
0x00007fffdc2e0000 - 0x00007fffdc362000 	C:\windows\System32\bcryptPrimitives.dll
0x00007fffb5ab0000 - 0x00007fffb5ad5000 	C:\Users\Aditya\Downloads\eclipse-jee-2021-03-R-win32-x86_64\eclipse\plugins\org.eclipse.justj.openjdk.hotspot.jre.full.win32.x86_64_15.0.2.v20210201-0955\jre\bin\java.dll
0x00007fffb5a90000 - 0x00007fffb5aa8000 	C:\Users\Aditya\Downloads\eclipse-jee-2021-03-R-win32-x86_64\eclipse\plugins\org.eclipse.justj.openjdk.hotspot.jre.full.win32.x86_64_15.0.2.v20210201-0955\jre\bin\zip.dll
0x00007fffdd250000 - 0x00007fffdd994000 	C:\windows\System32\SHELL32.dll
0x00007fffd9b30000 - 0x00007fffda2c5000 	C:\windows\SYSTEM32\windows.storage.dll
0x00007fffddf10000 - 0x00007fffde265000 	C:\windows\System32\combase.dll
0x00007fffdb3c0000 - 0x00007fffdb3ee000 	C:\windows\SYSTEM32\Wldp.dll
0x00007fffdcb50000 - 0x00007fffdcbfd000 	C:\windows\System32\SHCORE.dll
0x00007fffdcc10000 - 0x00007fffdcc65000 	C:\windows\System32\shlwapi.dll
0x00007fffdb980000 - 0x00007fffdb99f000 	C:\windows\SYSTEM32\profapi.dll
0x00007fffb5a70000 - 0x00007fffb5a89000 	C:\Users\Aditya\Downloads\eclipse-jee-2021-03-R-win32-x86_64\eclipse\plugins\org.eclipse.justj.openjdk.hotspot.jre.full.win32.x86_64_15.0.2.v20210201-0955\jre\bin\net.dll
0x00007fffd4700000 - 0x00007fffd480c000 	C:\windows\SYSTEM32\WINHTTP.dll
0x00007fffdb120000 - 0x00007fffdb18a000 	C:\windows\system32\mswsock.dll
0x00007fffb5a50000 - 0x00007fffb5a62000 	C:\Users\Aditya\Downloads\eclipse-jee-2021-03-R-win32-x86_64\eclipse\plugins\org.eclipse.justj.openjdk.hotspot.jre.full.win32.x86_64_15.0.2.v20210201-0955\jre\bin\nio.dll
0x00007fffc1fa0000 - 0x00007fffc1fb0000 	C:\Users\Aditya\Downloads\eclipse-jee-2021-03-R-win32-x86_64\eclipse\plugins\org.eclipse.justj.openjdk.hotspot.jre.full.win32.x86_64_15.0.2.v20210201-0955\jre\bin\verify.dll
0x00007fffb6ad0000 - 0x00007fffb6ad9000 	C:\Users\Aditya\Downloads\eclipse-jee-2021-03-R-win32-x86_64\eclipse\plugins\org.eclipse.justj.openjdk.hotspot.jre.full.win32.x86_64_15.0.2.v20210201-0955\jre\bin\management.dll
0x00007fffb5880000 - 0x00007fffb588b000 	C:\Users\Aditya\Downloads\eclipse-jee-2021-03-R-win32-x86_64\eclipse\plugins\org.eclipse.justj.openjdk.hotspot.jre.full.win32.x86_64_15.0.2.v20210201-0955\jre\bin\management_ext.dll
0x00007fffc1d80000 - 0x00007fffc1d97000 	C:\windows\system32\napinsp.dll
0x00007fffc1d60000 - 0x00007fffc1d7b000 	C:\windows\system32\pnrpnsp.dll
0x00007fffc1d40000 - 0x00007fffc1d55000 	C:\windows\system32\wshbth.dll
0x00007fffd7420000 - 0x00007fffd743d000 	C:\windows\system32\NLAapi.dll
0x00007fffdae10000 - 0x00007fffdae4b000 	C:\windows\SYSTEM32\IPHLPAPI.DLL
0x00007fffdae50000 - 0x00007fffdaf1b000 	C:\windows\SYSTEM32\DNSAPI.dll
0x00007fffdc800000 - 0x00007fffdc808000 	C:\windows\System32\NSI.dll
0x00007fffc1cb0000 - 0x00007fffc1cc2000 	C:\windows\System32\winrnr.dll
0x00007fffc5290000 - 0x00007fffc529a000 	C:\Windows\System32\rasadhlp.dll
0x00007fffc5a10000 - 0x00007fffc5a8f000 	C:\windows\System32\fwpuclnt.dll
0x00007fffdbf50000 - 0x00007fffdbf77000 	C:\windows\System32\bcrypt.dll
0x00007fffdb310000 - 0x00007fffdb328000 	C:\windows\SYSTEM32\CRYPTSP.dll
0x00007fffdaaa0000 - 0x00007fffdaad4000 	C:\windows\system32\rsaenh.dll
0x00007fffdb900000 - 0x00007fffdb92e000 	C:\windows\SYSTEM32\USERENV.dll
0x00007fffdb330000 - 0x00007fffdb33c000 	C:\windows\SYSTEM32\CRYPTBASE.dll
0x00007fffd1780000 - 0x00007fffd1797000 	C:\windows\SYSTEM32\dhcpcsvc6.DLL
0x00007fffd3240000 - 0x00007fffd325d000 	C:\windows\SYSTEM32\dhcpcsvc.DLL

dbghelp: loaded successfully - version: 4.0.5 - missing functions: none
symbol engine: initialized successfully - sym options: 0x614 - pdb path: .;C:\Users\Aditya\Downloads\eclipse-jee-2021-03-R-win32-x86_64\eclipse\plugins\org.eclipse.justj.openjdk.hotspot.jre.full.win32.x86_64_15.0.2.v20210201-0955\jre\bin;C:\windows\SYSTEM32;C:\windows\WinSxS\amd64_microsoft.windows.common-controls_6595b64144ccf1df_6.0.19041.1110_none_60b5254171f9507e;C:\Users\Aditya\Downloads\eclipse-jee-2021-03-R-win32-x86_64\eclipse\plugins\org.eclipse.justj.openjdk.hotspot.jre.full.win32.x86_64_15.0.2.v20210201-0955\jre\bin\server

VM Arguments:
jvm_args: -Dfile.encoding=UTF-8 -XX:+ShowCodeDetailsInExceptionMessages 
java_command: com.ecommerce.springboot.SpringBootEcommerceApplication
java_class_path (initial): D:\Ecommerce-Project\backend\spring-boot-ecommerce\target\classes;C:\Users\Aditya\.m2\repository\org\springframework\boot\spring-boot-starter-data-jpa\2.6.4\spring-boot-starter-data-jpa-2.6.4.jar;C:\Users\Aditya\.m2\repository\org\springframework\boot\spring-boot-starter-aop\2.6.4\spring-boot-starter-aop-2.6.4.jar;C:\Users\Aditya\.m2\repository\org\springframework\spring-aop\5.3.16\spring-aop-5.3.16.jar;C:\Users\Aditya\.m2\repository\org\aspectj\aspectjweaver\1.9.7\aspectjweaver-1.9.7.jar;C:\Users\Aditya\.m2\repository\org\springframework\boot\spring-boot-starter-jdbc\2.6.4\spring-boot-starter-jdbc-2.6.4.jar;C:\Users\Aditya\.m2\repository\com\zaxxer\HikariCP\4.0.3\HikariCP-4.0.3.jar;C:\Users\Aditya\.m2\repository\org\springframework\spring-jdbc\5.3.16\spring-jdbc-5.3.16.jar;C:\Users\Aditya\.m2\repository\jakarta\transaction\jakarta.transaction-api\1.3.3\jakarta.transaction-api-1.3.3.jar;C:\Users\Aditya\.m2\repository\jakarta\persistence\jakarta.persistence-api\2.2.3\jakarta.persistence-api-2.2.3.jar;C:\Users\Aditya\.m2\repository\org\hibernate\hibernate-core\5.6.5.Final\hibernate-core-5.6.5.Final.jar;C:\Users\Aditya\.m2\repository\org\jboss\logging\jboss-logging\3.4.3.Final\jboss-logging-3.4.3.Final.jar;C:\Users\Aditya\.m2\repository\net\bytebuddy\byte-buddy\1.11.22\byte-buddy-1.11.22.jar;C:\Users\Aditya\.m2\repository\antlr\antlr\2.7.7\antlr-2.7.7.jar;C:\Users\Aditya\.m2\repository\org\jboss\jandex\2.4.2.Final\jandex-2.4.2.Final.jar;C:\Users\Aditya\.m2\repository\com\fasterxml\classmate\1.5.1\classmate-1.5.1.jar;C:\Users\Aditya\.m2\repository\org\hibernate\common\hibernate-commons-annotations\5.1.2.Final\hibernate-commons-annotations-5.1.2.Final.jar;C:\Users\Aditya\.m2\repository\org\glassfish\jaxb\jaxb-runtime\2.3.6\jaxb-runtime-2.3.6.jar;C:\Users\Aditya\.m2\repository\org\glassfish\jaxb\txw2\2.3.6\txw2-2.3.6.jar;C:\Users\Aditya\.m2\repository\com\sun\istack\istack-commons-runtime\3.0.12\istack-commons-runtime-3.0.12.jar;C:\Users\Adity
Launcher Type: SUN_STANDARD

[Global flags]
     intx CICompilerCount                          = 3                                         {product} {ergonomic}
     uint ConcGCThreads                            = 1                                         {product} {ergonomic}
     uint G1ConcRefinementThreads                  = 4                                         {product} {ergonomic}
   size_t G1HeapRegionSize                         = 1048576                                   {product} {ergonomic}
    uintx GCDrainStackTargetSize                   = 64                                        {product} {ergonomic}
   size_t InitialHeapSize                          = 58720256                                  {product} {ergonomic}
   size_t MarkStackSize                            = 4194304                                   {product} {ergonomic}
   size_t MaxHeapSize                              = 924844032                                 {product} {ergonomic}
   size_t MaxNewSize                               = 554696704                                 {product} {ergonomic}
   size_t MinHeapDeltaBytes                        = 1048576                                   {product} {ergonomic}
   size_t MinHeapSize                              = 8388608                                   {product} {ergonomic}
    uintx NonNMethodCodeHeapSize                   = 5832780                                {pd product} {ergonomic}
    uintx NonProfiledCodeHeapSize                  = 122912730                              {pd product} {ergonomic}
    uintx ProfiledCodeHeapSize                     = 122912730                              {pd product} {ergonomic}
    uintx ReservedCodeCacheSize                    = 251658240                              {pd product} {ergonomic}
     bool SegmentedCodeCache                       = true                                      {product} {ergonomic}
     bool ShowCodeDetailsInExceptionMessages       = true                                   {manageable} {command line}
   size_t SoftMaxHeapSize                          = 924844032                              {manageable} {ergonomic}
     bool UseCompressedClassPointers               = true                                 {lp64_product} {ergonomic}
     bool UseCompressedOops                        = true                                 {lp64_product} {ergonomic}
     bool UseG1GC                                  = true                                      {product} {ergonomic}
     bool UseLargePagesIndividualAllocation        = false                                  {pd product} {ergonomic}

Logging:
Log output configuration:
 #0: stdout all=warning uptime,level,tags
 #1: stderr all=off uptime,level,tags

Environment Variables:
JAVA_HOME=C:\Program Files\Java\jdk1.8.0_202
PATH=C:/Users/Aditya/Downloads/eclipse-jee-2021-03-R-win32-x86_64/eclipse//plugins/org.eclipse.justj.openjdk.hotspot.jre.full.win32.x86_64_15.0.2.v20210201-0955/jre/bin/server;C:/Users/Aditya/Downloads/eclipse-jee-2021-03-R-win32-x86_64/eclipse//plugins/org.eclipse.justj.openjdk.hotspot.jre.full.win32.x86_64_15.0.2.v20210201-0955/jre/bin;C:\Program Files (x86)\Common Files\Oracle\Java\javapath;C:\Python310\Scripts\;C:\Python310\;C:\Program Files\Common Files\Oracle\Java\javapath;C:\windows\System32\Wbem;C:\Program Files\Java\jdk-16.0.2\bin;C:\Program Files\MongoDB\Server\5.0\bin;C:\Program Files\Git\cmd;D:\Spring Files\apache-maven-3.8.4\bin;C:\Program Files\nodejs\;C:\ProgramData\chocolatey\bin;D:\API_SOAP\axis2-1.6.2\bin;C:\Program Files\Java\jdk1.8.0_202\bin;C:\Program Files\Java\jdk1.8.0_202\bin;C:\Users\Aditya\AppData\Local\Programs\mongosh\;C:\Users\Aditya\AppData\Local\Programs\Microsoft VS Code\bin;C:\Program Files\MySQL\MySQL Shell 8.0\bin;D:\Spring Files\apache-maven-3.8.4\bin;C:\Users\Aditya\AppData\Roaming\npm;C:\Users\Aditya\Downloads\eclipse-jee-2021-03-R-win32-x86_64\eclipse;
USERNAME=Aditya
OS=Windows_NT
PROCESSOR_IDENTIFIER=AMD64 Family 23 Model 24 Stepping 1, AuthenticAMD



---------------  S Y S T E M  ---------------

OS:
 Windows 10 , 64 bit Build 19041 (10.0.19041.1466)
OS uptime: 1 days 19:06 hours

CPU: total 4 (initial active 4) (4 cores per cpu, 2 threads per core) family 23 model 24 stepping 1 microcode 0x0, cmov, cx8, fxsr, mmx, sse, sse2, sse3, ssse3, sse4.1, sse4.2, popcnt, vzeroupper, avx, avx2, aes, clmul, 3dnowpref, lzcnt, sse4a, ht, tsc, tscinvbit, tscinv, bmi1, bmi2, adx, sha, fma, clflush, clflushopt

Memory: 4k page, system-wide physical 3526M (66M free)
TotalPageFile size 14278M (AvailPageFile size 5M)
current process WorkingSet (physical memory assigned to process): 65M, peak: 233M
current process commit charge ("private bytes"): 247M, peak: 265M

vm_info: OpenJDK 64-Bit Server VM (15.0.2+7-27) for windows-amd64 JRE (15.0.2+7-27), built on Dec  7 2020 20:02:38 by "mach5one" with unknown MS VC++:1925

END.
