#
# There is insufficient memory for the Java Runtime Environment to continue.
# Native memory allocation (malloc) failed to allocate 65552 bytes for Chunk::new
# Possible reasons:
#   The system is out of physical RAM or swap space
#   The process is running with CompressedOops enabled, and the Java Heap may be blocking the growth of the native heap
# Possible solutions:
#   Reduce memory load on the system
#   Increase physical memory or swap space
#   Check if swap backing store is full
#   Decrease Java heap size (-Xmx/-Xms)
#   Decrease number of Java threads
#   Decrease Java thread stack sizes (-Xss)
#   Set larger code cache with -XX:ReservedCodeCacheSize=
#   JVM is running with Unscaled Compressed Oops mode in which the Java heap is
#     placed in the first 4GB address space. The Java Heap base address is the
#     maximum limit for the native heap growth. Please use -XX:HeapBaseMinAddress
#     to set the Java Heap base and to place the Java Heap above 4GB virtual address.
# This output file may be truncated or incomplete.
#
#  Out of Memory Error (./open/src/hotspot/share/memory/arena.cpp:195), pid=5152, tid=26748
#
# JRE version: OpenJDK Runtime Environment (15.0.2+7) (build 15.0.2+7-27)
# Java VM: OpenJDK 64-Bit Server VM (15.0.2+7-27, mixed mode, tiered, compressed oops, g1 gc, windows-amd64)
# No core dump will be written. Minidumps are not enabled by default on client versions of Windows
#

---------------  S U M M A R Y ------------

Command Line: -Dfile.encoding=UTF-8 -XX:+ShowCodeDetailsInExceptionMessages com.ecommerce.springboot.SpringBootEcommerceApplication

Host: AMD Ryzen 3 3250U with Radeon Graphics         , 4 cores, 3G,  Windows 10 , 64 bit Build 19041 (10.0.19041.1466)
Time: Fri May  6 18:31:33 2022 India Standard Time elapsed time: 82.959919 seconds (0d 0h 1m 22s)

---------------  T H R E A D  ---------------

Current thread (0x0000020cce06b7d0):  JavaThread "C2 CompilerThread0" daemon [_thread_in_native, id=26748, stack(0x000000fd0c200000,0x000000fd0c300000)]


Current CompileTask:
C2:  82960 10152       4       org.apache.catalina.core.ApplicationFilterFactory::createFilterChain (344 bytes)

Stack: [0x000000fd0c200000,0x000000fd0c300000]
Native frames: (J=compiled Java code, j=interpreted, Vv=VM code, C=native code)
V  [jvm.dll+0x62ae9a]
V  [jvm.dll+0x7817a9]
V  [jvm.dll+0x782f03]
V  [jvm.dll+0x783563]
V  [jvm.dll+0x216325]
V  [jvm.dll+0x97f3a]
V  [jvm.dll+0x9861c]
V  [jvm.dll+0x650f22]
V  [jvm.dll+0x651273]
V  [jvm.dll+0x652d83]
V  [jvm.dll+0x6517ae]
V  [jvm.dll+0x54128c]
V  [jvm.dll+0x1f2cd4]
V  [jvm.dll+0x1ec477]
V  [jvm.dll+0x1e9867]
V  [jvm.dll+0x178567]
V  [jvm.dll+0x1f9225]
V  [jvm.dll+0x1f72cc]
V  [jvm.dll+0x74495d]
V  [jvm.dll+0x73d75a]
V  [jvm.dll+0x629c56]
C  [ucrtbase.dll+0x21bb2]
C  [KERNEL32.DLL+0x17034]
C  [ntdll.dll+0x52651]


---------------  P R O C E S S  ---------------

Threads class SMR info:
_java_thread_list=0x0000020ccec83810, length=28, elements={
0x0000020cce02e130, 0x0000020cce02ed00, 0x0000020cce066770, 0x0000020cce068140,
0x0000020cce068bf0, 0x0000020cce06b7d0, 0x0000020cce05d150, 0x0000020cce05e030,
0x0000020cce2fc000, 0x0000020cce2e15b0, 0x0000020cd13f6910, 0x0000020cd13f4760,
0x0000020cd13f4290, 0x0000020cd13f55d0, 0x0000020cd13f2f50, 0x0000020cd13f4c30,
0x0000020cd13f5aa0, 0x0000020cd13f5f70, 0x0000020cd13f3dc0, 0x0000020cd58299a0,
0x0000020cd5825b10, 0x0000020cd5828b30, 0x0000020cd5827cc0, 0x0000020cd5828190,
0x0000020cd582b1b0, 0x0000020cd5826e50, 0x0000020cd5828660, 0x0000020cd5827320
}

Java Threads: ( => current thread )
  0x0000020cce02e130 JavaThread "Reference Handler" daemon [_thread_blocked, id=29516, stack(0x000000fd0bd00000,0x000000fd0be00000)]
  0x0000020cce02ed00 JavaThread "Finalizer" daemon [_thread_blocked, id=24096, stack(0x000000fd0be00000,0x000000fd0bf00000)]
  0x0000020cce066770 JavaThread "Signal Dispatcher" daemon [_thread_blocked, id=5852, stack(0x000000fd0bf00000,0x000000fd0c000000)]
  0x0000020cce068140 JavaThread "Attach Listener" daemon [_thread_blocked, id=22716, stack(0x000000fd0c000000,0x000000fd0c100000)]
  0x0000020cce068bf0 JavaThread "Service Thread" daemon [_thread_blocked, id=29184, stack(0x000000fd0c100000,0x000000fd0c200000)]
=>0x0000020cce06b7d0 JavaThread "C2 CompilerThread0" daemon [_thread_in_native, id=26748, stack(0x000000fd0c200000,0x000000fd0c300000)]
  0x0000020cce05d150 JavaThread "C1 CompilerThread0" daemon [_thread_blocked, id=28332, stack(0x000000fd0c300000,0x000000fd0c400000)]
  0x0000020cce05e030 JavaThread "Sweeper thread" daemon [_thread_blocked, id=26224, stack(0x000000fd0c400000,0x000000fd0c500000)]
  0x0000020cce2fc000 JavaThread "Notification Thread" daemon [_thread_blocked, id=26428, stack(0x000000fd0c500000,0x000000fd0c600000)]
  0x0000020cce2e15b0 JavaThread "Common-Cleaner" daemon [_thread_blocked, id=28504, stack(0x000000fd0c700000,0x000000fd0c800000)]
  0x0000020cd13f6910 JavaThread "Catalina-utility-1" [_thread_blocked, id=7428, stack(0x000000fd0ca00000,0x000000fd0cb00000)]
  0x0000020cd13f4760 JavaThread "Catalina-utility-2" [_thread_blocked, id=21464, stack(0x000000fd0cd00000,0x000000fd0ce00000)]
  0x0000020cd13f4290 JavaThread "container-0" [_thread_blocked, id=25908, stack(0x000000fd0ce00000,0x000000fd0cf00000)]
  0x0000020cd13f55d0 JavaThread "mysql-cj-abandoned-connection-cleanup" daemon [_thread_blocked, id=22640, stack(0x000000fd0cf00000,0x000000fd0d000000)]
  0x0000020cd13f2f50 JavaThread "HikariPool-1 housekeeper" daemon [_thread_blocked, id=25768, stack(0x000000fd0d100000,0x000000fd0d200000)]
  0x0000020cd13f4c30 JavaThread "http-nio-8081-exec-1" daemon [_thread_blocked, id=27948, stack(0x000000fd0d300000,0x000000fd0d400000)]
  0x0000020cd13f5aa0 JavaThread "http-nio-8081-exec-2" daemon [_thread_blocked, id=5904, stack(0x000000fd0d400000,0x000000fd0d500000)]
  0x0000020cd13f5f70 JavaThread "http-nio-8081-exec-3" daemon [_thread_blocked, id=23168, stack(0x000000fd0d500000,0x000000fd0d600000)]
  0x0000020cd13f3dc0 JavaThread "http-nio-8081-exec-4" daemon [_thread_blocked, id=14680, stack(0x000000fd0d600000,0x000000fd0d700000)]
  0x0000020cd58299a0 JavaThread "http-nio-8081-exec-5" daemon [_thread_blocked, id=29160, stack(0x000000fd0d700000,0x000000fd0d800000)]
  0x0000020cd5825b10 JavaThread "http-nio-8081-exec-6" daemon [_thread_blocked, id=24864, stack(0x000000fd0d800000,0x000000fd0d900000)]
  0x0000020cd5828b30 JavaThread "http-nio-8081-exec-7" daemon [_thread_blocked, id=29428, stack(0x000000fd0d900000,0x000000fd0da00000)]
  0x0000020cd5827cc0 JavaThread "http-nio-8081-exec-8" daemon [_thread_blocked, id=13020, stack(0x000000fd0da00000,0x000000fd0db00000)]
  0x0000020cd5828190 JavaThread "http-nio-8081-exec-9" daemon [_thread_blocked, id=17736, stack(0x000000fd0db00000,0x000000fd0dc00000)]
  0x0000020cd582b1b0 JavaThread "http-nio-8081-exec-10" daemon [_thread_blocked, id=20084, stack(0x000000fd0dc00000,0x000000fd0dd00000)]
  0x0000020cd5826e50 JavaThread "http-nio-8081-Poller" daemon [_thread_in_native, id=26632, stack(0x000000fd0dd00000,0x000000fd0de00000)]
  0x0000020cd5828660 JavaThread "http-nio-8081-Acceptor" daemon [_thread_in_native, id=19908, stack(0x000000fd0de00000,0x000000fd0df00000)]
  0x0000020cd5827320 JavaThread "DestroyJavaVM" [_thread_blocked, id=4852, stack(0x000000fd0b600000,0x000000fd0b700000)]

Other Threads:
  0x0000020ccdfd1ac0 VMThread "VM Thread" [stack: 0x000000fd0bc00000,0x000000fd0bd00000] [id=16756]
  0x0000020cce2fc8e0 WatcherThread [stack: 0x000000fd0c600000,0x000000fd0c700000] [id=29376]
  0x0000020cb493c400 GCTaskThread "GC Thread#0" [stack: 0x000000fd0b700000,0x000000fd0b800000] [id=16852]
  0x0000020cce6b8e50 GCTaskThread "GC Thread#1" [stack: 0x000000fd0c800000,0x000000fd0c900000] [id=5816]
  0x0000020cce6bae30 GCTaskThread "GC Thread#2" [stack: 0x000000fd0cb00000,0x000000fd0cc00000] [id=14152]
  0x0000020cce6bb160 GCTaskThread "GC Thread#3" [stack: 0x000000fd0cc00000,0x000000fd0cd00000] [id=3660]
  0x0000020cb4945b40 ConcurrentGCThread "G1 Main Marker" [stack: 0x000000fd0b800000,0x000000fd0b900000] [id=25212]
  0x0000020cb4946730 ConcurrentGCThread "G1 Conc#0" [stack: 0x000000fd0b900000,0x000000fd0ba00000] [id=28200]
  0x0000020cb4982730 ConcurrentGCThread "G1 Refine#0" [stack: 0x000000fd0ba00000,0x000000fd0bb00000] [id=2872]
  0x0000020cce8efe00 ConcurrentGCThread "G1 Refine#1" [stack: 0x000000fd0c900000,0x000000fd0ca00000] [id=29192]
  0x0000020ccf9c9460 ConcurrentGCThread "G1 Refine#2" [stack: 0x000000fd0b300000,0x000000fd0b400000] [id=28792]
  0x0000020ccf9c7600 ConcurrentGCThread "G1 Refine#3" [stack: 0x000000fd0b400000,0x000000fd0b500000] [id=28256]
  0x0000020cb4984080 ConcurrentGCThread "G1 Young RemSet Sampling" [stack: 0x000000fd0bb00000,0x000000fd0bc00000] [id=26968]

Threads with active compile tasks:
C2 CompilerThread0    83056 10152       4       org.apache.catalina.core.ApplicationFilterFactory::createFilterChain (344 bytes)

VM state: not at safepoint (normal execution)

VM Mutex/Monitor currently owned by a thread: None

Heap address: 0x00000000c8e00000, size: 882 MB, Compressed Oops mode: 32-bit
CDS disabled.
Compressed class space mapped at: 0x0000000100000000-0x0000000140000000, size: 1073741824
Narrow klass base: 0x0000000000000000, Narrow klass shift: 3, Narrow klass range: 0x140000000

GC Precious Log:
 CPUs: 4 total, 4 available
 Memory: 3526M
 Large Page Support: Disabled
 NUMA Support: Disabled
 Compressed Oops: Enabled (32-bit)
 Heap Region Size: 1M
 Heap Min Capacity: 8M
 Heap Initial Capacity: 56M
 Heap Max Capacity: 882M
 Pre-touch: Disabled
 Parallel Workers: 4
 Concurrent Workers: 1
 Concurrent Refinement Workers: 4
 Periodic GC: Disabled

Heap:
 garbage-first heap   total 70656K, used 41780K [0x00000000c8e00000, 0x0000000100000000)
  region size 1024K, 11 young (11264K), 1 survivors (1024K)
 Metaspace       used 74403K, capacity 75019K, committed 75136K, reserved 1116160K
  class space    used 8840K, capacity 9077K, committed 9088K, reserved 1048576K

Heap Regions: E=young(eden), S=young(survivor), O=old, HS=humongous(starts), HC=humongous(continues), CS=collection set, F=free, OA=open archive, CA=closed archive, TAMS=top-at-mark-start (previous, next)
|   0|0x00000000c8e00000, 0x00000000c8f00000, 0x00000000c8f00000|100%|HS|  |TAMS 0x00000000c8f00000, 0x00000000c8e00000| Complete 
|   1|0x00000000c8f00000, 0x00000000c9000000, 0x00000000c9000000|100%| O|  |TAMS 0x00000000c9000000, 0x00000000c8f00000| Untracked 
|   2|0x00000000c9000000, 0x00000000c9100000, 0x00000000c9100000|100%| O|  |TAMS 0x00000000c9100000, 0x00000000c9000000| Untracked 
|   3|0x00000000c9100000, 0x00000000c9200000, 0x00000000c9200000|100%| O|  |TAMS 0x00000000c9200000, 0x00000000c9100000| Untracked 
|   4|0x00000000c9200000, 0x00000000c9300000, 0x00000000c9300000|100%| O|  |TAMS 0x00000000c9300000, 0x00000000c9200000| Untracked 
|   5|0x00000000c9300000, 0x00000000c93efa00, 0x00000000c9400000| 93%| O|  |TAMS 0x00000000c93efa00, 0x00000000c9300000| Untracked 
|   6|0x00000000c9400000, 0x00000000c9500000, 0x00000000c9500000|100%| O|  |TAMS 0x00000000c9500000, 0x00000000c9400000| Untracked 
|   7|0x00000000c9500000, 0x00000000c9600000, 0x00000000c9600000|100%| O|  |TAMS 0x00000000c9600000, 0x00000000c9500000| Untracked 
|   8|0x00000000c9600000, 0x00000000c9700000, 0x00000000c9700000|100%| O|  |TAMS 0x00000000c9700000, 0x00000000c9600000| Untracked 
|   9|0x00000000c9700000, 0x00000000c9800000, 0x00000000c9800000|100%| O|  |TAMS 0x00000000c9800000, 0x00000000c9700000| Untracked 
|  10|0x00000000c9800000, 0x00000000c9900000, 0x00000000c9900000|100%| O|  |TAMS 0x00000000c9900000, 0x00000000c9800000| Untracked 
|  11|0x00000000c9900000, 0x00000000c9a00000, 0x00000000c9a00000|100%| O|  |TAMS 0x00000000c9a00000, 0x00000000c9900000| Untracked 
|  12|0x00000000c9a00000, 0x00000000c9b00000, 0x00000000c9b00000|100%| O|  |TAMS 0x00000000c9b00000, 0x00000000c9a00000| Untracked 
|  13|0x00000000c9b00000, 0x00000000c9b00000, 0x00000000c9c00000|  0%| F|  |TAMS 0x00000000c9b00000, 0x00000000c9b00000| Untracked 
|  14|0x00000000c9c00000, 0x00000000c9d00000, 0x00000000c9d00000|100%| O|  |TAMS 0x00000000c9d00000, 0x00000000c9c00000| Untracked 
|  15|0x00000000c9d00000, 0x00000000c9d00000, 0x00000000c9e00000|  0%| F|  |TAMS 0x00000000c9d00000, 0x00000000c9d00000| Untracked 
|  16|0x00000000c9e00000, 0x00000000c9f00000, 0x00000000c9f00000|100%| O|  |TAMS 0x00000000c9f00000, 0x00000000c9e00000| Untracked 
|  17|0x00000000c9f00000, 0x00000000ca000000, 0x00000000ca000000|100%| O|  |TAMS 0x00000000ca000000, 0x00000000c9f00000| Untracked 
|  18|0x00000000ca000000, 0x00000000ca100000, 0x00000000ca100000|100%| O|  |TAMS 0x00000000ca100000, 0x00000000ca000000| Untracked 
|  19|0x00000000ca100000, 0x00000000ca200000, 0x00000000ca200000|100%| O|  |TAMS 0x00000000ca200000, 0x00000000ca100000| Untracked 
|  20|0x00000000ca200000, 0x00000000ca300000, 0x00000000ca300000|100%| O|  |TAMS 0x00000000ca300000, 0x00000000ca200000| Untracked 
|  21|0x00000000ca300000, 0x00000000ca400000, 0x00000000ca400000|100%| O|  |TAMS 0x00000000ca400000, 0x00000000ca300000| Untracked 
|  22|0x00000000ca400000, 0x00000000ca500000, 0x00000000ca500000|100%| O|  |TAMS 0x00000000ca500000, 0x00000000ca400000| Untracked 
|  23|0x00000000ca500000, 0x00000000ca500000, 0x00000000ca600000|  0%| F|  |TAMS 0x00000000ca500000, 0x00000000ca500000| Untracked 
|  24|0x00000000ca600000, 0x00000000ca600000, 0x00000000ca700000|  0%| F|  |TAMS 0x00000000ca600000, 0x00000000ca600000| Untracked 
|  25|0x00000000ca700000, 0x00000000ca800000, 0x00000000ca800000|100%| O|  |TAMS 0x00000000ca800000, 0x00000000ca700000| Untracked 
|  26|0x00000000ca800000, 0x00000000ca800000, 0x00000000ca900000|  0%| F|  |TAMS 0x00000000ca800000, 0x00000000ca800000| Untracked 
|  27|0x00000000ca900000, 0x00000000ca900000, 0x00000000caa00000|  0%| F|  |TAMS 0x00000000ca900000, 0x00000000ca900000| Untracked 
|  28|0x00000000caa00000, 0x00000000caa00000, 0x00000000cab00000|  0%| F|  |TAMS 0x00000000caa00000, 0x00000000caa00000| Untracked 
|  29|0x00000000cab00000, 0x00000000cac00000, 0x00000000cac00000|100%| O|  |TAMS 0x00000000cac00000, 0x00000000cab00000| Untracked 
|  30|0x00000000cac00000, 0x00000000cad00000, 0x00000000cad00000|100%| O|  |TAMS 0x00000000cad00000, 0x00000000cac00000| Untracked 
|  31|0x00000000cad00000, 0x00000000cae00000, 0x00000000cae00000|100%| O|  |TAMS 0x00000000cae00000, 0x00000000cad00000| Untracked 
|  32|0x00000000cae00000, 0x00000000caf00000, 0x00000000caf00000|100%| O|  |TAMS 0x00000000caf00000, 0x00000000cae00000| Untracked 
|  33|0x00000000caf00000, 0x00000000cb000000, 0x00000000cb000000|100%| O|  |TAMS 0x00000000cb000000, 0x00000000caf00000| Untracked 
|  34|0x00000000cb000000, 0x00000000cb100000, 0x00000000cb100000|100%| O|  |TAMS 0x00000000cb100000, 0x00000000cb000000| Untracked 
|  35|0x00000000cb100000, 0x00000000cb200000, 0x00000000cb200000|100%| O|  |TAMS 0x00000000cb200000, 0x00000000cb100000| Untracked 
|  36|0x00000000cb200000, 0x00000000cb300000, 0x00000000cb300000|100%| O|  |TAMS 0x00000000cb300000, 0x00000000cb200000| Untracked 
|  37|0x00000000cb300000, 0x00000000cb400000, 0x00000000cb400000|100%| O|  |TAMS 0x00000000cb400000, 0x00000000cb300000| Untracked 
|  38|0x00000000cb400000, 0x00000000cb500000, 0x00000000cb500000|100%| O|  |TAMS 0x00000000cb500000, 0x00000000cb400000| Untracked 
|  39|0x00000000cb500000, 0x00000000cb56b600, 0x00000000cb600000| 41%| O|  |TAMS 0x00000000cb513200, 0x00000000cb500000| Untracked 
|  40|0x00000000cb600000, 0x00000000cb6721e0, 0x00000000cb700000| 44%| S|CS|TAMS 0x00000000cb600000, 0x00000000cb600000| Complete 
|  41|0x00000000cb700000, 0x00000000cb700000, 0x00000000cb800000|  0%| F|  |TAMS 0x00000000cb700000, 0x00000000cb700000| Untracked 
|  42|0x00000000cb800000, 0x00000000cb800000, 0x00000000cb900000|  0%| F|  |TAMS 0x00000000cb800000, 0x00000000cb800000| Untracked 
|  43|0x00000000cb900000, 0x00000000cb900000, 0x00000000cba00000|  0%| F|  |TAMS 0x00000000cb900000, 0x00000000cb900000| Untracked 
|  44|0x00000000cba00000, 0x00000000cba00000, 0x00000000cbb00000|  0%| F|  |TAMS 0x00000000cba00000, 0x00000000cba00000| Untracked 
|  45|0x00000000cbb00000, 0x00000000cbb00000, 0x00000000cbc00000|  0%| F|  |TAMS 0x00000000cbb00000, 0x00000000cbb00000| Untracked 
|  46|0x00000000cbc00000, 0x00000000cbc00000, 0x00000000cbd00000|  0%| F|  |TAMS 0x00000000cbc00000, 0x00000000cbc00000| Untracked 
|  47|0x00000000cbd00000, 0x00000000cbd00000, 0x00000000cbe00000|  0%| F|  |TAMS 0x00000000cbd00000, 0x00000000cbd00000| Untracked 
|  48|0x00000000cbe00000, 0x00000000cbe00000, 0x00000000cbf00000|  0%| F|  |TAMS 0x00000000cbe00000, 0x00000000cbe00000| Untracked 
|  49|0x00000000cbf00000, 0x00000000cbf00000, 0x00000000cc000000|  0%| F|  |TAMS 0x00000000cbf00000, 0x00000000cbf00000| Untracked 
|  50|0x00000000cc000000, 0x00000000cc000000, 0x00000000cc100000|  0%| F|  |TAMS 0x00000000cc000000, 0x00000000cc000000| Untracked 
|  51|0x00000000cc100000, 0x00000000cc100000, 0x00000000cc200000|  0%| F|  |TAMS 0x00000000cc100000, 0x00000000cc100000| Untracked 
|  52|0x00000000cc200000, 0x00000000cc200000, 0x00000000cc300000|  0%| F|  |TAMS 0x00000000cc200000, 0x00000000cc200000| Untracked 
|  53|0x00000000cc300000, 0x00000000cc300000, 0x00000000cc400000|  0%| F|  |TAMS 0x00000000cc300000, 0x00000000cc300000| Untracked 
|  54|0x00000000cc400000, 0x00000000cc400000, 0x00000000cc500000|  0%| F|  |TAMS 0x00000000cc400000, 0x00000000cc400000| Untracked 
|  55|0x00000000cc500000, 0x00000000cc500000, 0x00000000cc600000|  0%| F|  |TAMS 0x00000000cc500000, 0x00000000cc500000| Untracked 
|  56|0x00000000cc600000, 0x00000000cc600000, 0x00000000cc700000|  0%| F|  |TAMS 0x00000000cc600000, 0x00000000cc600000| Untracked 
|  57|0x00000000cc700000, 0x00000000cc700000, 0x00000000cc800000|  0%| F|  |TAMS 0x00000000cc700000, 0x00000000cc700000| Untracked 
|  58|0x00000000cc800000, 0x00000000cc800000, 0x00000000cc900000|  0%| F|  |TAMS 0x00000000cc800000, 0x00000000cc800000| Untracked 
|  59|0x00000000cc900000, 0x00000000cc97dfd0, 0x00000000cca00000| 49%| E|  |TAMS 0x00000000cc900000, 0x00000000cc900000| Complete 
|  60|0x00000000cca00000, 0x00000000ccb00000, 0x00000000ccb00000|100%| E|CS|TAMS 0x00000000cca00000, 0x00000000cca00000| Complete 
|  61|0x00000000ccb00000, 0x00000000ccc00000, 0x00000000ccc00000|100%| E|CS|TAMS 0x00000000ccb00000, 0x00000000ccb00000| Complete 
|  62|0x00000000ccc00000, 0x00000000ccd00000, 0x00000000ccd00000|100%| E|  |TAMS 0x00000000ccc00000, 0x00000000ccc00000| Complete 
|  63|0x00000000ccd00000, 0x00000000cce00000, 0x00000000cce00000|100%| E|CS|TAMS 0x00000000ccd00000, 0x00000000ccd00000| Complete 
|  64|0x00000000cce00000, 0x00000000ccf00000, 0x00000000ccf00000|100%| E|CS|TAMS 0x00000000cce00000, 0x00000000cce00000| Complete 
|  65|0x00000000ccf00000, 0x00000000cd000000, 0x00000000cd000000|100%| E|CS|TAMS 0x00000000ccf00000, 0x00000000ccf00000| Complete 
|  66|0x00000000cd000000, 0x00000000cd100000, 0x00000000cd100000|100%| E|CS|TAMS 0x00000000cd000000, 0x00000000cd000000| Complete 
|  67|0x00000000cd100000, 0x00000000cd200000, 0x00000000cd200000|100%| E|CS|TAMS 0x00000000cd100000, 0x00000000cd100000| Complete 
|  68|0x00000000cd200000, 0x00000000cd300000, 0x00000000cd300000|100%| E|CS|TAMS 0x00000000cd200000, 0x00000000cd200000| Complete 

Card table byte_map: [0x0000020cc9330000,0x0000020cc94f0000] _byte_map_base: 0x0000020cc8ce9000

Marking Bits (Prev, Next): (CMBitMap*) 0x0000020cb493dc00, (CMBitMap*) 0x0000020cb493dc40
 Prev Bits: [0x0000020cc96b0000, 0x0000020cca478000)
 Next Bits: [0x0000020cca480000, 0x0000020ccb248000)

Polling page: 0x0000020cb47b0000

Metaspace:

Usage:
  Non-class:     64.40 MB capacity,    64.03 MB (>99%) used,   281.82 KB ( <1%) free+waste,    98.00 KB ( <1%) overhead. 
      Class:      8.86 MB capacity,     8.63 MB ( 97%) used,   201.11 KB (  2%) free+waste,    34.94 KB ( <1%) overhead. 
       Both:     73.26 MB capacity,    72.66 MB (>99%) used,   482.93 KB ( <1%) free+waste,   132.94 KB ( <1%) overhead. 

Virtual space:
  Non-class space:       66.00 MB reserved,      64.50 MB ( 98%) committed 
      Class space:        1.00 GB reserved,       8.88 MB ( <1%) committed 
             Both:        1.06 GB reserved,      73.38 MB (  7%) committed 

Chunk freelists:
   Non-Class:  42.00 KB
       Class:  11.00 KB
        Both:  53.00 KB

MaxMetaspaceSize: 17179869184.00 GB
CompressedClassSpaceSize: 1.00 GB

CodeHeap 'non-profiled nmethods': size=120000Kb used=4980Kb max_used=4980Kb free=115019Kb
 bounds [0x0000020cc1610000, 0x0000020cc1af0000, 0x0000020cc8b40000]
CodeHeap 'profiled nmethods': size=120000Kb used=18204Kb max_used=18204Kb free=101795Kb
 bounds [0x0000020cba0e0000, 0x0000020cbb2b0000, 0x0000020cc1610000]
CodeHeap 'non-nmethods': size=5760Kb used=1322Kb max_used=1367Kb free=4437Kb
 bounds [0x0000020cb9b40000, 0x0000020cb9db0000, 0x0000020cba0e0000]
 total_blobs=9805 nmethods=9189 adapters=527
 compilation: enabled
              stopped_count=0, restarted_count=0
 full_count=0

Compilation events (20 events):
Event: 82.627 Thread 0x0000020cce06b7d0 nmethod 10145 0x0000020cc1aeab10 code [0x0000020cc1aeacc0, 0x0000020cc1aeae88]
Event: 82.629 Thread 0x0000020cce05d150 10146       3       java.net.InetSocketAddress::<init> (32 bytes)
Event: 82.629 Thread 0x0000020cce05d150 nmethod 10146 0x0000020cbb298610 code [0x0000020cbb298800, 0x0000020cbb298d18]
Event: 82.629 Thread 0x0000020cce05d150 10147       3       java.net.SocketAddress::<init> (5 bytes)
Event: 82.630 Thread 0x0000020cce05d150 nmethod 10147 0x0000020cbb298f10 code [0x0000020cbb2990a0, 0x0000020cbb2991f8]
Event: 82.630 Thread 0x0000020cce05d150 10148       3       java.net.InetSocketAddress::checkPort (39 bytes)
Event: 82.630 Thread 0x0000020cce05d150 nmethod 10148 0x0000020cbb299290 code [0x0000020cbb2994c0, 0x0000020cbb299b38]
Event: 82.634 Thread 0x0000020cce05d150 10149       3       java.util.concurrent.locks.ReentrantLock::newCondition (8 bytes)
Event: 82.635 Thread 0x0000020cce05d150 nmethod 10149 0x0000020cbb299d90 code [0x0000020cbb299f40, 0x0000020cbb29a218]
Event: 82.635 Thread 0x0000020cce05d150 10150       3       java.util.concurrent.locks.ReentrantLock$Sync::newCondition (9 bytes)
Event: 82.635 Thread 0x0000020cce05d150 nmethod 10150 0x0000020cbb29a390 code [0x0000020cbb29a540, 0x0000020cbb29a7b8]
Event: 82.635 Thread 0x0000020cce05d150 10151       3       java.util.concurrent.locks.AbstractQueuedSynchronizer$ConditionObject::<init> (10 bytes)
Event: 82.635 Thread 0x0000020cce05d150 nmethod 10151 0x0000020cbb29a890 code [0x0000020cbb29aa20, 0x0000020cbb29abd8]
Event: 82.636 Thread 0x0000020cce06b7d0 10152       4       org.apache.catalina.core.ApplicationFilterFactory::createFilterChain (344 bytes)
Event: 82.651 Thread 0x0000020cce05d150 10153       3       java.net.InetAddress$InetAddressHolder::init (21 bytes)
Event: 82.652 Thread 0x0000020cce05d150 nmethod 10153 0x0000020cbb29ac90 code [0x0000020cbb29ae20, 0x0000020cbb29b018]
Event: 82.652 Thread 0x0000020cce05d150 10154       3       java.net.Inet6Address$Inet6AddressHolder::<init> (18 bytes)
Event: 82.652 Thread 0x0000020cce05d150 nmethod 10154 0x0000020cbb29b090 code [0x0000020cbb29b240, 0x0000020cbb29b4f8]
Event: 82.655 Thread 0x0000020cce05d150 10155       3       java.net.Inet6Address::<init> (26 bytes)
Event: 82.655 Thread 0x0000020cce05d150 nmethod 10155 0x0000020cbb29b610 code [0x0000020cbb29b800, 0x0000020cbb29bf18]

GC Heap History (20 events):
Event: 66.299 GC heap before
{Heap before GC invocations=40 (full 0):
 garbage-first heap   total 70656K, used 57920K [0x00000000c8e00000, 0x0000000100000000)
  region size 1024K, 26 young (26624K), 1 survivors (1024K)
 Metaspace       used 74120K, capacity 74763K, committed 74880K, reserved 1116160K
  class space    used 8838K, capacity 9077K, committed 9088K, reserved 1048576K
}
Event: 66.303 GC heap after
{Heap after GC invocations=41 (full 0):
 garbage-first heap   total 70656K, used 33276K [0x00000000c8e00000, 0x0000000100000000)
  region size 1024K, 1 young (1024K), 1 survivors (1024K)
 Metaspace       used 74120K, capacity 74763K, committed 74880K, reserved 1116160K
  class space    used 8838K, capacity 9077K, committed 9088K, reserved 1048576K
}
Event: 67.310 GC heap before
{Heap before GC invocations=41 (full 0):
 garbage-first heap   total 70656K, used 58876K [0x00000000c8e00000, 0x0000000100000000)
  region size 1024K, 27 young (27648K), 1 survivors (1024K)
 Metaspace       used 74202K, capacity 74827K, committed 74880K, reserved 1116160K
  class space    used 8838K, capacity 9077K, committed 9088K, reserved 1048576K
}
Event: 67.313 GC heap after
{Heap after GC invocations=42 (full 0):
 garbage-first heap   total 70656K, used 33244K [0x00000000c8e00000, 0x0000000100000000)
  region size 1024K, 1 young (1024K), 1 survivors (1024K)
 Metaspace       used 74202K, capacity 74827K, committed 74880K, reserved 1116160K
  class space    used 8838K, capacity 9077K, committed 9088K, reserved 1048576K
}
Event: 70.265 GC heap before
{Heap before GC invocations=43 (full 0):
 garbage-first heap   total 70656K, used 58844K [0x00000000c8e00000, 0x0000000100000000)
  region size 1024K, 27 young (27648K), 1 survivors (1024K)
 Metaspace       used 74300K, capacity 74955K, committed 75136K, reserved 1116160K
  class space    used 8839K, capacity 9077K, committed 9088K, reserved 1048576K
}
Event: 70.268 GC heap after
{Heap after GC invocations=44 (full 0):
 garbage-first heap   total 70656K, used 33278K [0x00000000c8e00000, 0x0000000100000000)
  region size 1024K, 1 young (1024K), 1 survivors (1024K)
 Metaspace       used 74300K, capacity 74955K, committed 75136K, reserved 1116160K
  class space    used 8839K, capacity 9077K, committed 9088K, reserved 1048576K
}
Event: 72.155 GC heap before
{Heap before GC invocations=44 (full 0):
 garbage-first heap   total 70656K, used 58878K [0x00000000c8e00000, 0x0000000100000000)
  region size 1024K, 27 young (27648K), 1 survivors (1024K)
 Metaspace       used 74356K, capacity 75019K, committed 75136K, reserved 1116160K
  class space    used 8840K, capacity 9077K, committed 9088K, reserved 1048576K
}
Event: 72.158 GC heap after
{Heap after GC invocations=45 (full 0):
 garbage-first heap   total 70656K, used 33298K [0x00000000c8e00000, 0x0000000100000000)
  region size 1024K, 1 young (1024K), 1 survivors (1024K)
 Metaspace       used 74356K, capacity 75019K, committed 75136K, reserved 1116160K
  class space    used 8840K, capacity 9077K, committed 9088K, reserved 1048576K
}
Event: 73.309 GC heap before
{Heap before GC invocations=46 (full 0):
 garbage-first heap   total 70656K, used 59922K [0x00000000c8e00000, 0x0000000100000000)
  region size 1024K, 28 young (28672K), 1 survivors (1024K)
 Metaspace       used 74357K, capacity 75019K, committed 75136K, reserved 1116160K
  class space    used 8840K, capacity 9077K, committed 9088K, reserved 1048576K
}
Event: 73.312 GC heap after
{Heap after GC invocations=47 (full 0):
 garbage-first heap   total 70656K, used 33311K [0x00000000c8e00000, 0x0000000100000000)
  region size 1024K, 1 young (1024K), 1 survivors (1024K)
 Metaspace       used 74357K, capacity 75019K, committed 75136K, reserved 1116160K
  class space    used 8840K, capacity 9077K, committed 9088K, reserved 1048576K
}
Event: 75.311 GC heap before
{Heap before GC invocations=47 (full 0):
 garbage-first heap   total 70656K, used 59935K [0x00000000c8e00000, 0x0000000100000000)
  region size 1024K, 28 young (28672K), 1 survivors (1024K)
 Metaspace       used 74359K, capacity 75019K, committed 75136K, reserved 1116160K
  class space    used 8840K, capacity 9077K, committed 9088K, reserved 1048576K
}
Event: 75.315 GC heap after
{Heap after GC invocations=48 (full 0):
 garbage-first heap   total 70656K, used 33340K [0x00000000c8e00000, 0x0000000100000000)
  region size 1024K, 1 young (1024K), 1 survivors (1024K)
 Metaspace       used 74359K, capacity 75019K, committed 75136K, reserved 1116160K
  class space    used 8840K, capacity 9077K, committed 9088K, reserved 1048576K
}
Event: 77.130 GC heap before
{Heap before GC invocations=49 (full 0):
 garbage-first heap   total 70656K, used 59964K [0x00000000c8e00000, 0x0000000100000000)
  region size 1024K, 28 young (28672K), 1 survivors (1024K)
 Metaspace       used 74364K, capacity 75019K, committed 75136K, reserved 1116160K
  class space    used 8840K, capacity 9077K, committed 9088K, reserved 1048576K
}
Event: 77.134 GC heap after
{Heap after GC invocations=50 (full 0):
 garbage-first heap   total 70656K, used 33385K [0x00000000c8e00000, 0x0000000100000000)
  region size 1024K, 1 young (1024K), 1 survivors (1024K)
 Metaspace       used 74364K, capacity 75019K, committed 75136K, reserved 1116160K
  class space    used 8840K, capacity 9077K, committed 9088K, reserved 1048576K
}
Event: 78.883 GC heap before
{Heap before GC invocations=50 (full 0):
 garbage-first heap   total 70656K, used 60009K [0x00000000c8e00000, 0x0000000100000000)
  region size 1024K, 28 young (28672K), 1 survivors (1024K)
 Metaspace       used 74372K, capacity 75019K, committed 75136K, reserved 1116160K
  class space    used 8840K, capacity 9077K, committed 9088K, reserved 1048576K
}
Event: 78.886 GC heap after
{Heap after GC invocations=51 (full 0):
 garbage-first heap   total 70656K, used 33450K [0x00000000c8e00000, 0x0000000100000000)
  region size 1024K, 1 young (1024K), 1 survivors (1024K)
 Metaspace       used 74372K, capacity 75019K, committed 75136K, reserved 1116160K
  class space    used 8840K, capacity 9077K, committed 9088K, reserved 1048576K
}
Event: 80.629 GC heap before
{Heap before GC invocations=52 (full 0):
 garbage-first heap   total 70656K, used 60074K [0x00000000c8e00000, 0x0000000100000000)
  region size 1024K, 28 young (28672K), 1 survivors (1024K)
 Metaspace       used 74372K, capacity 75019K, committed 75136K, reserved 1116160K
  class space    used 8840K, capacity 9077K, committed 9088K, reserved 1048576K
}
Event: 80.633 GC heap after
{Heap after GC invocations=53 (full 0):
 garbage-first heap   total 70656K, used 33402K [0x00000000c8e00000, 0x0000000100000000)
  region size 1024K, 1 young (1024K), 1 survivors (1024K)
 Metaspace       used 74372K, capacity 75019K, committed 75136K, reserved 1116160K
  class space    used 8840K, capacity 9077K, committed 9088K, reserved 1048576K
}
Event: 81.100 GC heap before
{Heap before GC invocations=53 (full 0):
 garbage-first heap   total 70656K, used 60026K [0x00000000c8e00000, 0x0000000100000000)
  region size 1024K, 28 young (28672K), 1 survivors (1024K)
 Metaspace       used 74372K, capacity 75019K, committed 75136K, reserved 1116160K
  class space    used 8840K, capacity 9077K, committed 9088K, reserved 1048576K
}
Event: 81.104 GC heap after
{Heap after GC invocations=54 (full 0):
 garbage-first heap   total 70656K, used 33441K [0x00000000c8e00000, 0x0000000100000000)
  region size 1024K, 1 young (1024K), 1 survivors (1024K)
 Metaspace       used 74372K, capacity 75019K, committed 75136K, reserved 1116160K
  class space    used 8840K, capacity 9077K, committed 9088K, reserved 1048576K
}

Deoptimization events (20 events):
Event: 70.258 Thread 0x0000020cd582b1b0 DEOPT PACKING pc=0x0000020cbb143baf sp=0x000000fd0dcfc9e0
Event: 70.258 Thread 0x0000020cd582b1b0 DEOPT UNPACKING pc=0x0000020cb9b8e23f sp=0x000000fd0dcfbea8 mode 0
Event: 73.211 Thread 0x0000020cd5827cc0 DEOPT PACKING pc=0x0000020cbb143baf sp=0x000000fd0dafce60
Event: 73.211 Thread 0x0000020cd5827cc0 DEOPT UNPACKING pc=0x0000020cb9b8e23f sp=0x000000fd0dafc328 mode 0
Event: 73.895 Thread 0x0000020cd5828b30 DEOPT PACKING pc=0x0000020cbae6d815 sp=0x000000fd0d9fe4b0
Event: 73.895 Thread 0x0000020cd5828b30 DEOPT UNPACKING pc=0x0000020cb9b8e23f sp=0x000000fd0d9fd8d0 mode 0
Event: 73.935 Thread 0x0000020cd13f4c30 DEOPT PACKING pc=0x0000020cbaf88817 sp=0x000000fd0d3fe7c0
Event: 73.935 Thread 0x0000020cd13f4c30 DEOPT UNPACKING pc=0x0000020cb9b8e23f sp=0x000000fd0d3fdbe0 mode 0
Event: 75.163 Thread 0x0000020cd58299a0 DEOPT PACKING pc=0x0000020cbb1d18c2 sp=0x000000fd0d7fd2c0
Event: 75.163 Thread 0x0000020cd58299a0 DEOPT UNPACKING pc=0x0000020cb9b8e23f sp=0x000000fd0d7fc738 mode 0
Event: 75.424 Thread 0x0000020cd5827cc0 DEOPT PACKING pc=0x0000020cba6134ca sp=0x000000fd0dafe5e0
Event: 75.424 Thread 0x0000020cd5827cc0 DEOPT UNPACKING pc=0x0000020cb9b8e23f sp=0x000000fd0dafda58 mode 0
Event: 75.477 Thread 0x0000020cd13f5f70 DEOPT PACKING pc=0x0000020cba1d7aca sp=0x000000fd0d5fe030
Event: 75.477 Thread 0x0000020cd13f5f70 DEOPT UNPACKING pc=0x0000020cb9b8e23f sp=0x000000fd0d5fd4b0 mode 0
Event: 78.358 Thread 0x0000020cd13f4760 Uncommon trap: trap_request=0xffffffbe fr.pc=0x0000020cc16819fc relative=0x0000000000000dfc
Event: 78.358 Thread 0x0000020cd13f4760 Uncommon trap: reason=profile_predicate action=maybe_recompile pc=0x0000020cc16819fc method=java.util.TreeMap.put(Ljava/lang/Object;Ljava/lang/Object;Z)Ljava/lang/Object; @ 27 c2
Event: 78.359 Thread 0x0000020cd13f4760 DEOPT PACKING pc=0x0000020cc16819fc sp=0x000000fd0cdfe890
Event: 78.359 Thread 0x0000020cd13f4760 DEOPT UNPACKING pc=0x0000020cb9b8e42f sp=0x000000fd0cdfe850 mode 2
Event: 80.680 Thread 0x0000020cd5825b10 DEOPT PACKING pc=0x0000020cbb1d18c2 sp=0x000000fd0d8fced0
Event: 80.680 Thread 0x0000020cd5825b10 DEOPT UNPACKING pc=0x0000020cb9b8e23f sp=0x000000fd0d8fc348 mode 0

Classes unloaded (0 events):
No events

Classes redefined (0 events):
No events

Internal exceptions (20 events):
Event: 82.562 Thread 0x0000020cd13f3dc0 Exception <a 'java/net/SocketException'{0x00000000cc1edc98}: Connection reset by peer: shutdown> (0x00000000cc1edc98) 
thrown [./open/src/hotspot/share/prims/jni.cpp, line 599]
Event: 82.566 Thread 0x0000020cd58299a0 Exception <a 'java/net/SocketException'{0x00000000cc0f4a30}: Connection reset by peer: shutdown> (0x00000000cc0f4a30) 
thrown [./open/src/hotspot/share/prims/jni.cpp, line 599]
Event: 82.578 Thread 0x0000020cd5827cc0 Exception <a 'java/net/SocketException'{0x00000000cbf6c568}: Connection reset by peer: shutdown> (0x00000000cbf6c568) 
thrown [./open/src/hotspot/share/prims/jni.cpp, line 599]
Event: 82.587 Thread 0x0000020cd58299a0 Exception <a 'java/net/SocketException'{0x00000000cc0f50a8}: Connection reset by peer: shutdown> (0x00000000cc0f50a8) 
thrown [./open/src/hotspot/share/prims/jni.cpp, line 599]
Event: 82.589 Thread 0x0000020cd582b1b0 Exception <a 'java/net/SocketException'{0x00000000cc033520}: Connection reset by peer: shutdown> (0x00000000cc033520) 
thrown [./open/src/hotspot/share/prims/jni.cpp, line 599]
Event: 82.602 Thread 0x0000020cd5827cc0 Exception <a 'java/net/SocketException'{0x00000000cbf6cbe0}: Connection reset by peer: shutdown> (0x00000000cbf6cbe0) 
thrown [./open/src/hotspot/share/prims/jni.cpp, line 599]
Event: 82.604 Thread 0x0000020cd13f3dc0 Exception <a 'java/net/SocketException'{0x00000000cc1ee668}: Connection reset by peer: shutdown> (0x00000000cc1ee668) 
thrown [./open/src/hotspot/share/prims/jni.cpp, line 599]
Event: 82.613 Thread 0x0000020cd582b1b0 Exception <a 'java/net/SocketException'{0x00000000cc033b98}: Connection reset by peer: shutdown> (0x00000000cc033b98) 
thrown [./open/src/hotspot/share/prims/jni.cpp, line 599]
Event: 82.615 Thread 0x0000020cd13f5aa0 Exception <a 'java/net/SocketException'{0x00000000cbea0690}: Connection reset by peer: shutdown> (0x00000000cbea0690) 
thrown [./open/src/hotspot/share/prims/jni.cpp, line 599]
Event: 82.616 Thread 0x0000020cd5828190 Exception <a 'java/net/SocketException'{0x00000000cbf1b578}: Connection reset by peer: shutdown> (0x00000000cbf1b578) 
thrown [./open/src/hotspot/share/prims/jni.cpp, line 599]
Event: 82.618 Thread 0x0000020cd5827cc0 Exception <a 'java/net/SocketException'{0x00000000cbf6d258}: Connection reset by peer: shutdown> (0x00000000cbf6d258) 
thrown [./open/src/hotspot/share/prims/jni.cpp, line 599]
Event: 82.628 Thread 0x0000020cd582b1b0 Exception <a 'java/net/SocketException'{0x00000000cc034210}: Connection reset by peer: shutdown> (0x00000000cc034210) 
thrown [./open/src/hotspot/share/prims/jni.cpp, line 599]
Event: 82.632 Thread 0x0000020cd5828190 Exception <a 'java/net/SocketException'{0x00000000cbf1bbf0}: Connection reset by peer: shutdown> (0x00000000cbf1bbf0) 
thrown [./open/src/hotspot/share/prims/jni.cpp, line 599]
Event: 82.633 Thread 0x0000020cd5827cc0 Exception <a 'java/net/SocketException'{0x00000000cbf6d8d0}: Connection reset by peer: shutdown> (0x00000000cbf6d8d0) 
thrown [./open/src/hotspot/share/prims/jni.cpp, line 599]
Event: 82.634 Thread 0x0000020cd13f4c30 Exception <a 'java/net/SocketException'{0x00000000cbd73e60}: Connection reset by peer: shutdown> (0x00000000cbd73e60) 
thrown [./open/src/hotspot/share/prims/jni.cpp, line 599]
Event: 82.635 Thread 0x0000020cd13f3dc0 Exception <a 'java/net/SocketException'{0x00000000cbdc8050}: Connection reset by peer: shutdown> (0x00000000cbdc8050) 
thrown [./open/src/hotspot/share/prims/jni.cpp, line 599]
Event: 82.651 Thread 0x0000020cd5828190 Exception <a 'java/net/SocketException'{0x00000000cbf1c268}: Connection reset by peer: shutdown> (0x00000000cbf1c268) 
thrown [./open/src/hotspot/share/prims/jni.cpp, line 599]
Event: 82.656 Thread 0x0000020cd13f3dc0 Exception <a 'java/net/SocketException'{0x00000000cbdc86c8}: Connection reset by peer: shutdown> (0x00000000cbdc86c8) 
thrown [./open/src/hotspot/share/prims/jni.cpp, line 599]
Event: 82.658 Thread 0x0000020cd5825b10 Exception <a 'java/net/SocketException'{0x00000000cbc77990}: Connection reset by peer: shutdown> (0x00000000cbc77990) 
thrown [./open/src/hotspot/share/prims/jni.cpp, line 599]
Event: 82.661 Thread 0x0000020cd13f5f70 Exception <a 'java/net/SocketException'{0x00000000cbc83918}: Connection reset by peer: shutdown> (0x00000000cbc83918) 
thrown [./open/src/hotspot/share/prims/jni.cpp, line 599]

Events (20 events):
Event: 80.629 Executing VM operation: G1CollectForAllocation
Event: 80.639 Executing VM operation: G1CollectForAllocation done
Event: 80.639 Executing VM operation: HandshakeAllThreads
Event: 80.639 Executing VM operation: HandshakeAllThreads done
Event: 80.640 Executing VM operation: HandshakeAllThreads
Event: 80.641 Executing VM operation: HandshakeAllThreads done
Event: 81.100 Executing VM operation: G1CollectForAllocation
Event: 81.112 Executing VM operation: G1CollectForAllocation done
Event: 81.112 Executing VM operation: HandshakeAllThreads
Event: 81.112 Executing VM operation: HandshakeAllThreads done
Event: 81.118 Executing VM operation: HandshakeAllThreads
Event: 81.118 Executing VM operation: HandshakeAllThreads done
Event: 81.209 Executing VM operation: G1Concurrent
Event: 81.215 Executing VM operation: G1Concurrent done
Event: 81.215 Executing VM operation: HandshakeAllThreads
Event: 81.215 Executing VM operation: HandshakeAllThreads done
Event: 81.272 Executing VM operation: G1Concurrent
Event: 81.272 Executing VM operation: G1Concurrent done
Event: 82.304 Executing VM operation: HandshakeAllThreads
Event: 82.304 Executing VM operation: HandshakeAllThreads done


Dynamic libraries:
0x00007ff79f260000 - 0x00007ff79f26d000 	C:\Users\Aditya\Downloads\eclipse-jee-2021-03-R-win32-x86_64\eclipse\plugins\org.eclipse.justj.openjdk.hotspot.jre.full.win32.x86_64_15.0.2.v20210201-0955\jre\bin\javaw.exe
0x00007ffa86cf0000 - 0x00007ffa86ee5000 	C:\windows\SYSTEM32\ntdll.dll
0x00007ffa86ab0000 - 0x00007ffa86b6e000 	C:\windows\System32\KERNEL32.DLL
0x00007ffa84760000 - 0x00007ffa84a28000 	C:\windows\System32\KERNELBASE.dll
0x00007ffa84a30000 - 0x00007ffa84b30000 	C:\windows\System32\ucrtbase.dll
0x00007ffa624f0000 - 0x00007ffa62508000 	C:\Users\Aditya\Downloads\eclipse-jee-2021-03-R-win32-x86_64\eclipse\plugins\org.eclipse.justj.openjdk.hotspot.jre.full.win32.x86_64_15.0.2.v20210201-0955\jre\bin\jli.dll
0x00007ffa7c060000 - 0x00007ffa7c079000 	C:\Users\Aditya\Downloads\eclipse-jee-2021-03-R-win32-x86_64\eclipse\plugins\org.eclipse.justj.openjdk.hotspot.jre.full.win32.x86_64_15.0.2.v20210201-0955\jre\bin\VCRUNTIME140.dll
0x00007ffa85730000 - 0x00007ffa858d1000 	C:\windows\System32\USER32.dll
0x00007ffa84d00000 - 0x00007ffa84d22000 	C:\windows\System32\win32u.dll
0x00007ffa86c80000 - 0x00007ffa86cab000 	C:\windows\System32\GDI32.dll
0x00007ffa84b60000 - 0x00007ffa84c6d000 	C:\windows\System32\gdi32full.dll
0x00007ffa84560000 - 0x00007ffa845fd000 	C:\windows\System32\msvcp_win.dll
0x00007ffa6b3c0000 - 0x00007ffa6b65a000 	C:\windows\WinSxS\amd64_microsoft.windows.common-controls_6595b64144ccf1df_6.0.19041.1110_none_60b5254171f9507e\COMCTL32.dll
0x00007ffa86710000 - 0x00007ffa867ae000 	C:\windows\System32\msvcrt.dll
0x00007ffa84dc0000 - 0x00007ffa84df0000 	C:\windows\System32\IMM32.DLL
0x00007ffa73da0000 - 0x00007ffa73dac000 	C:\Users\Aditya\Downloads\eclipse-jee-2021-03-R-win32-x86_64\eclipse\plugins\org.eclipse.justj.openjdk.hotspot.jre.full.win32.x86_64_15.0.2.v20210201-0955\jre\bin\vcruntime140_1.dll
0x00007ffa3c4a0000 - 0x00007ffa3c531000 	C:\Users\Aditya\Downloads\eclipse-jee-2021-03-R-win32-x86_64\eclipse\plugins\org.eclipse.justj.openjdk.hotspot.jre.full.win32.x86_64_15.0.2.v20210201-0955\jre\bin\msvcp140.dll
0x00007ffa51090000 - 0x00007ffa51bee000 	C:\Users\Aditya\Downloads\eclipse-jee-2021-03-R-win32-x86_64\eclipse\plugins\org.eclipse.justj.openjdk.hotspot.jre.full.win32.x86_64_15.0.2.v20210201-0955\jre\bin\server\jvm.dll
0x00007ffa868d0000 - 0x00007ffa8697e000 	C:\windows\System32\ADVAPI32.dll
0x00007ffa85690000 - 0x00007ffa8572c000 	C:\windows\System32\sechost.dll
0x00007ffa86980000 - 0x00007ffa86aa5000 	C:\windows\System32\RPCRT4.dll
0x00007ffa86700000 - 0x00007ffa86708000 	C:\windows\System32\PSAPI.DLL
0x00007ffa7e700000 - 0x00007ffa7e70a000 	C:\windows\SYSTEM32\VERSION.dll
0x00007ffa6cc10000 - 0x00007ffa6cc19000 	C:\windows\SYSTEM32\WSOCK32.dll
0x00007ffa86690000 - 0x00007ffa866fb000 	C:\windows\System32\WS2_32.dll
0x00007ffa7bd40000 - 0x00007ffa7bd67000 	C:\windows\SYSTEM32\WINMM.dll
0x00007ffa821e0000 - 0x00007ffa821f2000 	C:\windows\SYSTEM32\kernel.appcore.dll
0x00007ffa7e810000 - 0x00007ffa7e81a000 	C:\Users\Aditya\Downloads\eclipse-jee-2021-03-R-win32-x86_64\eclipse\plugins\org.eclipse.justj.openjdk.hotspot.jre.full.win32.x86_64_15.0.2.v20210201-0955\jre\bin\jimage.dll
0x00007ffa72f50000 - 0x00007ffa73134000 	C:\windows\SYSTEM32\DBGHELP.DLL
0x00007ffa6e670000 - 0x00007ffa6e69c000 	C:\windows\SYSTEM32\dbgcore.DLL
0x00007ffa84c70000 - 0x00007ffa84cf2000 	C:\windows\System32\bcryptPrimitives.dll
0x00007ffa624c0000 - 0x00007ffa624e5000 	C:\Users\Aditya\Downloads\eclipse-jee-2021-03-R-win32-x86_64\eclipse\plugins\org.eclipse.justj.openjdk.hotspot.jre.full.win32.x86_64_15.0.2.v20210201-0955\jre\bin\java.dll
0x00007ffa61300000 - 0x00007ffa61318000 	C:\Users\Aditya\Downloads\eclipse-jee-2021-03-R-win32-x86_64\eclipse\plugins\org.eclipse.justj.openjdk.hotspot.jre.full.win32.x86_64_15.0.2.v20210201-0955\jre\bin\zip.dll
0x00007ffa84df0000 - 0x00007ffa85534000 	C:\windows\System32\SHELL32.dll
0x00007ffa824f0000 - 0x00007ffa82c85000 	C:\windows\SYSTEM32\windows.storage.dll
0x00007ffa85ac0000 - 0x00007ffa85e15000 	C:\windows\System32\combase.dll
0x00007ffa83d80000 - 0x00007ffa83dae000 	C:\windows\SYSTEM32\Wldp.dll
0x00007ffa86b70000 - 0x00007ffa86c1d000 	C:\windows\System32\SHCORE.dll
0x00007ffa86060000 - 0x00007ffa860b5000 	C:\windows\System32\shlwapi.dll
0x00007ffa84340000 - 0x00007ffa8435f000 	C:\windows\SYSTEM32\profapi.dll
0x00007ffa58030000 - 0x00007ffa58049000 	C:\Users\Aditya\Downloads\eclipse-jee-2021-03-R-win32-x86_64\eclipse\plugins\org.eclipse.justj.openjdk.hotspot.jre.full.win32.x86_64_15.0.2.v20210201-0955\jre\bin\net.dll
0x00007ffa73ea0000 - 0x00007ffa73fac000 	C:\windows\SYSTEM32\WINHTTP.dll
0x00007ffa83ae0000 - 0x00007ffa83b4a000 	C:\windows\system32\mswsock.dll
0x00007ffa57800000 - 0x00007ffa57812000 	C:\Users\Aditya\Downloads\eclipse-jee-2021-03-R-win32-x86_64\eclipse\plugins\org.eclipse.justj.openjdk.hotspot.jre.full.win32.x86_64_15.0.2.v20210201-0955\jre\bin\nio.dll
0x00007ffa6cde0000 - 0x00007ffa6cdf0000 	C:\Users\Aditya\Downloads\eclipse-jee-2021-03-R-win32-x86_64\eclipse\plugins\org.eclipse.justj.openjdk.hotspot.jre.full.win32.x86_64_15.0.2.v20210201-0955\jre\bin\verify.dll
0x00007ffa81c00000 - 0x00007ffa81c09000 	C:\Users\Aditya\Downloads\eclipse-jee-2021-03-R-win32-x86_64\eclipse\plugins\org.eclipse.justj.openjdk.hotspot.jre.full.win32.x86_64_15.0.2.v20210201-0955\jre\bin\management.dll
0x00007ffa6f480000 - 0x00007ffa6f48b000 	C:\Users\Aditya\Downloads\eclipse-jee-2021-03-R-win32-x86_64\eclipse\plugins\org.eclipse.justj.openjdk.hotspot.jre.full.win32.x86_64_15.0.2.v20210201-0955\jre\bin\management_ext.dll
0x00007ffa6c400000 - 0x00007ffa6c417000 	C:\windows\system32\napinsp.dll
0x00007ffa6c3e0000 - 0x00007ffa6c3fb000 	C:\windows\system32\pnrpnsp.dll
0x00007ffa6c3c0000 - 0x00007ffa6c3d5000 	C:\windows\system32\wshbth.dll
0x00007ffa7fd90000 - 0x00007ffa7fdad000 	C:\windows\system32\NLAapi.dll
0x00007ffa837d0000 - 0x00007ffa8380b000 	C:\windows\SYSTEM32\IPHLPAPI.DLL
0x00007ffa83810000 - 0x00007ffa838db000 	C:\windows\SYSTEM32\DNSAPI.dll
0x00007ffa861a0000 - 0x00007ffa861a8000 	C:\windows\System32\NSI.dll
0x00007ffa6c2d0000 - 0x00007ffa6c2e2000 	C:\windows\System32\winrnr.dll
0x00007ffa71f80000 - 0x00007ffa71f8a000 	C:\Windows\System32\rasadhlp.dll
0x00007ffa704b0000 - 0x00007ffa7052f000 	C:\windows\System32\fwpuclnt.dll
0x00007ffa84b30000 - 0x00007ffa84b57000 	C:\windows\System32\bcrypt.dll
0x00007ffa83cd0000 - 0x00007ffa83ce8000 	C:\windows\SYSTEM32\CRYPTSP.dll
0x00007ffa83460000 - 0x00007ffa83494000 	C:\windows\system32\rsaenh.dll
0x00007ffa842c0000 - 0x00007ffa842ee000 	C:\windows\SYSTEM32\USERENV.dll
0x00007ffa83cf0000 - 0x00007ffa83cfc000 	C:\windows\SYSTEM32\CRYPTBASE.dll
0x00007ffa79d20000 - 0x00007ffa79d37000 	C:\windows\SYSTEM32\dhcpcsvc6.DLL
0x00007ffa7c040000 - 0x00007ffa7c05d000 	C:\windows\SYSTEM32\dhcpcsvc.DLL

dbghelp: loaded successfully - version: 4.0.5 - missing functions: none
symbol engine: initialized successfully - sym options: 0x614 - pdb path: .;C:\Users\Aditya\Downloads\eclipse-jee-2021-03-R-win32-x86_64\eclipse\plugins\org.eclipse.justj.openjdk.hotspot.jre.full.win32.x86_64_15.0.2.v20210201-0955\jre\bin;C:\windows\SYSTEM32;C:\windows\WinSxS\amd64_microsoft.windows.common-controls_6595b64144ccf1df_6.0.19041.1110_none_60b5254171f9507e;C:\Users\Aditya\Downloads\eclipse-jee-2021-03-R-win32-x86_64\eclipse\plugins\org.eclipse.justj.openjdk.hotspot.jre.full.win32.x86_64_15.0.2.v20210201-0955\jre\bin\server

VM Arguments:
jvm_args: -Dfile.encoding=UTF-8 -XX:+ShowCodeDetailsInExceptionMessages 
java_command: com.ecommerce.springboot.SpringBootEcommerceApplication
java_class_path (initial): D:\Ecommerce-Project\backend\spring-boot-ecommerce\target\classes;C:\Users\Aditya\.m2\repository\org\springframework\boot\spring-boot-starter-data-jpa\2.6.4\spring-boot-starter-data-jpa-2.6.4.jar;C:\Users\Aditya\.m2\repository\org\springframework\boot\spring-boot-starter-aop\2.6.4\spring-boot-starter-aop-2.6.4.jar;C:\Users\Aditya\.m2\repository\org\springframework\spring-aop\5.3.16\spring-aop-5.3.16.jar;C:\Users\Aditya\.m2\repository\org\aspectj\aspectjweaver\1.9.7\aspectjweaver-1.9.7.jar;C:\Users\Aditya\.m2\repository\org\springframework\boot\spring-boot-starter-jdbc\2.6.4\spring-boot-starter-jdbc-2.6.4.jar;C:\Users\Aditya\.m2\repository\com\zaxxer\HikariCP\4.0.3\HikariCP-4.0.3.jar;C:\Users\Aditya\.m2\repository\org\springframework\spring-jdbc\5.3.16\spring-jdbc-5.3.16.jar;C:\Users\Aditya\.m2\repository\jakarta\transaction\jakarta.transaction-api\1.3.3\jakarta.transaction-api-1.3.3.jar;C:\Users\Aditya\.m2\repository\jakarta\persistence\jakarta.persistence-api\2.2.3\jakarta.persistence-api-2.2.3.jar;C:\Users\Aditya\.m2\repository\org\hibernate\hibernate-core\5.6.5.Final\hibernate-core-5.6.5.Final.jar;C:\Users\Aditya\.m2\repository\org\jboss\logging\jboss-logging\3.4.3.Final\jboss-logging-3.4.3.Final.jar;C:\Users\Aditya\.m2\repository\net\bytebuddy\byte-buddy\1.11.22\byte-buddy-1.11.22.jar;C:\Users\Aditya\.m2\repository\antlr\antlr\2.7.7\antlr-2.7.7.jar;C:\Users\Aditya\.m2\repository\org\jboss\jandex\2.4.2.Final\jandex-2.4.2.Final.jar;C:\Users\Aditya\.m2\repository\com\fasterxml\classmate\1.5.1\classmate-1.5.1.jar;C:\Users\Aditya\.m2\repository\org\hibernate\common\hibernate-commons-annotations\5.1.2.Final\hibernate-commons-annotations-5.1.2.Final.jar;C:\Users\Aditya\.m2\repository\org\glassfish\jaxb\jaxb-runtime\2.3.6\jaxb-runtime-2.3.6.jar;C:\Users\Aditya\.m2\repository\org\glassfish\jaxb\txw2\2.3.6\txw2-2.3.6.jar;C:\Users\Aditya\.m2\repository\com\sun\istack\istack-commons-runtime\3.0.12\istack-commons-runtime-3.0.12.jar;C:\Users\Adity
Launcher Type: SUN_STANDARD

[Global flags]
     intx CICompilerCount                          = 3                                         {product} {ergonomic}
     uint ConcGCThreads                            = 1                                         {product} {ergonomic}
     uint G1ConcRefinementThreads                  = 4                                         {product} {ergonomic}
   size_t G1HeapRegionSize                         = 1048576                                   {product} {ergonomic}
    uintx GCDrainStackTargetSize                   = 64                                        {product} {ergonomic}
   size_t InitialHeapSize                          = 58720256                                  {product} {ergonomic}
   size_t MarkStackSize                            = 4194304                                   {product} {ergonomic}
   size_t MaxHeapSize                              = 924844032                                 {product} {ergonomic}
   size_t MaxNewSize                               = 554696704                                 {product} {ergonomic}
   size_t MinHeapDeltaBytes                        = 1048576                                   {product} {ergonomic}
   size_t MinHeapSize                              = 8388608                                   {product} {ergonomic}
    uintx NonNMethodCodeHeapSize                   = 5832780                                {pd product} {ergonomic}
    uintx NonProfiledCodeHeapSize                  = 122912730                              {pd product} {ergonomic}
    uintx ProfiledCodeHeapSize                     = 122912730                              {pd product} {ergonomic}
    uintx ReservedCodeCacheSize                    = 251658240                              {pd product} {ergonomic}
     bool SegmentedCodeCache                       = true                                      {product} {ergonomic}
     bool ShowCodeDetailsInExceptionMessages       = true                                   {manageable} {command line}
   size_t SoftMaxHeapSize                          = 924844032                              {manageable} {ergonomic}
     bool UseCompressedClassPointers               = true                                 {lp64_product} {ergonomic}
     bool UseCompressedOops                        = true                                 {lp64_product} {ergonomic}
     bool UseG1GC                                  = true                                      {product} {ergonomic}
     bool UseLargePagesIndividualAllocation        = false                                  {pd product} {ergonomic}

Logging:
Log output configuration:
 #0: stdout all=warning uptime,level,tags
 #1: stderr all=off uptime,level,tags

Environment Variables:
JAVA_HOME=C:\Program Files\Java\jdk1.8.0_202
PATH=C:/Users/Aditya/Downloads/eclipse-jee-2021-03-R-win32-x86_64/eclipse//plugins/org.eclipse.justj.openjdk.hotspot.jre.full.win32.x86_64_15.0.2.v20210201-0955/jre/bin/server;C:/Users/Aditya/Downloads/eclipse-jee-2021-03-R-win32-x86_64/eclipse//plugins/org.eclipse.justj.openjdk.hotspot.jre.full.win32.x86_64_15.0.2.v20210201-0955/jre/bin;C:\Program Files (x86)\Common Files\Oracle\Java\javapath;C:\Python310\Scripts\;C:\Python310\;C:\Program Files\Common Files\Oracle\Java\javapath;C:\windows\System32\Wbem;C:\Program Files\Java\jdk-16.0.2\bin;C:\Program Files\MongoDB\Server\5.0\bin;C:\Program Files\Git\cmd;D:\Spring Files\apache-maven-3.8.4\bin;C:\Program Files\nodejs\;C:\ProgramData\chocolatey\bin;D:\API_SOAP\axis2-1.6.2\bin;C:\Program Files\Java\jdk1.8.0_202\bin;C:\Program Files\Java\jdk1.8.0_202\bin;C:\Users\Aditya\AppData\Local\Programs\mongosh\;C:\Users\Aditya\AppData\Local\Programs\Microsoft VS Code\bin;C:\Program Files\MySQL\MySQL Shell 8.0\bin;D:\Spring Files\apache-maven-3.8.4\bin;C:\Users\Aditya\AppData\Roaming\npm;C:\Users\Aditya\Downloads\eclipse-jee-2021-03-R-win32-x86_64\eclipse;
USERNAME=Aditya
OS=Windows_NT
PROCESSOR_IDENTIFIER=AMD64 Family 23 Model 24 Stepping 1, AuthenticAMD



---------------  S Y S T E M  ---------------

OS:
 Windows 10 , 64 bit Build 19041 (10.0.19041.1466)
OS uptime: 7 days 1:55 hours

CPU: total 4 (initial active 4) (4 cores per cpu, 2 threads per core) family 23 model 24 stepping 1 microcode 0x0, cmov, cx8, fxsr, mmx, sse, sse2, sse3, ssse3, sse4.1, sse4.2, popcnt, vzeroupper, avx, avx2, aes, clmul, 3dnowpref, lzcnt, sse4a, ht, tsc, tscinvbit, tscinv, bmi1, bmi2, adx, sha, fma, clflush, clflushopt

Memory: 4k page, system-wide physical 3526M (150M free)
TotalPageFile size 14278M (AvailPageFile size 6M)
current process WorkingSet (physical memory assigned to process): 180M, peak: 237M
current process commit charge ("private bytes"): 269M, peak: 291M

vm_info: OpenJDK 64-Bit Server VM (15.0.2+7-27) for windows-amd64 JRE (15.0.2+7-27), built on Dec  7 2020 20:02:38 by "mach5one" with unknown MS VC++:1925

END.
